[2023-06-16T16:04:38.877+0000] {processor.py:157} INFO - Started process (PID=50) to work on /home/airflow/.local/lib/python3.7/site-packages/airflow/example_dags/example_branch_operator.py
[2023-06-16T16:04:38.878+0000] {processor.py:826} INFO - Processing file /home/airflow/.local/lib/python3.7/site-packages/airflow/example_dags/example_branch_operator.py for tasks to queue
[2023-06-16T16:04:38.879+0000] {logging_mixin.py:149} INFO - [2023-06-16T16:04:38.879+0000] {dagbag.py:541} INFO - Filling up the DagBag from /home/airflow/.local/lib/python3.7/site-packages/airflow/example_dags/example_branch_operator.py
[2023-06-16T16:04:38.905+0000] {processor.py:836} INFO - DAG(s) dict_keys(['example_branch_operator']) retrieved from /home/airflow/.local/lib/python3.7/site-packages/airflow/example_dags/example_branch_operator.py
[2023-06-16T16:04:38.923+0000] {logging_mixin.py:149} INFO - [2023-06-16T16:04:38.922+0000] {dag.py:2726} INFO - Sync 1 DAGs
[2023-06-16T16:04:38.968+0000] {logging_mixin.py:149} INFO - [2023-06-16T16:04:38.967+0000] {dag.py:3490} INFO - Setting next_dagrun for example_branch_operator to 2023-06-15T00:00:00+00:00, run_after=2023-06-16T00:00:00+00:00
[2023-06-16T16:04:38.998+0000] {processor.py:179} INFO - Processing /home/airflow/.local/lib/python3.7/site-packages/airflow/example_dags/example_branch_operator.py took 0.125 seconds
[2023-06-16T16:05:09.762+0000] {processor.py:157} INFO - Started process (PID=111) to work on /home/airflow/.local/lib/python3.7/site-packages/airflow/example_dags/example_branch_operator.py
[2023-06-16T16:05:09.763+0000] {processor.py:826} INFO - Processing file /home/airflow/.local/lib/python3.7/site-packages/airflow/example_dags/example_branch_operator.py for tasks to queue
[2023-06-16T16:05:09.764+0000] {logging_mixin.py:149} INFO - [2023-06-16T16:05:09.764+0000] {dagbag.py:541} INFO - Filling up the DagBag from /home/airflow/.local/lib/python3.7/site-packages/airflow/example_dags/example_branch_operator.py
[2023-06-16T16:05:09.774+0000] {processor.py:836} INFO - DAG(s) dict_keys(['example_branch_operator']) retrieved from /home/airflow/.local/lib/python3.7/site-packages/airflow/example_dags/example_branch_operator.py
[2023-06-16T16:05:09.802+0000] {logging_mixin.py:149} INFO - [2023-06-16T16:05:09.802+0000] {dag.py:2726} INFO - Sync 1 DAGs
[2023-06-16T16:05:09.837+0000] {logging_mixin.py:149} INFO - [2023-06-16T16:05:09.837+0000] {dag.py:3490} INFO - Setting next_dagrun for example_branch_operator to 2023-06-15T00:00:00+00:00, run_after=2023-06-16T00:00:00+00:00
[2023-06-16T16:05:09.868+0000] {processor.py:179} INFO - Processing /home/airflow/.local/lib/python3.7/site-packages/airflow/example_dags/example_branch_operator.py took 0.110 seconds
[2023-06-16T16:05:40.798+0000] {processor.py:157} INFO - Started process (PID=176) to work on /home/airflow/.local/lib/python3.7/site-packages/airflow/example_dags/example_branch_operator.py
[2023-06-16T16:05:40.799+0000] {processor.py:826} INFO - Processing file /home/airflow/.local/lib/python3.7/site-packages/airflow/example_dags/example_branch_operator.py for tasks to queue
[2023-06-16T16:05:40.800+0000] {logging_mixin.py:149} INFO - [2023-06-16T16:05:40.800+0000] {dagbag.py:541} INFO - Filling up the DagBag from /home/airflow/.local/lib/python3.7/site-packages/airflow/example_dags/example_branch_operator.py
[2023-06-16T16:05:40.815+0000] {processor.py:836} INFO - DAG(s) dict_keys(['example_branch_operator']) retrieved from /home/airflow/.local/lib/python3.7/site-packages/airflow/example_dags/example_branch_operator.py
[2023-06-16T16:05:40.899+0000] {logging_mixin.py:149} INFO - [2023-06-16T16:05:40.898+0000] {dag.py:2726} INFO - Sync 1 DAGs
[2023-06-16T16:05:40.947+0000] {logging_mixin.py:149} INFO - [2023-06-16T16:05:40.946+0000] {dag.py:3490} INFO - Setting next_dagrun for example_branch_operator to 2023-06-15T00:00:00+00:00, run_after=2023-06-16T00:00:00+00:00
[2023-06-16T16:05:40.977+0000] {processor.py:179} INFO - Processing /home/airflow/.local/lib/python3.7/site-packages/airflow/example_dags/example_branch_operator.py took 0.182 seconds
