[2023-06-16T16:04:40.090+0000] {processor.py:157} INFO - Started process (PID=62) to work on /home/airflow/.local/lib/python3.7/site-packages/airflow/example_dags/example_short_circuit_operator.py
[2023-06-16T16:04:40.091+0000] {processor.py:826} INFO - Processing file /home/airflow/.local/lib/python3.7/site-packages/airflow/example_dags/example_short_circuit_operator.py for tasks to queue
[2023-06-16T16:04:40.092+0000] {logging_mixin.py:149} INFO - [2023-06-16T16:04:40.092+0000] {dagbag.py:541} INFO - Filling up the DagBag from /home/airflow/.local/lib/python3.7/site-packages/airflow/example_dags/example_short_circuit_operator.py
[2023-06-16T16:04:40.112+0000] {processor.py:836} INFO - DAG(s) dict_keys(['example_short_circuit_operator']) retrieved from /home/airflow/.local/lib/python3.7/site-packages/airflow/example_dags/example_short_circuit_operator.py
[2023-06-16T16:04:40.134+0000] {logging_mixin.py:149} INFO - [2023-06-16T16:04:40.134+0000] {dag.py:2726} INFO - Sync 1 DAGs
[2023-06-16T16:04:40.205+0000] {logging_mixin.py:149} INFO - [2023-06-16T16:04:40.204+0000] {dag.py:3490} INFO - Setting next_dagrun for example_short_circuit_operator to 2023-06-15T16:04:40.204382+00:00, run_after=2023-06-16T16:04:40.204382+00:00
[2023-06-16T16:04:40.293+0000] {processor.py:179} INFO - Processing /home/airflow/.local/lib/python3.7/site-packages/airflow/example_dags/example_short_circuit_operator.py took 0.210 seconds
[2023-06-16T16:05:10.798+0000] {processor.py:157} INFO - Started process (PID=123) to work on /home/airflow/.local/lib/python3.7/site-packages/airflow/example_dags/example_short_circuit_operator.py
[2023-06-16T16:05:10.799+0000] {processor.py:826} INFO - Processing file /home/airflow/.local/lib/python3.7/site-packages/airflow/example_dags/example_short_circuit_operator.py for tasks to queue
[2023-06-16T16:05:10.800+0000] {logging_mixin.py:149} INFO - [2023-06-16T16:05:10.800+0000] {dagbag.py:541} INFO - Filling up the DagBag from /home/airflow/.local/lib/python3.7/site-packages/airflow/example_dags/example_short_circuit_operator.py
[2023-06-16T16:05:10.808+0000] {processor.py:836} INFO - DAG(s) dict_keys(['example_short_circuit_operator']) retrieved from /home/airflow/.local/lib/python3.7/site-packages/airflow/example_dags/example_short_circuit_operator.py
[2023-06-16T16:05:10.849+0000] {logging_mixin.py:149} INFO - [2023-06-16T16:05:10.848+0000] {dag.py:2726} INFO - Sync 1 DAGs
[2023-06-16T16:05:10.890+0000] {logging_mixin.py:149} INFO - [2023-06-16T16:05:10.890+0000] {dag.py:3490} INFO - Setting next_dagrun for example_short_circuit_operator to 2023-06-15T16:05:10.890220+00:00, run_after=2023-06-16T16:05:10.890220+00:00
[2023-06-16T16:05:10.926+0000] {processor.py:179} INFO - Processing /home/airflow/.local/lib/python3.7/site-packages/airflow/example_dags/example_short_circuit_operator.py took 0.131 seconds
[2023-06-16T16:05:41.745+0000] {processor.py:157} INFO - Started process (PID=188) to work on /home/airflow/.local/lib/python3.7/site-packages/airflow/example_dags/example_short_circuit_operator.py
[2023-06-16T16:05:41.746+0000] {processor.py:826} INFO - Processing file /home/airflow/.local/lib/python3.7/site-packages/airflow/example_dags/example_short_circuit_operator.py for tasks to queue
[2023-06-16T16:05:41.746+0000] {logging_mixin.py:149} INFO - [2023-06-16T16:05:41.746+0000] {dagbag.py:541} INFO - Filling up the DagBag from /home/airflow/.local/lib/python3.7/site-packages/airflow/example_dags/example_short_circuit_operator.py
[2023-06-16T16:05:41.757+0000] {processor.py:836} INFO - DAG(s) dict_keys(['example_short_circuit_operator']) retrieved from /home/airflow/.local/lib/python3.7/site-packages/airflow/example_dags/example_short_circuit_operator.py
[2023-06-16T16:05:41.795+0000] {logging_mixin.py:149} INFO - [2023-06-16T16:05:41.794+0000] {dag.py:2726} INFO - Sync 1 DAGs
[2023-06-16T16:05:41.831+0000] {logging_mixin.py:149} INFO - [2023-06-16T16:05:41.830+0000] {dag.py:3490} INFO - Setting next_dagrun for example_short_circuit_operator to 2023-06-15T16:05:41.830636+00:00, run_after=2023-06-16T16:05:41.830636+00:00
[2023-06-16T16:05:41.862+0000] {processor.py:179} INFO - Processing /home/airflow/.local/lib/python3.7/site-packages/airflow/example_dags/example_short_circuit_operator.py took 0.121 seconds
