[2023-06-16T16:04:39.701+0000] {processor.py:157} INFO - Started process (PID=59) to work on /home/airflow/.local/lib/python3.7/site-packages/airflow/example_dags/example_sla_dag.py
[2023-06-16T16:04:39.702+0000] {processor.py:826} INFO - Processing file /home/airflow/.local/lib/python3.7/site-packages/airflow/example_dags/example_sla_dag.py for tasks to queue
[2023-06-16T16:04:39.703+0000] {logging_mixin.py:149} INFO - [2023-06-16T16:04:39.703+0000] {dagbag.py:541} INFO - Filling up the DagBag from /home/airflow/.local/lib/python3.7/site-packages/airflow/example_dags/example_sla_dag.py
[2023-06-16T16:04:39.723+0000] {processor.py:836} INFO - DAG(s) dict_keys(['example_sla_dag']) retrieved from /home/airflow/.local/lib/python3.7/site-packages/airflow/example_dags/example_sla_dag.py
[2023-06-16T16:04:39.745+0000] {logging_mixin.py:149} INFO - [2023-06-16T16:04:39.744+0000] {dag.py:2726} INFO - Sync 1 DAGs
[2023-06-16T16:04:39.803+0000] {logging_mixin.py:149} INFO - [2023-06-16T16:04:39.803+0000] {dag.py:3490} INFO - Setting next_dagrun for example_sla_dag to 2023-06-16T16:02:00+00:00, run_after=2023-06-16T16:04:00+00:00
[2023-06-16T16:04:39.844+0000] {processor.py:179} INFO - Processing /home/airflow/.local/lib/python3.7/site-packages/airflow/example_dags/example_sla_dag.py took 0.148 seconds
[2023-06-16T16:05:10.556+0000] {processor.py:157} INFO - Started process (PID=120) to work on /home/airflow/.local/lib/python3.7/site-packages/airflow/example_dags/example_sla_dag.py
[2023-06-16T16:05:10.557+0000] {processor.py:826} INFO - Processing file /home/airflow/.local/lib/python3.7/site-packages/airflow/example_dags/example_sla_dag.py for tasks to queue
[2023-06-16T16:05:10.558+0000] {logging_mixin.py:149} INFO - [2023-06-16T16:05:10.558+0000] {dagbag.py:541} INFO - Filling up the DagBag from /home/airflow/.local/lib/python3.7/site-packages/airflow/example_dags/example_sla_dag.py
[2023-06-16T16:05:10.567+0000] {processor.py:836} INFO - DAG(s) dict_keys(['example_sla_dag']) retrieved from /home/airflow/.local/lib/python3.7/site-packages/airflow/example_dags/example_sla_dag.py
[2023-06-16T16:05:10.608+0000] {logging_mixin.py:149} INFO - [2023-06-16T16:05:10.607+0000] {dag.py:2726} INFO - Sync 1 DAGs
[2023-06-16T16:05:10.671+0000] {logging_mixin.py:149} INFO - [2023-06-16T16:05:10.671+0000] {dag.py:3490} INFO - Setting next_dagrun for example_sla_dag to 2023-06-16T16:02:00+00:00, run_after=2023-06-16T16:04:00+00:00
[2023-06-16T16:05:10.700+0000] {processor.py:179} INFO - Processing /home/airflow/.local/lib/python3.7/site-packages/airflow/example_dags/example_sla_dag.py took 0.148 seconds
[2023-06-16T16:05:41.495+0000] {processor.py:157} INFO - Started process (PID=185) to work on /home/airflow/.local/lib/python3.7/site-packages/airflow/example_dags/example_sla_dag.py
[2023-06-16T16:05:41.496+0000] {processor.py:826} INFO - Processing file /home/airflow/.local/lib/python3.7/site-packages/airflow/example_dags/example_sla_dag.py for tasks to queue
[2023-06-16T16:05:41.496+0000] {logging_mixin.py:149} INFO - [2023-06-16T16:05:41.496+0000] {dagbag.py:541} INFO - Filling up the DagBag from /home/airflow/.local/lib/python3.7/site-packages/airflow/example_dags/example_sla_dag.py
[2023-06-16T16:05:41.504+0000] {processor.py:836} INFO - DAG(s) dict_keys(['example_sla_dag']) retrieved from /home/airflow/.local/lib/python3.7/site-packages/airflow/example_dags/example_sla_dag.py
[2023-06-16T16:05:41.530+0000] {logging_mixin.py:149} INFO - [2023-06-16T16:05:41.529+0000] {dag.py:2726} INFO - Sync 1 DAGs
[2023-06-16T16:05:41.564+0000] {logging_mixin.py:149} INFO - [2023-06-16T16:05:41.564+0000] {dag.py:3490} INFO - Setting next_dagrun for example_sla_dag to 2023-06-16T16:02:00+00:00, run_after=2023-06-16T16:04:00+00:00
[2023-06-16T16:05:41.586+0000] {processor.py:179} INFO - Processing /home/airflow/.local/lib/python3.7/site-packages/airflow/example_dags/example_sla_dag.py took 0.096 seconds
