[2023-06-16T16:04:39.333+0000] {processor.py:157} INFO - Started process (PID=56) to work on /home/airflow/.local/lib/python3.7/site-packages/airflow/example_dags/example_branch_python_dop_operator_3.py
[2023-06-16T16:04:39.333+0000] {processor.py:826} INFO - Processing file /home/airflow/.local/lib/python3.7/site-packages/airflow/example_dags/example_branch_python_dop_operator_3.py for tasks to queue
[2023-06-16T16:04:39.334+0000] {logging_mixin.py:149} INFO - [2023-06-16T16:04:39.334+0000] {dagbag.py:541} INFO - Filling up the DagBag from /home/airflow/.local/lib/python3.7/site-packages/airflow/example_dags/example_branch_python_dop_operator_3.py
[2023-06-16T16:04:39.351+0000] {processor.py:836} INFO - DAG(s) dict_keys(['example_branch_dop_operator_v3']) retrieved from /home/airflow/.local/lib/python3.7/site-packages/airflow/example_dags/example_branch_python_dop_operator_3.py
[2023-06-16T16:04:39.367+0000] {logging_mixin.py:149} INFO - [2023-06-16T16:04:39.367+0000] {dag.py:2726} INFO - Sync 1 DAGs
[2023-06-16T16:04:39.420+0000] {logging_mixin.py:149} INFO - [2023-06-16T16:04:39.419+0000] {dag.py:3490} INFO - Setting next_dagrun for example_branch_dop_operator_v3 to 2023-06-16T16:03:00+00:00, run_after=2023-06-16T16:04:00+00:00
[2023-06-16T16:04:39.459+0000] {processor.py:179} INFO - Processing /home/airflow/.local/lib/python3.7/site-packages/airflow/example_dags/example_branch_python_dop_operator_3.py took 0.130 seconds
[2023-06-16T16:05:10.292+0000] {processor.py:157} INFO - Started process (PID=117) to work on /home/airflow/.local/lib/python3.7/site-packages/airflow/example_dags/example_branch_python_dop_operator_3.py
[2023-06-16T16:05:10.293+0000] {processor.py:826} INFO - Processing file /home/airflow/.local/lib/python3.7/site-packages/airflow/example_dags/example_branch_python_dop_operator_3.py for tasks to queue
[2023-06-16T16:05:10.294+0000] {logging_mixin.py:149} INFO - [2023-06-16T16:05:10.294+0000] {dagbag.py:541} INFO - Filling up the DagBag from /home/airflow/.local/lib/python3.7/site-packages/airflow/example_dags/example_branch_python_dop_operator_3.py
[2023-06-16T16:05:10.311+0000] {processor.py:836} INFO - DAG(s) dict_keys(['example_branch_dop_operator_v3']) retrieved from /home/airflow/.local/lib/python3.7/site-packages/airflow/example_dags/example_branch_python_dop_operator_3.py
[2023-06-16T16:05:10.353+0000] {logging_mixin.py:149} INFO - [2023-06-16T16:05:10.353+0000] {dag.py:2726} INFO - Sync 1 DAGs
[2023-06-16T16:05:10.414+0000] {logging_mixin.py:149} INFO - [2023-06-16T16:05:10.414+0000] {dag.py:3490} INFO - Setting next_dagrun for example_branch_dop_operator_v3 to 2023-06-16T16:04:00+00:00, run_after=2023-06-16T16:05:00+00:00
[2023-06-16T16:05:10.445+0000] {processor.py:179} INFO - Processing /home/airflow/.local/lib/python3.7/site-packages/airflow/example_dags/example_branch_python_dop_operator_3.py took 0.156 seconds
[2023-06-16T16:05:41.340+0000] {processor.py:157} INFO - Started process (PID=182) to work on /home/airflow/.local/lib/python3.7/site-packages/airflow/example_dags/example_branch_python_dop_operator_3.py
[2023-06-16T16:05:41.341+0000] {processor.py:826} INFO - Processing file /home/airflow/.local/lib/python3.7/site-packages/airflow/example_dags/example_branch_python_dop_operator_3.py for tasks to queue
[2023-06-16T16:05:41.341+0000] {logging_mixin.py:149} INFO - [2023-06-16T16:05:41.341+0000] {dagbag.py:541} INFO - Filling up the DagBag from /home/airflow/.local/lib/python3.7/site-packages/airflow/example_dags/example_branch_python_dop_operator_3.py
[2023-06-16T16:05:41.349+0000] {processor.py:836} INFO - DAG(s) dict_keys(['example_branch_dop_operator_v3']) retrieved from /home/airflow/.local/lib/python3.7/site-packages/airflow/example_dags/example_branch_python_dop_operator_3.py
[2023-06-16T16:05:41.378+0000] {logging_mixin.py:149} INFO - [2023-06-16T16:05:41.377+0000] {dag.py:2726} INFO - Sync 1 DAGs
[2023-06-16T16:05:41.417+0000] {logging_mixin.py:149} INFO - [2023-06-16T16:05:41.417+0000] {dag.py:3490} INFO - Setting next_dagrun for example_branch_dop_operator_v3 to 2023-06-16T16:04:00+00:00, run_after=2023-06-16T16:05:00+00:00
[2023-06-16T16:05:41.443+0000] {processor.py:179} INFO - Processing /home/airflow/.local/lib/python3.7/site-packages/airflow/example_dags/example_branch_python_dop_operator_3.py took 0.106 seconds
