[2023-06-16T16:04:39.025+0000] {processor.py:157} INFO - Started process (PID=52) to work on /home/airflow/.local/lib/python3.7/site-packages/airflow/example_dags/example_skip_dag.py
[2023-06-16T16:04:39.026+0000] {processor.py:826} INFO - Processing file /home/airflow/.local/lib/python3.7/site-packages/airflow/example_dags/example_skip_dag.py for tasks to queue
[2023-06-16T16:04:39.027+0000] {logging_mixin.py:149} INFO - [2023-06-16T16:04:39.027+0000] {dagbag.py:541} INFO - Filling up the DagBag from /home/airflow/.local/lib/python3.7/site-packages/airflow/example_dags/example_skip_dag.py
[2023-06-16T16:04:39.038+0000] {processor.py:836} INFO - DAG(s) dict_keys(['example_skip_dag']) retrieved from /home/airflow/.local/lib/python3.7/site-packages/airflow/example_dags/example_skip_dag.py
[2023-06-16T16:04:39.054+0000] {logging_mixin.py:149} INFO - [2023-06-16T16:04:39.054+0000] {dag.py:2726} INFO - Sync 1 DAGs
[2023-06-16T16:04:39.100+0000] {logging_mixin.py:149} INFO - [2023-06-16T16:04:39.100+0000] {dag.py:3490} INFO - Setting next_dagrun for example_skip_dag to 2023-06-15T16:04:39.100000+00:00, run_after=2023-06-16T16:04:39.100000+00:00
[2023-06-16T16:04:39.138+0000] {processor.py:179} INFO - Processing /home/airflow/.local/lib/python3.7/site-packages/airflow/example_dags/example_skip_dag.py took 0.116 seconds
[2023-06-16T16:05:09.892+0000] {processor.py:157} INFO - Started process (PID=113) to work on /home/airflow/.local/lib/python3.7/site-packages/airflow/example_dags/example_skip_dag.py
[2023-06-16T16:05:09.893+0000] {processor.py:826} INFO - Processing file /home/airflow/.local/lib/python3.7/site-packages/airflow/example_dags/example_skip_dag.py for tasks to queue
[2023-06-16T16:05:09.894+0000] {logging_mixin.py:149} INFO - [2023-06-16T16:05:09.893+0000] {dagbag.py:541} INFO - Filling up the DagBag from /home/airflow/.local/lib/python3.7/site-packages/airflow/example_dags/example_skip_dag.py
[2023-06-16T16:05:09.904+0000] {processor.py:836} INFO - DAG(s) dict_keys(['example_skip_dag']) retrieved from /home/airflow/.local/lib/python3.7/site-packages/airflow/example_dags/example_skip_dag.py
[2023-06-16T16:05:09.932+0000] {logging_mixin.py:149} INFO - [2023-06-16T16:05:09.932+0000] {dag.py:2726} INFO - Sync 1 DAGs
[2023-06-16T16:05:09.966+0000] {logging_mixin.py:149} INFO - [2023-06-16T16:05:09.966+0000] {dag.py:3490} INFO - Setting next_dagrun for example_skip_dag to 2023-06-15T16:05:09.965991+00:00, run_after=2023-06-16T16:05:09.965991+00:00
[2023-06-16T16:05:09.999+0000] {processor.py:179} INFO - Processing /home/airflow/.local/lib/python3.7/site-packages/airflow/example_dags/example_skip_dag.py took 0.109 seconds
[2023-06-16T16:05:41.006+0000] {processor.py:157} INFO - Started process (PID=178) to work on /home/airflow/.local/lib/python3.7/site-packages/airflow/example_dags/example_skip_dag.py
[2023-06-16T16:05:41.008+0000] {processor.py:826} INFO - Processing file /home/airflow/.local/lib/python3.7/site-packages/airflow/example_dags/example_skip_dag.py for tasks to queue
[2023-06-16T16:05:41.009+0000] {logging_mixin.py:149} INFO - [2023-06-16T16:05:41.009+0000] {dagbag.py:541} INFO - Filling up the DagBag from /home/airflow/.local/lib/python3.7/site-packages/airflow/example_dags/example_skip_dag.py
[2023-06-16T16:05:41.020+0000] {processor.py:836} INFO - DAG(s) dict_keys(['example_skip_dag']) retrieved from /home/airflow/.local/lib/python3.7/site-packages/airflow/example_dags/example_skip_dag.py
[2023-06-16T16:05:41.051+0000] {logging_mixin.py:149} INFO - [2023-06-16T16:05:41.051+0000] {dag.py:2726} INFO - Sync 1 DAGs
[2023-06-16T16:05:41.094+0000] {logging_mixin.py:149} INFO - [2023-06-16T16:05:41.093+0000] {dag.py:3490} INFO - Setting next_dagrun for example_skip_dag to 2023-06-15T16:05:41.093101+00:00, run_after=2023-06-16T16:05:41.093101+00:00
[2023-06-16T16:05:41.121+0000] {processor.py:179} INFO - Processing /home/airflow/.local/lib/python3.7/site-packages/airflow/example_dags/example_skip_dag.py took 0.118 seconds
