[2023-06-16T16:04:37.525+0000] {processor.py:157} INFO - Started process (PID=39) to work on /home/airflow/.local/lib/python3.7/site-packages/airflow/example_dags/example_task_group_decorator.py
[2023-06-16T16:04:37.526+0000] {processor.py:826} INFO - Processing file /home/airflow/.local/lib/python3.7/site-packages/airflow/example_dags/example_task_group_decorator.py for tasks to queue
[2023-06-16T16:04:37.527+0000] {logging_mixin.py:149} INFO - [2023-06-16T16:04:37.527+0000] {dagbag.py:541} INFO - Filling up the DagBag from /home/airflow/.local/lib/python3.7/site-packages/airflow/example_dags/example_task_group_decorator.py
[2023-06-16T16:04:37.547+0000] {processor.py:836} INFO - DAG(s) dict_keys(['example_task_group_decorator']) retrieved from /home/airflow/.local/lib/python3.7/site-packages/airflow/example_dags/example_task_group_decorator.py
[2023-06-16T16:04:37.564+0000] {logging_mixin.py:149} INFO - [2023-06-16T16:04:37.563+0000] {dag.py:2726} INFO - Sync 1 DAGs
[2023-06-16T16:04:37.606+0000] {logging_mixin.py:149} INFO - [2023-06-16T16:04:37.605+0000] {dag.py:3490} INFO - Setting next_dagrun for example_task_group_decorator to 2023-06-15T16:04:37.605645+00:00, run_after=2023-06-16T16:04:37.605645+00:00
[2023-06-16T16:04:37.644+0000] {processor.py:179} INFO - Processing /home/airflow/.local/lib/python3.7/site-packages/airflow/example_dags/example_task_group_decorator.py took 0.124 seconds
[2023-06-16T16:05:07.837+0000] {processor.py:157} INFO - Started process (PID=99) to work on /home/airflow/.local/lib/python3.7/site-packages/airflow/example_dags/example_task_group_decorator.py
[2023-06-16T16:05:07.838+0000] {processor.py:826} INFO - Processing file /home/airflow/.local/lib/python3.7/site-packages/airflow/example_dags/example_task_group_decorator.py for tasks to queue
[2023-06-16T16:05:07.838+0000] {logging_mixin.py:149} INFO - [2023-06-16T16:05:07.838+0000] {dagbag.py:541} INFO - Filling up the DagBag from /home/airflow/.local/lib/python3.7/site-packages/airflow/example_dags/example_task_group_decorator.py
[2023-06-16T16:05:07.866+0000] {processor.py:836} INFO - DAG(s) dict_keys(['example_task_group_decorator']) retrieved from /home/airflow/.local/lib/python3.7/site-packages/airflow/example_dags/example_task_group_decorator.py
[2023-06-16T16:05:07.904+0000] {logging_mixin.py:149} INFO - [2023-06-16T16:05:07.904+0000] {dag.py:2726} INFO - Sync 1 DAGs
[2023-06-16T16:05:07.942+0000] {logging_mixin.py:149} INFO - [2023-06-16T16:05:07.942+0000] {dag.py:3490} INFO - Setting next_dagrun for example_task_group_decorator to 2023-06-15T16:05:07.941939+00:00, run_after=2023-06-16T16:05:07.941939+00:00
[2023-06-16T16:05:07.969+0000] {processor.py:179} INFO - Processing /home/airflow/.local/lib/python3.7/site-packages/airflow/example_dags/example_task_group_decorator.py took 0.135 seconds
[2023-06-16T16:05:38.826+0000] {processor.py:157} INFO - Started process (PID=164) to work on /home/airflow/.local/lib/python3.7/site-packages/airflow/example_dags/example_task_group_decorator.py
[2023-06-16T16:05:38.827+0000] {processor.py:826} INFO - Processing file /home/airflow/.local/lib/python3.7/site-packages/airflow/example_dags/example_task_group_decorator.py for tasks to queue
[2023-06-16T16:05:38.829+0000] {logging_mixin.py:149} INFO - [2023-06-16T16:05:38.828+0000] {dagbag.py:541} INFO - Filling up the DagBag from /home/airflow/.local/lib/python3.7/site-packages/airflow/example_dags/example_task_group_decorator.py
[2023-06-16T16:05:38.850+0000] {processor.py:836} INFO - DAG(s) dict_keys(['example_task_group_decorator']) retrieved from /home/airflow/.local/lib/python3.7/site-packages/airflow/example_dags/example_task_group_decorator.py
[2023-06-16T16:05:38.888+0000] {logging_mixin.py:149} INFO - [2023-06-16T16:05:38.888+0000] {dag.py:2726} INFO - Sync 1 DAGs
[2023-06-16T16:05:38.926+0000] {logging_mixin.py:149} INFO - [2023-06-16T16:05:38.926+0000] {dag.py:3490} INFO - Setting next_dagrun for example_task_group_decorator to 2023-06-15T16:05:38.925800+00:00, run_after=2023-06-16T16:05:38.925800+00:00
[2023-06-16T16:05:38.951+0000] {processor.py:179} INFO - Processing /home/airflow/.local/lib/python3.7/site-packages/airflow/example_dags/example_task_group_decorator.py took 0.128 seconds
