[2023-06-16T16:04:38.763+0000] {processor.py:157} INFO - Started process (PID=49) to work on /home/airflow/.local/lib/python3.7/site-packages/airflow/example_dags/example_nested_branch_dag.py
[2023-06-16T16:04:38.764+0000] {processor.py:826} INFO - Processing file /home/airflow/.local/lib/python3.7/site-packages/airflow/example_dags/example_nested_branch_dag.py for tasks to queue
[2023-06-16T16:04:38.764+0000] {logging_mixin.py:149} INFO - [2023-06-16T16:04:38.764+0000] {dagbag.py:541} INFO - Filling up the DagBag from /home/airflow/.local/lib/python3.7/site-packages/airflow/example_dags/example_nested_branch_dag.py
[2023-06-16T16:04:38.780+0000] {processor.py:836} INFO - DAG(s) dict_keys(['example_nested_branch_dag']) retrieved from /home/airflow/.local/lib/python3.7/site-packages/airflow/example_dags/example_nested_branch_dag.py
[2023-06-16T16:04:38.801+0000] {logging_mixin.py:149} INFO - [2023-06-16T16:04:38.800+0000] {dag.py:2726} INFO - Sync 1 DAGs
[2023-06-16T16:04:38.847+0000] {logging_mixin.py:149} INFO - [2023-06-16T16:04:38.847+0000] {dag.py:3490} INFO - Setting next_dagrun for example_nested_branch_dag to 2023-06-15T00:00:00+00:00, run_after=2023-06-16T00:00:00+00:00
[2023-06-16T16:04:38.880+0000] {processor.py:179} INFO - Processing /home/airflow/.local/lib/python3.7/site-packages/airflow/example_dags/example_nested_branch_dag.py took 0.121 seconds
[2023-06-16T16:05:09.739+0000] {processor.py:157} INFO - Started process (PID=110) to work on /home/airflow/.local/lib/python3.7/site-packages/airflow/example_dags/example_nested_branch_dag.py
[2023-06-16T16:05:09.740+0000] {processor.py:826} INFO - Processing file /home/airflow/.local/lib/python3.7/site-packages/airflow/example_dags/example_nested_branch_dag.py for tasks to queue
[2023-06-16T16:05:09.741+0000] {logging_mixin.py:149} INFO - [2023-06-16T16:05:09.741+0000] {dagbag.py:541} INFO - Filling up the DagBag from /home/airflow/.local/lib/python3.7/site-packages/airflow/example_dags/example_nested_branch_dag.py
[2023-06-16T16:05:09.757+0000] {processor.py:836} INFO - DAG(s) dict_keys(['example_nested_branch_dag']) retrieved from /home/airflow/.local/lib/python3.7/site-packages/airflow/example_dags/example_nested_branch_dag.py
[2023-06-16T16:05:09.785+0000] {logging_mixin.py:149} INFO - [2023-06-16T16:05:09.785+0000] {dag.py:2726} INFO - Sync 1 DAGs
[2023-06-16T16:05:09.816+0000] {logging_mixin.py:149} INFO - [2023-06-16T16:05:09.815+0000] {dag.py:3490} INFO - Setting next_dagrun for example_nested_branch_dag to 2023-06-15T00:00:00+00:00, run_after=2023-06-16T00:00:00+00:00
[2023-06-16T16:05:09.839+0000] {processor.py:179} INFO - Processing /home/airflow/.local/lib/python3.7/site-packages/airflow/example_dags/example_nested_branch_dag.py took 0.104 seconds
[2023-06-16T16:05:40.763+0000] {processor.py:157} INFO - Started process (PID=175) to work on /home/airflow/.local/lib/python3.7/site-packages/airflow/example_dags/example_nested_branch_dag.py
[2023-06-16T16:05:40.764+0000] {processor.py:826} INFO - Processing file /home/airflow/.local/lib/python3.7/site-packages/airflow/example_dags/example_nested_branch_dag.py for tasks to queue
[2023-06-16T16:05:40.765+0000] {logging_mixin.py:149} INFO - [2023-06-16T16:05:40.764+0000] {dagbag.py:541} INFO - Filling up the DagBag from /home/airflow/.local/lib/python3.7/site-packages/airflow/example_dags/example_nested_branch_dag.py
[2023-06-16T16:05:40.776+0000] {processor.py:836} INFO - DAG(s) dict_keys(['example_nested_branch_dag']) retrieved from /home/airflow/.local/lib/python3.7/site-packages/airflow/example_dags/example_nested_branch_dag.py
[2023-06-16T16:05:40.819+0000] {logging_mixin.py:149} INFO - [2023-06-16T16:05:40.818+0000] {dag.py:2726} INFO - Sync 1 DAGs
[2023-06-16T16:05:40.891+0000] {logging_mixin.py:149} INFO - [2023-06-16T16:05:40.891+0000] {dag.py:3490} INFO - Setting next_dagrun for example_nested_branch_dag to 2023-06-15T00:00:00+00:00, run_after=2023-06-16T00:00:00+00:00
[2023-06-16T16:05:40.928+0000] {processor.py:179} INFO - Processing /home/airflow/.local/lib/python3.7/site-packages/airflow/example_dags/example_nested_branch_dag.py took 0.168 seconds
