[2023-06-16T16:04:38.321+0000] {processor.py:157} INFO - Started process (PID=44) to work on /home/airflow/.local/lib/python3.7/site-packages/airflow/example_dags/example_latest_only_with_trigger.py
[2023-06-16T16:04:38.323+0000] {processor.py:826} INFO - Processing file /home/airflow/.local/lib/python3.7/site-packages/airflow/example_dags/example_latest_only_with_trigger.py for tasks to queue
[2023-06-16T16:04:38.324+0000] {logging_mixin.py:149} INFO - [2023-06-16T16:04:38.324+0000] {dagbag.py:541} INFO - Filling up the DagBag from /home/airflow/.local/lib/python3.7/site-packages/airflow/example_dags/example_latest_only_with_trigger.py
[2023-06-16T16:04:38.337+0000] {processor.py:836} INFO - DAG(s) dict_keys(['latest_only_with_trigger']) retrieved from /home/airflow/.local/lib/python3.7/site-packages/airflow/example_dags/example_latest_only_with_trigger.py
[2023-06-16T16:04:38.383+0000] {logging_mixin.py:149} INFO - [2023-06-16T16:04:38.383+0000] {dag.py:2726} INFO - Sync 1 DAGs
[2023-06-16T16:04:38.439+0000] {logging_mixin.py:149} INFO - [2023-06-16T16:04:38.438+0000] {dag.py:3490} INFO - Setting next_dagrun for latest_only_with_trigger to 2023-06-16T12:04:38.438421+00:00, run_after=2023-06-16T16:04:38.438421+00:00
[2023-06-16T16:04:38.468+0000] {processor.py:179} INFO - Processing /home/airflow/.local/lib/python3.7/site-packages/airflow/example_dags/example_latest_only_with_trigger.py took 0.154 seconds
[2023-06-16T16:05:09.357+0000] {processor.py:157} INFO - Started process (PID=105) to work on /home/airflow/.local/lib/python3.7/site-packages/airflow/example_dags/example_latest_only_with_trigger.py
[2023-06-16T16:05:09.358+0000] {processor.py:826} INFO - Processing file /home/airflow/.local/lib/python3.7/site-packages/airflow/example_dags/example_latest_only_with_trigger.py for tasks to queue
[2023-06-16T16:05:09.359+0000] {logging_mixin.py:149} INFO - [2023-06-16T16:05:09.358+0000] {dagbag.py:541} INFO - Filling up the DagBag from /home/airflow/.local/lib/python3.7/site-packages/airflow/example_dags/example_latest_only_with_trigger.py
[2023-06-16T16:05:09.364+0000] {processor.py:836} INFO - DAG(s) dict_keys(['latest_only_with_trigger']) retrieved from /home/airflow/.local/lib/python3.7/site-packages/airflow/example_dags/example_latest_only_with_trigger.py
[2023-06-16T16:05:09.388+0000] {logging_mixin.py:149} INFO - [2023-06-16T16:05:09.388+0000] {dag.py:2726} INFO - Sync 1 DAGs
[2023-06-16T16:05:09.423+0000] {logging_mixin.py:149} INFO - [2023-06-16T16:05:09.423+0000] {dag.py:3490} INFO - Setting next_dagrun for latest_only_with_trigger to 2023-06-16T12:05:09.422724+00:00, run_after=2023-06-16T16:05:09.422724+00:00
[2023-06-16T16:05:09.448+0000] {processor.py:179} INFO - Processing /home/airflow/.local/lib/python3.7/site-packages/airflow/example_dags/example_latest_only_with_trigger.py took 0.094 seconds
[2023-06-16T16:05:40.343+0000] {processor.py:157} INFO - Started process (PID=170) to work on /home/airflow/.local/lib/python3.7/site-packages/airflow/example_dags/example_latest_only_with_trigger.py
[2023-06-16T16:05:40.344+0000] {processor.py:826} INFO - Processing file /home/airflow/.local/lib/python3.7/site-packages/airflow/example_dags/example_latest_only_with_trigger.py for tasks to queue
[2023-06-16T16:05:40.345+0000] {logging_mixin.py:149} INFO - [2023-06-16T16:05:40.345+0000] {dagbag.py:541} INFO - Filling up the DagBag from /home/airflow/.local/lib/python3.7/site-packages/airflow/example_dags/example_latest_only_with_trigger.py
[2023-06-16T16:05:40.354+0000] {processor.py:836} INFO - DAG(s) dict_keys(['latest_only_with_trigger']) retrieved from /home/airflow/.local/lib/python3.7/site-packages/airflow/example_dags/example_latest_only_with_trigger.py
[2023-06-16T16:05:40.382+0000] {logging_mixin.py:149} INFO - [2023-06-16T16:05:40.382+0000] {dag.py:2726} INFO - Sync 1 DAGs
[2023-06-16T16:05:40.415+0000] {logging_mixin.py:149} INFO - [2023-06-16T16:05:40.415+0000] {dag.py:3490} INFO - Setting next_dagrun for latest_only_with_trigger to 2023-06-16T12:05:40.415456+00:00, run_after=2023-06-16T16:05:40.415456+00:00
[2023-06-16T16:05:40.448+0000] {processor.py:179} INFO - Processing /home/airflow/.local/lib/python3.7/site-packages/airflow/example_dags/example_latest_only_with_trigger.py took 0.110 seconds
