[2023-06-16T16:04:37.958+0000] {processor.py:157} INFO - Started process (PID=42) to work on /home/airflow/.local/lib/python3.7/site-packages/airflow/example_dags/example_python_operator.py
[2023-06-16T16:04:37.959+0000] {processor.py:826} INFO - Processing file /home/airflow/.local/lib/python3.7/site-packages/airflow/example_dags/example_python_operator.py for tasks to queue
[2023-06-16T16:04:37.960+0000] {logging_mixin.py:149} INFO - [2023-06-16T16:04:37.960+0000] {dagbag.py:541} INFO - Filling up the DagBag from /home/airflow/.local/lib/python3.7/site-packages/airflow/example_dags/example_python_operator.py
[2023-06-16T16:04:37.972+0000] {logging_mixin.py:149} INFO - [2023-06-16T16:04:37.971+0000] {taskmixin.py:211} WARNING - Dependency <Task(_PythonDecoratedOperator): print_the_context>, log_sql_query already registered for DAG: example_python_operator
[2023-06-16T16:04:37.972+0000] {logging_mixin.py:149} INFO - [2023-06-16T16:04:37.972+0000] {taskmixin.py:211} WARNING - Dependency <Task(_PythonDecoratedOperator): log_sql_query>, print_the_context already registered for DAG: example_python_operator
[2023-06-16T16:04:37.973+0000] {logging_mixin.py:149} INFO - [2023-06-16T16:04:37.973+0000] {taskmixin.py:211} WARNING - Dependency <Task(_PythonDecoratedOperator): print_the_context>, log_sql_query already registered for DAG: example_python_operator
[2023-06-16T16:04:37.973+0000] {logging_mixin.py:149} INFO - [2023-06-16T16:04:37.973+0000] {taskmixin.py:211} WARNING - Dependency <Task(_PythonDecoratedOperator): log_sql_query>, print_the_context already registered for DAG: example_python_operator
[2023-06-16T16:04:37.974+0000] {logging_mixin.py:149} INFO - [2023-06-16T16:04:37.974+0000] {taskmixin.py:211} WARNING - Dependency <Task(_PythonDecoratedOperator): print_the_context>, log_sql_query already registered for DAG: example_python_operator
[2023-06-16T16:04:37.975+0000] {logging_mixin.py:149} INFO - [2023-06-16T16:04:37.975+0000] {taskmixin.py:211} WARNING - Dependency <Task(_PythonDecoratedOperator): log_sql_query>, print_the_context already registered for DAG: example_python_operator
[2023-06-16T16:04:37.976+0000] {logging_mixin.py:149} INFO - [2023-06-16T16:04:37.976+0000] {taskmixin.py:211} WARNING - Dependency <Task(_PythonDecoratedOperator): print_the_context>, log_sql_query already registered for DAG: example_python_operator
[2023-06-16T16:04:37.976+0000] {logging_mixin.py:149} INFO - [2023-06-16T16:04:37.976+0000] {taskmixin.py:211} WARNING - Dependency <Task(_PythonDecoratedOperator): log_sql_query>, print_the_context already registered for DAG: example_python_operator
[2023-06-16T16:04:37.980+0000] {processor.py:836} INFO - DAG(s) dict_keys(['example_python_operator']) retrieved from /home/airflow/.local/lib/python3.7/site-packages/airflow/example_dags/example_python_operator.py
[2023-06-16T16:04:37.998+0000] {logging_mixin.py:149} INFO - [2023-06-16T16:04:37.998+0000] {dag.py:2726} INFO - Sync 1 DAGs
[2023-06-16T16:04:38.041+0000] {logging_mixin.py:149} INFO - [2023-06-16T16:04:38.040+0000] {dag.py:3490} INFO - Setting next_dagrun for example_python_operator to None, run_after=None
[2023-06-16T16:04:38.071+0000] {processor.py:179} INFO - Processing /home/airflow/.local/lib/python3.7/site-packages/airflow/example_dags/example_python_operator.py took 0.117 seconds
[2023-06-16T16:05:08.104+0000] {processor.py:157} INFO - Started process (PID=102) to work on /home/airflow/.local/lib/python3.7/site-packages/airflow/example_dags/example_python_operator.py
[2023-06-16T16:05:08.105+0000] {processor.py:826} INFO - Processing file /home/airflow/.local/lib/python3.7/site-packages/airflow/example_dags/example_python_operator.py for tasks to queue
[2023-06-16T16:05:08.105+0000] {logging_mixin.py:149} INFO - [2023-06-16T16:05:08.105+0000] {dagbag.py:541} INFO - Filling up the DagBag from /home/airflow/.local/lib/python3.7/site-packages/airflow/example_dags/example_python_operator.py
[2023-06-16T16:05:08.111+0000] {logging_mixin.py:149} INFO - [2023-06-16T16:05:08.111+0000] {taskmixin.py:211} WARNING - Dependency <Task(_PythonDecoratedOperator): print_the_context>, log_sql_query already registered for DAG: example_python_operator
[2023-06-16T16:05:08.112+0000] {logging_mixin.py:149} INFO - [2023-06-16T16:05:08.112+0000] {taskmixin.py:211} WARNING - Dependency <Task(_PythonDecoratedOperator): log_sql_query>, print_the_context already registered for DAG: example_python_operator
[2023-06-16T16:05:08.113+0000] {logging_mixin.py:149} INFO - [2023-06-16T16:05:08.112+0000] {taskmixin.py:211} WARNING - Dependency <Task(_PythonDecoratedOperator): print_the_context>, log_sql_query already registered for DAG: example_python_operator
[2023-06-16T16:05:08.113+0000] {logging_mixin.py:149} INFO - [2023-06-16T16:05:08.113+0000] {taskmixin.py:211} WARNING - Dependency <Task(_PythonDecoratedOperator): log_sql_query>, print_the_context already registered for DAG: example_python_operator
[2023-06-16T16:05:08.114+0000] {logging_mixin.py:149} INFO - [2023-06-16T16:05:08.114+0000] {taskmixin.py:211} WARNING - Dependency <Task(_PythonDecoratedOperator): print_the_context>, log_sql_query already registered for DAG: example_python_operator
[2023-06-16T16:05:08.114+0000] {logging_mixin.py:149} INFO - [2023-06-16T16:05:08.114+0000] {taskmixin.py:211} WARNING - Dependency <Task(_PythonDecoratedOperator): log_sql_query>, print_the_context already registered for DAG: example_python_operator
[2023-06-16T16:05:08.115+0000] {logging_mixin.py:149} INFO - [2023-06-16T16:05:08.115+0000] {taskmixin.py:211} WARNING - Dependency <Task(_PythonDecoratedOperator): print_the_context>, log_sql_query already registered for DAG: example_python_operator
[2023-06-16T16:05:08.115+0000] {logging_mixin.py:149} INFO - [2023-06-16T16:05:08.115+0000] {taskmixin.py:211} WARNING - Dependency <Task(_PythonDecoratedOperator): log_sql_query>, print_the_context already registered for DAG: example_python_operator
[2023-06-16T16:05:08.117+0000] {processor.py:836} INFO - DAG(s) dict_keys(['example_python_operator']) retrieved from /home/airflow/.local/lib/python3.7/site-packages/airflow/example_dags/example_python_operator.py
[2023-06-16T16:05:08.212+0000] {logging_mixin.py:149} INFO - [2023-06-16T16:05:08.212+0000] {dag.py:2726} INFO - Sync 1 DAGs
[2023-06-16T16:05:08.245+0000] {logging_mixin.py:149} INFO - [2023-06-16T16:05:08.245+0000] {dag.py:3490} INFO - Setting next_dagrun for example_python_operator to None, run_after=None
[2023-06-16T16:05:08.275+0000] {processor.py:179} INFO - Processing /home/airflow/.local/lib/python3.7/site-packages/airflow/example_dags/example_python_operator.py took 0.176 seconds
[2023-06-16T16:05:38.975+0000] {processor.py:157} INFO - Started process (PID=167) to work on /home/airflow/.local/lib/python3.7/site-packages/airflow/example_dags/example_python_operator.py
[2023-06-16T16:05:38.975+0000] {processor.py:826} INFO - Processing file /home/airflow/.local/lib/python3.7/site-packages/airflow/example_dags/example_python_operator.py for tasks to queue
[2023-06-16T16:05:38.976+0000] {logging_mixin.py:149} INFO - [2023-06-16T16:05:38.976+0000] {dagbag.py:541} INFO - Filling up the DagBag from /home/airflow/.local/lib/python3.7/site-packages/airflow/example_dags/example_python_operator.py
[2023-06-16T16:05:38.983+0000] {logging_mixin.py:149} INFO - [2023-06-16T16:05:38.982+0000] {taskmixin.py:211} WARNING - Dependency <Task(_PythonDecoratedOperator): print_the_context>, log_sql_query already registered for DAG: example_python_operator
[2023-06-16T16:05:38.983+0000] {logging_mixin.py:149} INFO - [2023-06-16T16:05:38.983+0000] {taskmixin.py:211} WARNING - Dependency <Task(_PythonDecoratedOperator): log_sql_query>, print_the_context already registered for DAG: example_python_operator
[2023-06-16T16:05:38.984+0000] {logging_mixin.py:149} INFO - [2023-06-16T16:05:38.984+0000] {taskmixin.py:211} WARNING - Dependency <Task(_PythonDecoratedOperator): print_the_context>, log_sql_query already registered for DAG: example_python_operator
[2023-06-16T16:05:38.984+0000] {logging_mixin.py:149} INFO - [2023-06-16T16:05:38.984+0000] {taskmixin.py:211} WARNING - Dependency <Task(_PythonDecoratedOperator): log_sql_query>, print_the_context already registered for DAG: example_python_operator
[2023-06-16T16:05:38.985+0000] {logging_mixin.py:149} INFO - [2023-06-16T16:05:38.984+0000] {taskmixin.py:211} WARNING - Dependency <Task(_PythonDecoratedOperator): print_the_context>, log_sql_query already registered for DAG: example_python_operator
[2023-06-16T16:05:38.985+0000] {logging_mixin.py:149} INFO - [2023-06-16T16:05:38.985+0000] {taskmixin.py:211} WARNING - Dependency <Task(_PythonDecoratedOperator): log_sql_query>, print_the_context already registered for DAG: example_python_operator
[2023-06-16T16:05:38.986+0000] {logging_mixin.py:149} INFO - [2023-06-16T16:05:38.985+0000] {taskmixin.py:211} WARNING - Dependency <Task(_PythonDecoratedOperator): print_the_context>, log_sql_query already registered for DAG: example_python_operator
[2023-06-16T16:05:38.986+0000] {logging_mixin.py:149} INFO - [2023-06-16T16:05:38.986+0000] {taskmixin.py:211} WARNING - Dependency <Task(_PythonDecoratedOperator): log_sql_query>, print_the_context already registered for DAG: example_python_operator
[2023-06-16T16:05:38.988+0000] {processor.py:836} INFO - DAG(s) dict_keys(['example_python_operator']) retrieved from /home/airflow/.local/lib/python3.7/site-packages/airflow/example_dags/example_python_operator.py
[2023-06-16T16:05:39.015+0000] {logging_mixin.py:149} INFO - [2023-06-16T16:05:39.015+0000] {dag.py:2726} INFO - Sync 1 DAGs
[2023-06-16T16:05:39.041+0000] {logging_mixin.py:149} INFO - [2023-06-16T16:05:39.041+0000] {dag.py:3490} INFO - Setting next_dagrun for example_python_operator to None, run_after=None
[2023-06-16T16:05:39.063+0000] {processor.py:179} INFO - Processing /home/airflow/.local/lib/python3.7/site-packages/airflow/example_dags/example_python_operator.py took 0.091 seconds
