[2023-06-16T16:04:36.318+0000] {processor.py:157} INFO - Started process (PID=35) to work on /home/airflow/.local/lib/python3.7/site-packages/airflow/example_dags/example_bash_operator.py
[2023-06-16T16:04:36.323+0000] {processor.py:826} INFO - Processing file /home/airflow/.local/lib/python3.7/site-packages/airflow/example_dags/example_bash_operator.py for tasks to queue
[2023-06-16T16:04:36.324+0000] {logging_mixin.py:149} INFO - [2023-06-16T16:04:36.324+0000] {dagbag.py:541} INFO - Filling up the DagBag from /home/airflow/.local/lib/python3.7/site-packages/airflow/example_dags/example_bash_operator.py
[2023-06-16T16:04:36.363+0000] {processor.py:836} INFO - DAG(s) dict_keys(['example_bash_operator']) retrieved from /home/airflow/.local/lib/python3.7/site-packages/airflow/example_dags/example_bash_operator.py
[2023-06-16T16:04:36.393+0000] {logging_mixin.py:149} INFO - [2023-06-16T16:04:36.393+0000] {dag.py:2726} INFO - Sync 1 DAGs
[2023-06-16T16:04:36.447+0000] {logging_mixin.py:149} INFO - [2023-06-16T16:04:36.447+0000] {dag.py:3490} INFO - Setting next_dagrun for example_bash_operator to 2023-06-15T00:00:00+00:00, run_after=2023-06-16T00:00:00+00:00
[2023-06-16T16:04:36.483+0000] {processor.py:179} INFO - Processing /home/airflow/.local/lib/python3.7/site-packages/airflow/example_dags/example_bash_operator.py took 0.173 seconds
[2023-06-16T16:05:06.602+0000] {processor.py:157} INFO - Started process (PID=96) to work on /home/airflow/.local/lib/python3.7/site-packages/airflow/example_dags/example_bash_operator.py
[2023-06-16T16:05:06.603+0000] {processor.py:826} INFO - Processing file /home/airflow/.local/lib/python3.7/site-packages/airflow/example_dags/example_bash_operator.py for tasks to queue
[2023-06-16T16:05:06.603+0000] {logging_mixin.py:149} INFO - [2023-06-16T16:05:06.603+0000] {dagbag.py:541} INFO - Filling up the DagBag from /home/airflow/.local/lib/python3.7/site-packages/airflow/example_dags/example_bash_operator.py
[2023-06-16T16:05:06.623+0000] {processor.py:836} INFO - DAG(s) dict_keys(['example_bash_operator']) retrieved from /home/airflow/.local/lib/python3.7/site-packages/airflow/example_dags/example_bash_operator.py
[2023-06-16T16:05:06.673+0000] {logging_mixin.py:149} INFO - [2023-06-16T16:05:06.672+0000] {dag.py:2726} INFO - Sync 1 DAGs
[2023-06-16T16:05:06.707+0000] {logging_mixin.py:149} INFO - [2023-06-16T16:05:06.707+0000] {dag.py:3490} INFO - Setting next_dagrun for example_bash_operator to 2023-06-15T00:00:00+00:00, run_after=2023-06-16T00:00:00+00:00
[2023-06-16T16:05:06.731+0000] {processor.py:179} INFO - Processing /home/airflow/.local/lib/python3.7/site-packages/airflow/example_dags/example_bash_operator.py took 0.133 seconds
[2023-06-16T16:05:37.612+0000] {processor.py:157} INFO - Started process (PID=161) to work on /home/airflow/.local/lib/python3.7/site-packages/airflow/example_dags/example_bash_operator.py
[2023-06-16T16:05:37.613+0000] {processor.py:826} INFO - Processing file /home/airflow/.local/lib/python3.7/site-packages/airflow/example_dags/example_bash_operator.py for tasks to queue
[2023-06-16T16:05:37.614+0000] {logging_mixin.py:149} INFO - [2023-06-16T16:05:37.614+0000] {dagbag.py:541} INFO - Filling up the DagBag from /home/airflow/.local/lib/python3.7/site-packages/airflow/example_dags/example_bash_operator.py
[2023-06-16T16:05:37.630+0000] {processor.py:836} INFO - DAG(s) dict_keys(['example_bash_operator']) retrieved from /home/airflow/.local/lib/python3.7/site-packages/airflow/example_dags/example_bash_operator.py
[2023-06-16T16:05:37.679+0000] {logging_mixin.py:149} INFO - [2023-06-16T16:05:37.679+0000] {dag.py:2726} INFO - Sync 1 DAGs
[2023-06-16T16:05:37.711+0000] {logging_mixin.py:149} INFO - [2023-06-16T16:05:37.711+0000] {dag.py:3490} INFO - Setting next_dagrun for example_bash_operator to 2023-06-15T00:00:00+00:00, run_after=2023-06-16T00:00:00+00:00
[2023-06-16T16:05:37.736+0000] {processor.py:179} INFO - Processing /home/airflow/.local/lib/python3.7/site-packages/airflow/example_dags/example_bash_operator.py took 0.128 seconds
