[2023-06-16T16:04:39.498+0000] {processor.py:157} INFO - Started process (PID=58) to work on /home/airflow/.local/lib/python3.7/site-packages/airflow/example_dags/example_branch_datetime_operator.py
[2023-06-16T16:04:39.499+0000] {processor.py:826} INFO - Processing file /home/airflow/.local/lib/python3.7/site-packages/airflow/example_dags/example_branch_datetime_operator.py for tasks to queue
[2023-06-16T16:04:39.500+0000] {logging_mixin.py:149} INFO - [2023-06-16T16:04:39.500+0000] {dagbag.py:541} INFO - Filling up the DagBag from /home/airflow/.local/lib/python3.7/site-packages/airflow/example_dags/example_branch_datetime_operator.py
[2023-06-16T16:04:39.524+0000] {processor.py:836} INFO - DAG(s) dict_keys(['example_branch_datetime_operator_3', 'example_branch_datetime_operator_2', 'example_branch_datetime_operator']) retrieved from /home/airflow/.local/lib/python3.7/site-packages/airflow/example_dags/example_branch_datetime_operator.py
[2023-06-16T16:04:39.546+0000] {logging_mixin.py:149} INFO - [2023-06-16T16:04:39.545+0000] {dag.py:2726} INFO - Sync 3 DAGs
[2023-06-16T16:04:39.602+0000] {logging_mixin.py:149} INFO - [2023-06-16T16:04:39.602+0000] {dag.py:3490} INFO - Setting next_dagrun for example_branch_datetime_operator to 2023-06-15T00:00:00+00:00, run_after=2023-06-16T00:00:00+00:00
[2023-06-16T16:04:39.616+0000] {logging_mixin.py:149} INFO - [2023-06-16T16:04:39.616+0000] {dag.py:3490} INFO - Setting next_dagrun for example_branch_datetime_operator_2 to 2023-06-15T00:00:00+00:00, run_after=2023-06-16T00:00:00+00:00
[2023-06-16T16:04:39.624+0000] {logging_mixin.py:149} INFO - [2023-06-16T16:04:39.624+0000] {dag.py:3490} INFO - Setting next_dagrun for example_branch_datetime_operator_3 to 2023-06-15T00:00:00+00:00, run_after=2023-06-16T00:00:00+00:00
[2023-06-16T16:04:39.668+0000] {processor.py:179} INFO - Processing /home/airflow/.local/lib/python3.7/site-packages/airflow/example_dags/example_branch_datetime_operator.py took 0.175 seconds
[2023-06-16T16:05:10.475+0000] {processor.py:157} INFO - Started process (PID=119) to work on /home/airflow/.local/lib/python3.7/site-packages/airflow/example_dags/example_branch_datetime_operator.py
[2023-06-16T16:05:10.476+0000] {processor.py:826} INFO - Processing file /home/airflow/.local/lib/python3.7/site-packages/airflow/example_dags/example_branch_datetime_operator.py for tasks to queue
[2023-06-16T16:05:10.477+0000] {logging_mixin.py:149} INFO - [2023-06-16T16:05:10.477+0000] {dagbag.py:541} INFO - Filling up the DagBag from /home/airflow/.local/lib/python3.7/site-packages/airflow/example_dags/example_branch_datetime_operator.py
[2023-06-16T16:05:10.493+0000] {processor.py:836} INFO - DAG(s) dict_keys(['example_branch_datetime_operator_2', 'example_branch_datetime_operator', 'example_branch_datetime_operator_3']) retrieved from /home/airflow/.local/lib/python3.7/site-packages/airflow/example_dags/example_branch_datetime_operator.py
[2023-06-16T16:05:10.537+0000] {logging_mixin.py:149} INFO - [2023-06-16T16:05:10.537+0000] {dag.py:2726} INFO - Sync 3 DAGs
[2023-06-16T16:05:10.576+0000] {logging_mixin.py:149} INFO - [2023-06-16T16:05:10.576+0000] {dag.py:3490} INFO - Setting next_dagrun for example_branch_datetime_operator to 2023-06-15T00:00:00+00:00, run_after=2023-06-16T00:00:00+00:00
[2023-06-16T16:05:10.587+0000] {logging_mixin.py:149} INFO - [2023-06-16T16:05:10.586+0000] {dag.py:3490} INFO - Setting next_dagrun for example_branch_datetime_operator_2 to 2023-06-15T00:00:00+00:00, run_after=2023-06-16T00:00:00+00:00
[2023-06-16T16:05:10.592+0000] {logging_mixin.py:149} INFO - [2023-06-16T16:05:10.592+0000] {dag.py:3490} INFO - Setting next_dagrun for example_branch_datetime_operator_3 to 2023-06-15T00:00:00+00:00, run_after=2023-06-16T00:00:00+00:00
[2023-06-16T16:05:10.621+0000] {processor.py:179} INFO - Processing /home/airflow/.local/lib/python3.7/site-packages/airflow/example_dags/example_branch_datetime_operator.py took 0.150 seconds
[2023-06-16T16:05:41.464+0000] {processor.py:157} INFO - Started process (PID=184) to work on /home/airflow/.local/lib/python3.7/site-packages/airflow/example_dags/example_branch_datetime_operator.py
[2023-06-16T16:05:41.465+0000] {processor.py:826} INFO - Processing file /home/airflow/.local/lib/python3.7/site-packages/airflow/example_dags/example_branch_datetime_operator.py for tasks to queue
[2023-06-16T16:05:41.465+0000] {logging_mixin.py:149} INFO - [2023-06-16T16:05:41.465+0000] {dagbag.py:541} INFO - Filling up the DagBag from /home/airflow/.local/lib/python3.7/site-packages/airflow/example_dags/example_branch_datetime_operator.py
[2023-06-16T16:05:41.479+0000] {processor.py:836} INFO - DAG(s) dict_keys(['example_branch_datetime_operator_2', 'example_branch_datetime_operator_3', 'example_branch_datetime_operator']) retrieved from /home/airflow/.local/lib/python3.7/site-packages/airflow/example_dags/example_branch_datetime_operator.py
[2023-06-16T16:05:41.522+0000] {logging_mixin.py:149} INFO - [2023-06-16T16:05:41.522+0000] {dag.py:2726} INFO - Sync 3 DAGs
[2023-06-16T16:05:41.561+0000] {logging_mixin.py:149} INFO - [2023-06-16T16:05:41.560+0000] {dag.py:3490} INFO - Setting next_dagrun for example_branch_datetime_operator to 2023-06-15T00:00:00+00:00, run_after=2023-06-16T00:00:00+00:00
[2023-06-16T16:05:41.567+0000] {logging_mixin.py:149} INFO - [2023-06-16T16:05:41.567+0000] {dag.py:3490} INFO - Setting next_dagrun for example_branch_datetime_operator_2 to 2023-06-15T00:00:00+00:00, run_after=2023-06-16T00:00:00+00:00
[2023-06-16T16:05:41.570+0000] {logging_mixin.py:149} INFO - [2023-06-16T16:05:41.570+0000] {dag.py:3490} INFO - Setting next_dagrun for example_branch_datetime_operator_3 to 2023-06-15T00:00:00+00:00, run_after=2023-06-16T00:00:00+00:00
[2023-06-16T16:05:41.588+0000] {processor.py:179} INFO - Processing /home/airflow/.local/lib/python3.7/site-packages/airflow/example_dags/example_branch_datetime_operator.py took 0.128 seconds
