[2023-06-16T16:04:38.920+0000] {processor.py:157} INFO - Started process (PID=51) to work on /home/airflow/.local/lib/python3.7/site-packages/airflow/example_dags/example_sensor_decorator.py
[2023-06-16T16:04:38.921+0000] {processor.py:826} INFO - Processing file /home/airflow/.local/lib/python3.7/site-packages/airflow/example_dags/example_sensor_decorator.py for tasks to queue
[2023-06-16T16:04:38.922+0000] {logging_mixin.py:149} INFO - [2023-06-16T16:04:38.922+0000] {dagbag.py:541} INFO - Filling up the DagBag from /home/airflow/.local/lib/python3.7/site-packages/airflow/example_dags/example_sensor_decorator.py
[2023-06-16T16:04:38.930+0000] {processor.py:836} INFO - DAG(s) dict_keys(['example_sensor_decorator']) retrieved from /home/airflow/.local/lib/python3.7/site-packages/airflow/example_dags/example_sensor_decorator.py
[2023-06-16T16:04:38.950+0000] {logging_mixin.py:149} INFO - [2023-06-16T16:04:38.950+0000] {dag.py:2726} INFO - Sync 1 DAGs
[2023-06-16T16:04:38.998+0000] {logging_mixin.py:149} INFO - [2023-06-16T16:04:38.998+0000] {dag.py:3490} INFO - Setting next_dagrun for example_sensor_decorator to None, run_after=None
[2023-06-16T16:04:39.029+0000] {processor.py:179} INFO - Processing /home/airflow/.local/lib/python3.7/site-packages/airflow/example_dags/example_sensor_decorator.py took 0.113 seconds
[2023-06-16T16:05:09.863+0000] {processor.py:157} INFO - Started process (PID=112) to work on /home/airflow/.local/lib/python3.7/site-packages/airflow/example_dags/example_sensor_decorator.py
[2023-06-16T16:05:09.865+0000] {processor.py:826} INFO - Processing file /home/airflow/.local/lib/python3.7/site-packages/airflow/example_dags/example_sensor_decorator.py for tasks to queue
[2023-06-16T16:05:09.866+0000] {logging_mixin.py:149} INFO - [2023-06-16T16:05:09.865+0000] {dagbag.py:541} INFO - Filling up the DagBag from /home/airflow/.local/lib/python3.7/site-packages/airflow/example_dags/example_sensor_decorator.py
[2023-06-16T16:05:09.874+0000] {processor.py:836} INFO - DAG(s) dict_keys(['example_sensor_decorator']) retrieved from /home/airflow/.local/lib/python3.7/site-packages/airflow/example_dags/example_sensor_decorator.py
[2023-06-16T16:05:09.905+0000] {logging_mixin.py:149} INFO - [2023-06-16T16:05:09.905+0000] {dag.py:2726} INFO - Sync 1 DAGs
[2023-06-16T16:05:09.939+0000] {logging_mixin.py:149} INFO - [2023-06-16T16:05:09.939+0000] {dag.py:3490} INFO - Setting next_dagrun for example_sensor_decorator to None, run_after=None
[2023-06-16T16:05:09.961+0000] {processor.py:179} INFO - Processing /home/airflow/.local/lib/python3.7/site-packages/airflow/example_dags/example_sensor_decorator.py took 0.102 seconds
[2023-06-16T16:05:40.959+0000] {processor.py:157} INFO - Started process (PID=177) to work on /home/airflow/.local/lib/python3.7/site-packages/airflow/example_dags/example_sensor_decorator.py
[2023-06-16T16:05:40.961+0000] {processor.py:826} INFO - Processing file /home/airflow/.local/lib/python3.7/site-packages/airflow/example_dags/example_sensor_decorator.py for tasks to queue
[2023-06-16T16:05:40.963+0000] {logging_mixin.py:149} INFO - [2023-06-16T16:05:40.962+0000] {dagbag.py:541} INFO - Filling up the DagBag from /home/airflow/.local/lib/python3.7/site-packages/airflow/example_dags/example_sensor_decorator.py
[2023-06-16T16:05:40.970+0000] {processor.py:836} INFO - DAG(s) dict_keys(['example_sensor_decorator']) retrieved from /home/airflow/.local/lib/python3.7/site-packages/airflow/example_dags/example_sensor_decorator.py
[2023-06-16T16:05:41.006+0000] {logging_mixin.py:149} INFO - [2023-06-16T16:05:41.006+0000] {dag.py:2726} INFO - Sync 1 DAGs
[2023-06-16T16:05:41.040+0000] {logging_mixin.py:149} INFO - [2023-06-16T16:05:41.040+0000] {dag.py:3490} INFO - Setting next_dagrun for example_sensor_decorator to None, run_after=None
[2023-06-16T16:05:41.069+0000] {processor.py:179} INFO - Processing /home/airflow/.local/lib/python3.7/site-packages/airflow/example_dags/example_sensor_decorator.py took 0.115 seconds
