[2023-06-16T16:04:39.882+0000] {processor.py:157} INFO - Started process (PID=60) to work on /home/airflow/.local/lib/python3.7/site-packages/airflow/example_dags/example_sensors.py
[2023-06-16T16:04:39.883+0000] {processor.py:826} INFO - Processing file /home/airflow/.local/lib/python3.7/site-packages/airflow/example_dags/example_sensors.py for tasks to queue
[2023-06-16T16:04:39.884+0000] {logging_mixin.py:149} INFO - [2023-06-16T16:04:39.883+0000] {dagbag.py:541} INFO - Filling up the DagBag from /home/airflow/.local/lib/python3.7/site-packages/airflow/example_dags/example_sensors.py
[2023-06-16T16:04:39.904+0000] {processor.py:836} INFO - DAG(s) dict_keys(['example_sensors']) retrieved from /home/airflow/.local/lib/python3.7/site-packages/airflow/example_dags/example_sensors.py
[2023-06-16T16:04:39.925+0000] {logging_mixin.py:149} INFO - [2023-06-16T16:04:39.925+0000] {dag.py:2726} INFO - Sync 1 DAGs
[2023-06-16T16:04:39.978+0000] {logging_mixin.py:149} INFO - [2023-06-16T16:04:39.977+0000] {dag.py:3490} INFO - Setting next_dagrun for example_sensors to None, run_after=None
[2023-06-16T16:04:40.050+0000] {processor.py:179} INFO - Processing /home/airflow/.local/lib/python3.7/site-packages/airflow/example_dags/example_sensors.py took 0.173 seconds
[2023-06-16T16:05:10.651+0000] {processor.py:157} INFO - Started process (PID=121) to work on /home/airflow/.local/lib/python3.7/site-packages/airflow/example_dags/example_sensors.py
[2023-06-16T16:05:10.654+0000] {processor.py:826} INFO - Processing file /home/airflow/.local/lib/python3.7/site-packages/airflow/example_dags/example_sensors.py for tasks to queue
[2023-06-16T16:05:10.655+0000] {logging_mixin.py:149} INFO - [2023-06-16T16:05:10.655+0000] {dagbag.py:541} INFO - Filling up the DagBag from /home/airflow/.local/lib/python3.7/site-packages/airflow/example_dags/example_sensors.py
[2023-06-16T16:05:10.669+0000] {processor.py:836} INFO - DAG(s) dict_keys(['example_sensors']) retrieved from /home/airflow/.local/lib/python3.7/site-packages/airflow/example_dags/example_sensors.py
[2023-06-16T16:05:10.706+0000] {logging_mixin.py:149} INFO - [2023-06-16T16:05:10.705+0000] {dag.py:2726} INFO - Sync 1 DAGs
[2023-06-16T16:05:10.745+0000] {logging_mixin.py:149} INFO - [2023-06-16T16:05:10.745+0000] {dag.py:3490} INFO - Setting next_dagrun for example_sensors to None, run_after=None
[2023-06-16T16:05:10.773+0000] {processor.py:179} INFO - Processing /home/airflow/.local/lib/python3.7/site-packages/airflow/example_dags/example_sensors.py took 0.126 seconds
[2023-06-16T16:05:41.612+0000] {processor.py:157} INFO - Started process (PID=186) to work on /home/airflow/.local/lib/python3.7/site-packages/airflow/example_dags/example_sensors.py
[2023-06-16T16:05:41.613+0000] {processor.py:826} INFO - Processing file /home/airflow/.local/lib/python3.7/site-packages/airflow/example_dags/example_sensors.py for tasks to queue
[2023-06-16T16:05:41.614+0000] {logging_mixin.py:149} INFO - [2023-06-16T16:05:41.614+0000] {dagbag.py:541} INFO - Filling up the DagBag from /home/airflow/.local/lib/python3.7/site-packages/airflow/example_dags/example_sensors.py
[2023-06-16T16:05:41.624+0000] {processor.py:836} INFO - DAG(s) dict_keys(['example_sensors']) retrieved from /home/airflow/.local/lib/python3.7/site-packages/airflow/example_dags/example_sensors.py
[2023-06-16T16:05:41.660+0000] {logging_mixin.py:149} INFO - [2023-06-16T16:05:41.659+0000] {dag.py:2726} INFO - Sync 1 DAGs
[2023-06-16T16:05:41.695+0000] {logging_mixin.py:149} INFO - [2023-06-16T16:05:41.695+0000] {dag.py:3490} INFO - Setting next_dagrun for example_sensors to None, run_after=None
[2023-06-16T16:05:41.717+0000] {processor.py:179} INFO - Processing /home/airflow/.local/lib/python3.7/site-packages/airflow/example_dags/example_sensors.py took 0.109 seconds
