[2023-06-16T16:04:40.555+0000] {processor.py:157} INFO - Started process (PID=66) to work on /home/airflow/.local/lib/python3.7/site-packages/airflow/example_dags/example_branch_labels.py
[2023-06-16T16:04:40.556+0000] {processor.py:826} INFO - Processing file /home/airflow/.local/lib/python3.7/site-packages/airflow/example_dags/example_branch_labels.py for tasks to queue
[2023-06-16T16:04:40.557+0000] {logging_mixin.py:149} INFO - [2023-06-16T16:04:40.557+0000] {dagbag.py:541} INFO - Filling up the DagBag from /home/airflow/.local/lib/python3.7/site-packages/airflow/example_dags/example_branch_labels.py
[2023-06-16T16:04:40.572+0000] {processor.py:836} INFO - DAG(s) dict_keys(['example_branch_labels']) retrieved from /home/airflow/.local/lib/python3.7/site-packages/airflow/example_dags/example_branch_labels.py
[2023-06-16T16:04:40.599+0000] {logging_mixin.py:149} INFO - [2023-06-16T16:04:40.599+0000] {dag.py:2726} INFO - Sync 1 DAGs
[2023-06-16T16:04:40.649+0000] {logging_mixin.py:149} INFO - [2023-06-16T16:04:40.649+0000] {dag.py:3490} INFO - Setting next_dagrun for example_branch_labels to 2023-06-15T00:00:00+00:00, run_after=2023-06-16T00:00:00+00:00
[2023-06-16T16:04:40.683+0000] {processor.py:179} INFO - Processing /home/airflow/.local/lib/python3.7/site-packages/airflow/example_dags/example_branch_labels.py took 0.156 seconds
[2023-06-16T16:05:11.078+0000] {processor.py:157} INFO - Started process (PID=127) to work on /home/airflow/.local/lib/python3.7/site-packages/airflow/example_dags/example_branch_labels.py
[2023-06-16T16:05:11.079+0000] {processor.py:826} INFO - Processing file /home/airflow/.local/lib/python3.7/site-packages/airflow/example_dags/example_branch_labels.py for tasks to queue
[2023-06-16T16:05:11.080+0000] {logging_mixin.py:149} INFO - [2023-06-16T16:05:11.080+0000] {dagbag.py:541} INFO - Filling up the DagBag from /home/airflow/.local/lib/python3.7/site-packages/airflow/example_dags/example_branch_labels.py
[2023-06-16T16:05:11.093+0000] {processor.py:836} INFO - DAG(s) dict_keys(['example_branch_labels']) retrieved from /home/airflow/.local/lib/python3.7/site-packages/airflow/example_dags/example_branch_labels.py
[2023-06-16T16:05:11.122+0000] {logging_mixin.py:149} INFO - [2023-06-16T16:05:11.122+0000] {dag.py:2726} INFO - Sync 1 DAGs
[2023-06-16T16:05:11.168+0000] {logging_mixin.py:149} INFO - [2023-06-16T16:05:11.168+0000] {dag.py:3490} INFO - Setting next_dagrun for example_branch_labels to 2023-06-15T00:00:00+00:00, run_after=2023-06-16T00:00:00+00:00
[2023-06-16T16:05:11.202+0000] {processor.py:179} INFO - Processing /home/airflow/.local/lib/python3.7/site-packages/airflow/example_dags/example_branch_labels.py took 0.126 seconds
[2023-06-16T16:05:42.110+0000] {processor.py:157} INFO - Started process (PID=192) to work on /home/airflow/.local/lib/python3.7/site-packages/airflow/example_dags/example_branch_labels.py
[2023-06-16T16:05:42.111+0000] {processor.py:826} INFO - Processing file /home/airflow/.local/lib/python3.7/site-packages/airflow/example_dags/example_branch_labels.py for tasks to queue
[2023-06-16T16:05:42.112+0000] {logging_mixin.py:149} INFO - [2023-06-16T16:05:42.112+0000] {dagbag.py:541} INFO - Filling up the DagBag from /home/airflow/.local/lib/python3.7/site-packages/airflow/example_dags/example_branch_labels.py
[2023-06-16T16:05:42.122+0000] {processor.py:836} INFO - DAG(s) dict_keys(['example_branch_labels']) retrieved from /home/airflow/.local/lib/python3.7/site-packages/airflow/example_dags/example_branch_labels.py
[2023-06-16T16:05:42.154+0000] {logging_mixin.py:149} INFO - [2023-06-16T16:05:42.154+0000] {dag.py:2726} INFO - Sync 1 DAGs
[2023-06-16T16:05:42.188+0000] {logging_mixin.py:149} INFO - [2023-06-16T16:05:42.187+0000] {dag.py:3490} INFO - Setting next_dagrun for example_branch_labels to 2023-06-15T00:00:00+00:00, run_after=2023-06-16T00:00:00+00:00
[2023-06-16T16:05:42.208+0000] {processor.py:179} INFO - Processing /home/airflow/.local/lib/python3.7/site-packages/airflow/example_dags/example_branch_labels.py took 0.101 seconds
