[2023-06-16T16:04:39.486+0000] {processor.py:157} INFO - Started process (PID=57) to work on /home/airflow/.local/lib/python3.7/site-packages/airflow/example_dags/example_xcomargs.py
[2023-06-16T16:04:39.487+0000] {processor.py:826} INFO - Processing file /home/airflow/.local/lib/python3.7/site-packages/airflow/example_dags/example_xcomargs.py for tasks to queue
[2023-06-16T16:04:39.488+0000] {logging_mixin.py:149} INFO - [2023-06-16T16:04:39.488+0000] {dagbag.py:541} INFO - Filling up the DagBag from /home/airflow/.local/lib/python3.7/site-packages/airflow/example_dags/example_xcomargs.py
[2023-06-16T16:04:39.499+0000] {processor.py:836} INFO - DAG(s) dict_keys(['example_xcom_args_with_operators', 'example_xcom_args']) retrieved from /home/airflow/.local/lib/python3.7/site-packages/airflow/example_dags/example_xcomargs.py
[2023-06-16T16:04:39.525+0000] {logging_mixin.py:149} INFO - [2023-06-16T16:04:39.525+0000] {dag.py:2726} INFO - Sync 2 DAGs
[2023-06-16T16:04:39.567+0000] {logging_mixin.py:149} INFO - [2023-06-16T16:04:39.567+0000] {dag.py:3490} INFO - Setting next_dagrun for example_xcom_args to None, run_after=None
[2023-06-16T16:04:39.573+0000] {logging_mixin.py:149} INFO - [2023-06-16T16:04:39.573+0000] {dag.py:3490} INFO - Setting next_dagrun for example_xcom_args_with_operators to None, run_after=None
[2023-06-16T16:04:39.624+0000] {processor.py:179} INFO - Processing /home/airflow/.local/lib/python3.7/site-packages/airflow/example_dags/example_xcomargs.py took 0.143 seconds
[2023-06-16T16:05:10.387+0000] {processor.py:157} INFO - Started process (PID=118) to work on /home/airflow/.local/lib/python3.7/site-packages/airflow/example_dags/example_xcomargs.py
[2023-06-16T16:05:10.388+0000] {processor.py:826} INFO - Processing file /home/airflow/.local/lib/python3.7/site-packages/airflow/example_dags/example_xcomargs.py for tasks to queue
[2023-06-16T16:05:10.389+0000] {logging_mixin.py:149} INFO - [2023-06-16T16:05:10.389+0000] {dagbag.py:541} INFO - Filling up the DagBag from /home/airflow/.local/lib/python3.7/site-packages/airflow/example_dags/example_xcomargs.py
[2023-06-16T16:05:10.404+0000] {processor.py:836} INFO - DAG(s) dict_keys(['example_xcom_args', 'example_xcom_args_with_operators']) retrieved from /home/airflow/.local/lib/python3.7/site-packages/airflow/example_dags/example_xcomargs.py
[2023-06-16T16:05:10.455+0000] {logging_mixin.py:149} INFO - [2023-06-16T16:05:10.455+0000] {dag.py:2726} INFO - Sync 2 DAGs
[2023-06-16T16:05:10.498+0000] {logging_mixin.py:149} INFO - [2023-06-16T16:05:10.498+0000] {dag.py:3490} INFO - Setting next_dagrun for example_xcom_args to None, run_after=None
[2023-06-16T16:05:10.504+0000] {logging_mixin.py:149} INFO - [2023-06-16T16:05:10.504+0000] {dag.py:3490} INFO - Setting next_dagrun for example_xcom_args_with_operators to None, run_after=None
[2023-06-16T16:05:10.533+0000] {processor.py:179} INFO - Processing /home/airflow/.local/lib/python3.7/site-packages/airflow/example_dags/example_xcomargs.py took 0.151 seconds
[2023-06-16T16:05:41.363+0000] {processor.py:157} INFO - Started process (PID=183) to work on /home/airflow/.local/lib/python3.7/site-packages/airflow/example_dags/example_xcomargs.py
[2023-06-16T16:05:41.364+0000] {processor.py:826} INFO - Processing file /home/airflow/.local/lib/python3.7/site-packages/airflow/example_dags/example_xcomargs.py for tasks to queue
[2023-06-16T16:05:41.365+0000] {logging_mixin.py:149} INFO - [2023-06-16T16:05:41.365+0000] {dagbag.py:541} INFO - Filling up the DagBag from /home/airflow/.local/lib/python3.7/site-packages/airflow/example_dags/example_xcomargs.py
[2023-06-16T16:05:41.374+0000] {processor.py:836} INFO - DAG(s) dict_keys(['example_xcom_args_with_operators', 'example_xcom_args']) retrieved from /home/airflow/.local/lib/python3.7/site-packages/airflow/example_dags/example_xcomargs.py
[2023-06-16T16:05:41.408+0000] {logging_mixin.py:149} INFO - [2023-06-16T16:05:41.408+0000] {dag.py:2726} INFO - Sync 2 DAGs
[2023-06-16T16:05:41.438+0000] {logging_mixin.py:149} INFO - [2023-06-16T16:05:41.438+0000] {dag.py:3490} INFO - Setting next_dagrun for example_xcom_args to None, run_after=None
[2023-06-16T16:05:41.443+0000] {logging_mixin.py:149} INFO - [2023-06-16T16:05:41.442+0000] {dag.py:3490} INFO - Setting next_dagrun for example_xcom_args_with_operators to None, run_after=None
[2023-06-16T16:05:41.464+0000] {processor.py:179} INFO - Processing /home/airflow/.local/lib/python3.7/site-packages/airflow/example_dags/example_xcomargs.py took 0.104 seconds
