[2023-06-16T16:04:37.671+0000] {processor.py:157} INFO - Started process (PID=40) to work on /home/airflow/.local/lib/python3.7/site-packages/airflow/example_dags/example_short_circuit_decorator.py
[2023-06-16T16:04:37.672+0000] {processor.py:826} INFO - Processing file /home/airflow/.local/lib/python3.7/site-packages/airflow/example_dags/example_short_circuit_decorator.py for tasks to queue
[2023-06-16T16:04:37.672+0000] {logging_mixin.py:149} INFO - [2023-06-16T16:04:37.672+0000] {dagbag.py:541} INFO - Filling up the DagBag from /home/airflow/.local/lib/python3.7/site-packages/airflow/example_dags/example_short_circuit_decorator.py
[2023-06-16T16:04:37.689+0000] {processor.py:836} INFO - DAG(s) dict_keys(['example_short_circuit_decorator']) retrieved from /home/airflow/.local/lib/python3.7/site-packages/airflow/example_dags/example_short_circuit_decorator.py
[2023-06-16T16:04:37.705+0000] {logging_mixin.py:149} INFO - [2023-06-16T16:04:37.705+0000] {dag.py:2726} INFO - Sync 1 DAGs
[2023-06-16T16:04:37.746+0000] {logging_mixin.py:149} INFO - [2023-06-16T16:04:37.746+0000] {dag.py:3490} INFO - Setting next_dagrun for example_short_circuit_decorator to 2023-06-15T16:04:37.745934+00:00, run_after=2023-06-16T16:04:37.745934+00:00
[2023-06-16T16:04:37.776+0000] {processor.py:179} INFO - Processing /home/airflow/.local/lib/python3.7/site-packages/airflow/example_dags/example_short_circuit_decorator.py took 0.110 seconds
[2023-06-16T16:05:07.843+0000] {processor.py:157} INFO - Started process (PID=100) to work on /home/airflow/.local/lib/python3.7/site-packages/airflow/example_dags/example_short_circuit_decorator.py
[2023-06-16T16:05:07.843+0000] {processor.py:826} INFO - Processing file /home/airflow/.local/lib/python3.7/site-packages/airflow/example_dags/example_short_circuit_decorator.py for tasks to queue
[2023-06-16T16:05:07.844+0000] {logging_mixin.py:149} INFO - [2023-06-16T16:05:07.844+0000] {dagbag.py:541} INFO - Filling up the DagBag from /home/airflow/.local/lib/python3.7/site-packages/airflow/example_dags/example_short_circuit_decorator.py
[2023-06-16T16:05:07.864+0000] {processor.py:836} INFO - DAG(s) dict_keys(['example_short_circuit_decorator']) retrieved from /home/airflow/.local/lib/python3.7/site-packages/airflow/example_dags/example_short_circuit_decorator.py
[2023-06-16T16:05:07.902+0000] {logging_mixin.py:149} INFO - [2023-06-16T16:05:07.902+0000] {dag.py:2726} INFO - Sync 1 DAGs
[2023-06-16T16:05:07.937+0000] {logging_mixin.py:149} INFO - [2023-06-16T16:05:07.937+0000] {dag.py:3490} INFO - Setting next_dagrun for example_short_circuit_decorator to 2023-06-15T16:05:07.936961+00:00, run_after=2023-06-16T16:05:07.936961+00:00
[2023-06-16T16:05:07.967+0000] {processor.py:179} INFO - Processing /home/airflow/.local/lib/python3.7/site-packages/airflow/example_dags/example_short_circuit_decorator.py took 0.127 seconds
[2023-06-16T16:05:38.834+0000] {processor.py:157} INFO - Started process (PID=165) to work on /home/airflow/.local/lib/python3.7/site-packages/airflow/example_dags/example_short_circuit_decorator.py
[2023-06-16T16:05:38.836+0000] {processor.py:826} INFO - Processing file /home/airflow/.local/lib/python3.7/site-packages/airflow/example_dags/example_short_circuit_decorator.py for tasks to queue
[2023-06-16T16:05:38.836+0000] {logging_mixin.py:149} INFO - [2023-06-16T16:05:38.836+0000] {dagbag.py:541} INFO - Filling up the DagBag from /home/airflow/.local/lib/python3.7/site-packages/airflow/example_dags/example_short_circuit_decorator.py
[2023-06-16T16:05:38.847+0000] {processor.py:836} INFO - DAG(s) dict_keys(['example_short_circuit_decorator']) retrieved from /home/airflow/.local/lib/python3.7/site-packages/airflow/example_dags/example_short_circuit_decorator.py
[2023-06-16T16:05:38.888+0000] {logging_mixin.py:149} INFO - [2023-06-16T16:05:38.888+0000] {dag.py:2726} INFO - Sync 1 DAGs
[2023-06-16T16:05:38.919+0000] {logging_mixin.py:149} INFO - [2023-06-16T16:05:38.918+0000] {dag.py:3490} INFO - Setting next_dagrun for example_short_circuit_decorator to 2023-06-15T16:05:38.918629+00:00, run_after=2023-06-16T16:05:38.918629+00:00
[2023-06-16T16:05:38.943+0000] {processor.py:179} INFO - Processing /home/airflow/.local/lib/python3.7/site-packages/airflow/example_dags/example_short_circuit_decorator.py took 0.113 seconds
