[2023-06-16T16:04:36.689+0000] {processor.py:157} INFO - Started process (PID=38) to work on /home/airflow/.local/lib/python3.7/site-packages/airflow/example_dags/example_kubernetes_executor.py
[2023-06-16T16:04:36.690+0000] {processor.py:826} INFO - Processing file /home/airflow/.local/lib/python3.7/site-packages/airflow/example_dags/example_kubernetes_executor.py for tasks to queue
[2023-06-16T16:04:36.691+0000] {logging_mixin.py:149} INFO - [2023-06-16T16:04:36.691+0000] {dagbag.py:541} INFO - Filling up the DagBag from /home/airflow/.local/lib/python3.7/site-packages/airflow/example_dags/example_kubernetes_executor.py
[2023-06-16T16:04:38.436+0000] {processor.py:836} INFO - DAG(s) dict_keys(['example_kubernetes_executor']) retrieved from /home/airflow/.local/lib/python3.7/site-packages/airflow/example_dags/example_kubernetes_executor.py
[2023-06-16T16:04:38.459+0000] {logging_mixin.py:149} INFO - [2023-06-16T16:04:38.459+0000] {dag.py:2726} INFO - Sync 1 DAGs
[2023-06-16T16:04:38.505+0000] {logging_mixin.py:149} INFO - [2023-06-16T16:04:38.505+0000] {dag.py:3490} INFO - Setting next_dagrun for example_kubernetes_executor to None, run_after=None
[2023-06-16T16:04:38.544+0000] {processor.py:179} INFO - Processing /home/airflow/.local/lib/python3.7/site-packages/airflow/example_dags/example_kubernetes_executor.py took 1.859 seconds
[2023-06-16T16:05:09.121+0000] {processor.py:157} INFO - Started process (PID=103) to work on /home/airflow/.local/lib/python3.7/site-packages/airflow/example_dags/example_kubernetes_executor.py
[2023-06-16T16:05:09.127+0000] {processor.py:826} INFO - Processing file /home/airflow/.local/lib/python3.7/site-packages/airflow/example_dags/example_kubernetes_executor.py for tasks to queue
[2023-06-16T16:05:09.129+0000] {logging_mixin.py:149} INFO - [2023-06-16T16:05:09.129+0000] {dagbag.py:541} INFO - Filling up the DagBag from /home/airflow/.local/lib/python3.7/site-packages/airflow/example_dags/example_kubernetes_executor.py
[2023-06-16T16:05:09.429+0000] {processor.py:836} INFO - DAG(s) dict_keys(['example_kubernetes_executor']) retrieved from /home/airflow/.local/lib/python3.7/site-packages/airflow/example_dags/example_kubernetes_executor.py
[2023-06-16T16:05:09.485+0000] {logging_mixin.py:149} INFO - [2023-06-16T16:05:09.485+0000] {dag.py:2726} INFO - Sync 1 DAGs
[2023-06-16T16:05:09.520+0000] {logging_mixin.py:149} INFO - [2023-06-16T16:05:09.520+0000] {dag.py:3490} INFO - Setting next_dagrun for example_kubernetes_executor to None, run_after=None
[2023-06-16T16:05:09.554+0000] {processor.py:179} INFO - Processing /home/airflow/.local/lib/python3.7/site-packages/airflow/example_dags/example_kubernetes_executor.py took 0.439 seconds
[2023-06-16T16:05:40.088+0000] {processor.py:157} INFO - Started process (PID=168) to work on /home/airflow/.local/lib/python3.7/site-packages/airflow/example_dags/example_kubernetes_executor.py
[2023-06-16T16:05:40.090+0000] {processor.py:826} INFO - Processing file /home/airflow/.local/lib/python3.7/site-packages/airflow/example_dags/example_kubernetes_executor.py for tasks to queue
[2023-06-16T16:05:40.092+0000] {logging_mixin.py:149} INFO - [2023-06-16T16:05:40.091+0000] {dagbag.py:541} INFO - Filling up the DagBag from /home/airflow/.local/lib/python3.7/site-packages/airflow/example_dags/example_kubernetes_executor.py
[2023-06-16T16:05:40.400+0000] {processor.py:836} INFO - DAG(s) dict_keys(['example_kubernetes_executor']) retrieved from /home/airflow/.local/lib/python3.7/site-packages/airflow/example_dags/example_kubernetes_executor.py
[2023-06-16T16:05:40.461+0000] {logging_mixin.py:149} INFO - [2023-06-16T16:05:40.461+0000] {dag.py:2726} INFO - Sync 1 DAGs
[2023-06-16T16:05:40.508+0000] {logging_mixin.py:149} INFO - [2023-06-16T16:05:40.508+0000] {dag.py:3490} INFO - Setting next_dagrun for example_kubernetes_executor to None, run_after=None
[2023-06-16T16:05:40.541+0000] {processor.py:179} INFO - Processing /home/airflow/.local/lib/python3.7/site-packages/airflow/example_dags/example_kubernetes_executor.py took 0.462 seconds
