[2023-06-16T16:04:40.120+0000] {processor.py:157} INFO - Started process (PID=63) to work on /home/airflow/.local/lib/python3.7/site-packages/airflow/example_dags/example_external_task_marker_dag.py
[2023-06-16T16:04:40.122+0000] {processor.py:826} INFO - Processing file /home/airflow/.local/lib/python3.7/site-packages/airflow/example_dags/example_external_task_marker_dag.py for tasks to queue
[2023-06-16T16:04:40.123+0000] {logging_mixin.py:149} INFO - [2023-06-16T16:04:40.122+0000] {dagbag.py:541} INFO - Filling up the DagBag from /home/airflow/.local/lib/python3.7/site-packages/airflow/example_dags/example_external_task_marker_dag.py
[2023-06-16T16:04:40.132+0000] {processor.py:836} INFO - DAG(s) dict_keys(['example_external_task_marker_parent', 'example_external_task_marker_child']) retrieved from /home/airflow/.local/lib/python3.7/site-packages/airflow/example_dags/example_external_task_marker_dag.py
[2023-06-16T16:04:40.180+0000] {logging_mixin.py:149} INFO - [2023-06-16T16:04:40.180+0000] {dag.py:2726} INFO - Sync 2 DAGs
[2023-06-16T16:04:40.247+0000] {logging_mixin.py:149} INFO - [2023-06-16T16:04:40.246+0000] {dag.py:3490} INFO - Setting next_dagrun for example_external_task_marker_child to None, run_after=None
[2023-06-16T16:04:40.253+0000] {logging_mixin.py:149} INFO - [2023-06-16T16:04:40.252+0000] {dag.py:3490} INFO - Setting next_dagrun for example_external_task_marker_parent to None, run_after=None
[2023-06-16T16:04:40.302+0000] {processor.py:179} INFO - Processing /home/airflow/.local/lib/python3.7/site-packages/airflow/example_dags/example_external_task_marker_dag.py took 0.187 seconds
[2023-06-16T16:05:10.859+0000] {processor.py:157} INFO - Started process (PID=124) to work on /home/airflow/.local/lib/python3.7/site-packages/airflow/example_dags/example_external_task_marker_dag.py
[2023-06-16T16:05:10.860+0000] {processor.py:826} INFO - Processing file /home/airflow/.local/lib/python3.7/site-packages/airflow/example_dags/example_external_task_marker_dag.py for tasks to queue
[2023-06-16T16:05:10.861+0000] {logging_mixin.py:149} INFO - [2023-06-16T16:05:10.861+0000] {dagbag.py:541} INFO - Filling up the DagBag from /home/airflow/.local/lib/python3.7/site-packages/airflow/example_dags/example_external_task_marker_dag.py
[2023-06-16T16:05:10.869+0000] {processor.py:836} INFO - DAG(s) dict_keys(['example_external_task_marker_parent', 'example_external_task_marker_child']) retrieved from /home/airflow/.local/lib/python3.7/site-packages/airflow/example_dags/example_external_task_marker_dag.py
[2023-06-16T16:05:10.904+0000] {logging_mixin.py:149} INFO - [2023-06-16T16:05:10.904+0000] {dag.py:2726} INFO - Sync 2 DAGs
[2023-06-16T16:05:10.945+0000] {logging_mixin.py:149} INFO - [2023-06-16T16:05:10.945+0000] {dag.py:3490} INFO - Setting next_dagrun for example_external_task_marker_child to None, run_after=None
[2023-06-16T16:05:10.951+0000] {logging_mixin.py:149} INFO - [2023-06-16T16:05:10.951+0000] {dag.py:3490} INFO - Setting next_dagrun for example_external_task_marker_parent to None, run_after=None
[2023-06-16T16:05:10.972+0000] {processor.py:179} INFO - Processing /home/airflow/.local/lib/python3.7/site-packages/airflow/example_dags/example_external_task_marker_dag.py took 0.116 seconds
[2023-06-16T16:05:41.871+0000] {processor.py:157} INFO - Started process (PID=189) to work on /home/airflow/.local/lib/python3.7/site-packages/airflow/example_dags/example_external_task_marker_dag.py
[2023-06-16T16:05:41.872+0000] {processor.py:826} INFO - Processing file /home/airflow/.local/lib/python3.7/site-packages/airflow/example_dags/example_external_task_marker_dag.py for tasks to queue
[2023-06-16T16:05:41.872+0000] {logging_mixin.py:149} INFO - [2023-06-16T16:05:41.872+0000] {dagbag.py:541} INFO - Filling up the DagBag from /home/airflow/.local/lib/python3.7/site-packages/airflow/example_dags/example_external_task_marker_dag.py
[2023-06-16T16:05:41.877+0000] {processor.py:836} INFO - DAG(s) dict_keys(['example_external_task_marker_child', 'example_external_task_marker_parent']) retrieved from /home/airflow/.local/lib/python3.7/site-packages/airflow/example_dags/example_external_task_marker_dag.py
[2023-06-16T16:05:41.914+0000] {logging_mixin.py:149} INFO - [2023-06-16T16:05:41.914+0000] {dag.py:2726} INFO - Sync 2 DAGs
[2023-06-16T16:05:41.950+0000] {logging_mixin.py:149} INFO - [2023-06-16T16:05:41.950+0000] {dag.py:3490} INFO - Setting next_dagrun for example_external_task_marker_child to None, run_after=None
[2023-06-16T16:05:41.956+0000] {logging_mixin.py:149} INFO - [2023-06-16T16:05:41.956+0000] {dag.py:3490} INFO - Setting next_dagrun for example_external_task_marker_parent to None, run_after=None
[2023-06-16T16:05:41.981+0000] {processor.py:179} INFO - Processing /home/airflow/.local/lib/python3.7/site-packages/airflow/example_dags/example_external_task_marker_dag.py took 0.114 seconds
