[2023-06-16T16:04:39.174+0000] {processor.py:157} INFO - Started process (PID=54) to work on /home/airflow/.local/lib/python3.7/site-packages/airflow/example_dags/example_dag_decorator.py
[2023-06-16T16:04:39.175+0000] {processor.py:826} INFO - Processing file /home/airflow/.local/lib/python3.7/site-packages/airflow/example_dags/example_dag_decorator.py for tasks to queue
[2023-06-16T16:04:39.176+0000] {logging_mixin.py:149} INFO - [2023-06-16T16:04:39.176+0000] {dagbag.py:541} INFO - Filling up the DagBag from /home/airflow/.local/lib/python3.7/site-packages/airflow/example_dags/example_dag_decorator.py
[2023-06-16T16:04:39.188+0000] {logging_mixin.py:149} INFO - [2023-06-16T16:04:39.188+0000] {taskmixin.py:211} WARNING - Dependency <Task(_PythonDecoratedOperator): prepare_email>, send_email already registered for DAG: example_dag_decorator
[2023-06-16T16:04:39.189+0000] {logging_mixin.py:149} INFO - [2023-06-16T16:04:39.188+0000] {taskmixin.py:211} WARNING - Dependency <Task(EmailOperator): send_email>, prepare_email already registered for DAG: example_dag_decorator
[2023-06-16T16:04:39.200+0000] {processor.py:836} INFO - DAG(s) dict_keys(['example_dag_decorator']) retrieved from /home/airflow/.local/lib/python3.7/site-packages/airflow/example_dags/example_dag_decorator.py
[2023-06-16T16:04:39.222+0000] {logging_mixin.py:149} INFO - [2023-06-16T16:04:39.221+0000] {dag.py:2726} INFO - Sync 1 DAGs
[2023-06-16T16:04:39.263+0000] {logging_mixin.py:149} INFO - [2023-06-16T16:04:39.263+0000] {dag.py:3490} INFO - Setting next_dagrun for example_dag_decorator to None, run_after=None
[2023-06-16T16:04:39.297+0000] {processor.py:179} INFO - Processing /home/airflow/.local/lib/python3.7/site-packages/airflow/example_dags/example_dag_decorator.py took 0.128 seconds
[2023-06-16T16:05:10.020+0000] {processor.py:157} INFO - Started process (PID=115) to work on /home/airflow/.local/lib/python3.7/site-packages/airflow/example_dags/example_dag_decorator.py
[2023-06-16T16:05:10.021+0000] {processor.py:826} INFO - Processing file /home/airflow/.local/lib/python3.7/site-packages/airflow/example_dags/example_dag_decorator.py for tasks to queue
[2023-06-16T16:05:10.023+0000] {logging_mixin.py:149} INFO - [2023-06-16T16:05:10.022+0000] {dagbag.py:541} INFO - Filling up the DagBag from /home/airflow/.local/lib/python3.7/site-packages/airflow/example_dags/example_dag_decorator.py
[2023-06-16T16:05:10.033+0000] {logging_mixin.py:149} INFO - [2023-06-16T16:05:10.032+0000] {taskmixin.py:211} WARNING - Dependency <Task(_PythonDecoratedOperator): prepare_email>, send_email already registered for DAG: example_dag_decorator
[2023-06-16T16:05:10.033+0000] {logging_mixin.py:149} INFO - [2023-06-16T16:05:10.033+0000] {taskmixin.py:211} WARNING - Dependency <Task(EmailOperator): send_email>, prepare_email already registered for DAG: example_dag_decorator
[2023-06-16T16:05:10.047+0000] {processor.py:836} INFO - DAG(s) dict_keys(['example_dag_decorator']) retrieved from /home/airflow/.local/lib/python3.7/site-packages/airflow/example_dags/example_dag_decorator.py
[2023-06-16T16:05:10.196+0000] {logging_mixin.py:149} INFO - [2023-06-16T16:05:10.195+0000] {dag.py:2726} INFO - Sync 1 DAGs
[2023-06-16T16:05:10.239+0000] {logging_mixin.py:149} INFO - [2023-06-16T16:05:10.239+0000] {dag.py:3490} INFO - Setting next_dagrun for example_dag_decorator to None, run_after=None
[2023-06-16T16:05:10.269+0000] {processor.py:179} INFO - Processing /home/airflow/.local/lib/python3.7/site-packages/airflow/example_dags/example_dag_decorator.py took 0.253 seconds
[2023-06-16T16:05:41.141+0000] {processor.py:157} INFO - Started process (PID=180) to work on /home/airflow/.local/lib/python3.7/site-packages/airflow/example_dags/example_dag_decorator.py
[2023-06-16T16:05:41.142+0000] {processor.py:826} INFO - Processing file /home/airflow/.local/lib/python3.7/site-packages/airflow/example_dags/example_dag_decorator.py for tasks to queue
[2023-06-16T16:05:41.142+0000] {logging_mixin.py:149} INFO - [2023-06-16T16:05:41.142+0000] {dagbag.py:541} INFO - Filling up the DagBag from /home/airflow/.local/lib/python3.7/site-packages/airflow/example_dags/example_dag_decorator.py
[2023-06-16T16:05:41.148+0000] {logging_mixin.py:149} INFO - [2023-06-16T16:05:41.148+0000] {taskmixin.py:211} WARNING - Dependency <Task(_PythonDecoratedOperator): prepare_email>, send_email already registered for DAG: example_dag_decorator
[2023-06-16T16:05:41.149+0000] {logging_mixin.py:149} INFO - [2023-06-16T16:05:41.149+0000] {taskmixin.py:211} WARNING - Dependency <Task(EmailOperator): send_email>, prepare_email already registered for DAG: example_dag_decorator
[2023-06-16T16:05:41.157+0000] {processor.py:836} INFO - DAG(s) dict_keys(['example_dag_decorator']) retrieved from /home/airflow/.local/lib/python3.7/site-packages/airflow/example_dags/example_dag_decorator.py
[2023-06-16T16:05:41.251+0000] {logging_mixin.py:149} INFO - [2023-06-16T16:05:41.250+0000] {dag.py:2726} INFO - Sync 1 DAGs
[2023-06-16T16:05:41.281+0000] {logging_mixin.py:149} INFO - [2023-06-16T16:05:41.281+0000] {dag.py:3490} INFO - Setting next_dagrun for example_dag_decorator to None, run_after=None
[2023-06-16T16:05:41.313+0000] {processor.py:179} INFO - Processing /home/airflow/.local/lib/python3.7/site-packages/airflow/example_dags/example_dag_decorator.py took 0.175 seconds
