[2023-06-16T16:04:35.899+0000] {processor.py:157} INFO - Started process (PID=33) to work on /home/airflow/.local/lib/python3.7/site-packages/airflow/example_dags/example_subdag_operator.py
[2023-06-16T16:04:35.900+0000] {processor.py:826} INFO - Processing file /home/airflow/.local/lib/python3.7/site-packages/airflow/example_dags/example_subdag_operator.py for tasks to queue
[2023-06-16T16:04:35.901+0000] {logging_mixin.py:149} INFO - [2023-06-16T16:04:35.901+0000] {dagbag.py:541} INFO - Filling up the DagBag from /home/airflow/.local/lib/python3.7/site-packages/airflow/example_dags/example_subdag_operator.py
[2023-06-16T16:04:35.936+0000] {processor.py:836} INFO - DAG(s) dict_keys(['example_subdag_operator.section-1', 'example_subdag_operator.section-2', 'example_subdag_operator']) retrieved from /home/airflow/.local/lib/python3.7/site-packages/airflow/example_dags/example_subdag_operator.py
[2023-06-16T16:04:36.095+0000] {logging_mixin.py:149} INFO - [2023-06-16T16:04:36.095+0000] {dag.py:2726} INFO - Sync 3 DAGs
[2023-06-16T16:04:36.126+0000] {logging_mixin.py:149} INFO - [2023-06-16T16:04:36.125+0000] {dag.py:3490} INFO - Setting next_dagrun for example_subdag_operator to 2022-01-01T00:00:00+00:00, run_after=2022-01-01T00:00:00+00:00
[2023-06-16T16:04:36.129+0000] {logging_mixin.py:149} INFO - [2023-06-16T16:04:36.129+0000] {dag.py:3490} INFO - Setting next_dagrun for example_subdag_operator.section-1 to None, run_after=None
[2023-06-16T16:04:36.131+0000] {logging_mixin.py:149} INFO - [2023-06-16T16:04:36.131+0000] {dag.py:3490} INFO - Setting next_dagrun for example_subdag_operator.section-2 to None, run_after=None
[2023-06-16T16:04:36.140+0000] {logging_mixin.py:149} INFO - [2023-06-16T16:04:36.140+0000] {dag.py:2726} INFO - Sync 2 DAGs
[2023-06-16T16:04:36.146+0000] {logging_mixin.py:149} INFO - [2023-06-16T16:04:36.146+0000] {dag.py:3490} INFO - Setting next_dagrun for example_subdag_operator.section-1 to None, run_after=None
[2023-06-16T16:04:36.146+0000] {logging_mixin.py:149} INFO - [2023-06-16T16:04:36.146+0000] {dag.py:3490} INFO - Setting next_dagrun for example_subdag_operator.section-2 to None, run_after=None
[2023-06-16T16:04:36.161+0000] {processor.py:179} INFO - Processing /home/airflow/.local/lib/python3.7/site-packages/airflow/example_dags/example_subdag_operator.py took 0.266 seconds
[2023-06-16T16:05:06.455+0000] {processor.py:157} INFO - Started process (PID=93) to work on /home/airflow/.local/lib/python3.7/site-packages/airflow/example_dags/example_subdag_operator.py
[2023-06-16T16:05:06.456+0000] {processor.py:826} INFO - Processing file /home/airflow/.local/lib/python3.7/site-packages/airflow/example_dags/example_subdag_operator.py for tasks to queue
[2023-06-16T16:05:06.457+0000] {logging_mixin.py:149} INFO - [2023-06-16T16:05:06.456+0000] {dagbag.py:541} INFO - Filling up the DagBag from /home/airflow/.local/lib/python3.7/site-packages/airflow/example_dags/example_subdag_operator.py
[2023-06-16T16:05:06.485+0000] {processor.py:836} INFO - DAG(s) dict_keys(['example_subdag_operator.section-1', 'example_subdag_operator.section-2', 'example_subdag_operator']) retrieved from /home/airflow/.local/lib/python3.7/site-packages/airflow/example_dags/example_subdag_operator.py
[2023-06-16T16:05:06.512+0000] {logging_mixin.py:149} INFO - [2023-06-16T16:05:06.512+0000] {dag.py:2726} INFO - Sync 3 DAGs
[2023-06-16T16:05:06.543+0000] {logging_mixin.py:149} INFO - [2023-06-16T16:05:06.543+0000] {dag.py:3490} INFO - Setting next_dagrun for example_subdag_operator to 2022-01-01T00:00:00+00:00, run_after=2022-01-01T00:00:00+00:00
[2023-06-16T16:05:06.547+0000] {logging_mixin.py:149} INFO - [2023-06-16T16:05:06.546+0000] {dag.py:3490} INFO - Setting next_dagrun for example_subdag_operator.section-1 to None, run_after=None
[2023-06-16T16:05:06.548+0000] {logging_mixin.py:149} INFO - [2023-06-16T16:05:06.548+0000] {dag.py:3490} INFO - Setting next_dagrun for example_subdag_operator.section-2 to None, run_after=None
[2023-06-16T16:05:06.556+0000] {logging_mixin.py:149} INFO - [2023-06-16T16:05:06.556+0000] {dag.py:2726} INFO - Sync 2 DAGs
[2023-06-16T16:05:06.566+0000] {logging_mixin.py:149} INFO - [2023-06-16T16:05:06.566+0000] {dag.py:3490} INFO - Setting next_dagrun for example_subdag_operator.section-1 to None, run_after=None
[2023-06-16T16:05:06.567+0000] {logging_mixin.py:149} INFO - [2023-06-16T16:05:06.567+0000] {dag.py:3490} INFO - Setting next_dagrun for example_subdag_operator.section-2 to None, run_after=None
[2023-06-16T16:05:06.580+0000] {processor.py:179} INFO - Processing /home/airflow/.local/lib/python3.7/site-packages/airflow/example_dags/example_subdag_operator.py took 0.128 seconds
[2023-06-16T16:05:37.406+0000] {processor.py:157} INFO - Started process (PID=159) to work on /home/airflow/.local/lib/python3.7/site-packages/airflow/example_dags/example_subdag_operator.py
[2023-06-16T16:05:37.408+0000] {processor.py:826} INFO - Processing file /home/airflow/.local/lib/python3.7/site-packages/airflow/example_dags/example_subdag_operator.py for tasks to queue
[2023-06-16T16:05:37.410+0000] {logging_mixin.py:149} INFO - [2023-06-16T16:05:37.409+0000] {dagbag.py:541} INFO - Filling up the DagBag from /home/airflow/.local/lib/python3.7/site-packages/airflow/example_dags/example_subdag_operator.py
[2023-06-16T16:05:37.475+0000] {processor.py:836} INFO - DAG(s) dict_keys(['example_subdag_operator.section-1', 'example_subdag_operator.section-2', 'example_subdag_operator']) retrieved from /home/airflow/.local/lib/python3.7/site-packages/airflow/example_dags/example_subdag_operator.py
[2023-06-16T16:05:37.516+0000] {logging_mixin.py:149} INFO - [2023-06-16T16:05:37.516+0000] {dag.py:2726} INFO - Sync 3 DAGs
[2023-06-16T16:05:37.549+0000] {logging_mixin.py:149} INFO - [2023-06-16T16:05:37.549+0000] {dag.py:3490} INFO - Setting next_dagrun for example_subdag_operator to 2022-01-01T00:00:00+00:00, run_after=2022-01-01T00:00:00+00:00
[2023-06-16T16:05:37.553+0000] {logging_mixin.py:149} INFO - [2023-06-16T16:05:37.553+0000] {dag.py:3490} INFO - Setting next_dagrun for example_subdag_operator.section-1 to None, run_after=None
[2023-06-16T16:05:37.556+0000] {logging_mixin.py:149} INFO - [2023-06-16T16:05:37.556+0000] {dag.py:3490} INFO - Setting next_dagrun for example_subdag_operator.section-2 to None, run_after=None
[2023-06-16T16:05:37.569+0000] {logging_mixin.py:149} INFO - [2023-06-16T16:05:37.569+0000] {dag.py:2726} INFO - Sync 2 DAGs
[2023-06-16T16:05:37.576+0000] {logging_mixin.py:149} INFO - [2023-06-16T16:05:37.575+0000] {dag.py:3490} INFO - Setting next_dagrun for example_subdag_operator.section-1 to None, run_after=None
[2023-06-16T16:05:37.576+0000] {logging_mixin.py:149} INFO - [2023-06-16T16:05:37.576+0000] {dag.py:3490} INFO - Setting next_dagrun for example_subdag_operator.section-2 to None, run_after=None
[2023-06-16T16:05:37.591+0000] {processor.py:179} INFO - Processing /home/airflow/.local/lib/python3.7/site-packages/airflow/example_dags/example_subdag_operator.py took 0.195 seconds
