[2023-06-16T16:04:36.496+0000] {processor.py:157} INFO - Started process (PID=36) to work on /home/airflow/.local/lib/python3.7/site-packages/airflow/example_dags/example_task_group.py
[2023-06-16T16:04:36.497+0000] {processor.py:826} INFO - Processing file /home/airflow/.local/lib/python3.7/site-packages/airflow/example_dags/example_task_group.py for tasks to queue
[2023-06-16T16:04:36.498+0000] {logging_mixin.py:149} INFO - [2023-06-16T16:04:36.498+0000] {dagbag.py:541} INFO - Filling up the DagBag from /home/airflow/.local/lib/python3.7/site-packages/airflow/example_dags/example_task_group.py
[2023-06-16T16:04:36.509+0000] {processor.py:836} INFO - DAG(s) dict_keys(['example_task_group']) retrieved from /home/airflow/.local/lib/python3.7/site-packages/airflow/example_dags/example_task_group.py
[2023-06-16T16:04:36.528+0000] {logging_mixin.py:149} INFO - [2023-06-16T16:04:36.528+0000] {dag.py:2726} INFO - Sync 1 DAGs
[2023-06-16T16:04:36.599+0000] {logging_mixin.py:149} INFO - [2023-06-16T16:04:36.599+0000] {dag.py:3490} INFO - Setting next_dagrun for example_task_group to 2023-06-15T16:04:36.599071+00:00, run_after=2023-06-16T16:04:36.599071+00:00
[2023-06-16T16:04:36.656+0000] {processor.py:179} INFO - Processing /home/airflow/.local/lib/python3.7/site-packages/airflow/example_dags/example_task_group.py took 0.164 seconds
[2023-06-16T16:05:06.703+0000] {processor.py:157} INFO - Started process (PID=97) to work on /home/airflow/.local/lib/python3.7/site-packages/airflow/example_dags/example_task_group.py
[2023-06-16T16:05:06.704+0000] {processor.py:826} INFO - Processing file /home/airflow/.local/lib/python3.7/site-packages/airflow/example_dags/example_task_group.py for tasks to queue
[2023-06-16T16:05:06.705+0000] {logging_mixin.py:149} INFO - [2023-06-16T16:05:06.705+0000] {dagbag.py:541} INFO - Filling up the DagBag from /home/airflow/.local/lib/python3.7/site-packages/airflow/example_dags/example_task_group.py
[2023-06-16T16:05:06.715+0000] {processor.py:836} INFO - DAG(s) dict_keys(['example_task_group']) retrieved from /home/airflow/.local/lib/python3.7/site-packages/airflow/example_dags/example_task_group.py
[2023-06-16T16:05:06.751+0000] {logging_mixin.py:149} INFO - [2023-06-16T16:05:06.750+0000] {dag.py:2726} INFO - Sync 1 DAGs
[2023-06-16T16:05:06.783+0000] {logging_mixin.py:149} INFO - [2023-06-16T16:05:06.782+0000] {dag.py:3490} INFO - Setting next_dagrun for example_task_group to 2023-06-15T16:05:06.782591+00:00, run_after=2023-06-16T16:05:06.782591+00:00
[2023-06-16T16:05:06.810+0000] {processor.py:179} INFO - Processing /home/airflow/.local/lib/python3.7/site-packages/airflow/example_dags/example_task_group.py took 0.112 seconds
[2023-06-16T16:05:37.691+0000] {processor.py:157} INFO - Started process (PID=162) to work on /home/airflow/.local/lib/python3.7/site-packages/airflow/example_dags/example_task_group.py
[2023-06-16T16:05:37.692+0000] {processor.py:826} INFO - Processing file /home/airflow/.local/lib/python3.7/site-packages/airflow/example_dags/example_task_group.py for tasks to queue
[2023-06-16T16:05:37.693+0000] {logging_mixin.py:149} INFO - [2023-06-16T16:05:37.692+0000] {dagbag.py:541} INFO - Filling up the DagBag from /home/airflow/.local/lib/python3.7/site-packages/airflow/example_dags/example_task_group.py
[2023-06-16T16:05:37.701+0000] {processor.py:836} INFO - DAG(s) dict_keys(['example_task_group']) retrieved from /home/airflow/.local/lib/python3.7/site-packages/airflow/example_dags/example_task_group.py
[2023-06-16T16:05:37.733+0000] {logging_mixin.py:149} INFO - [2023-06-16T16:05:37.733+0000] {dag.py:2726} INFO - Sync 1 DAGs
[2023-06-16T16:05:37.766+0000] {logging_mixin.py:149} INFO - [2023-06-16T16:05:37.766+0000] {dag.py:3490} INFO - Setting next_dagrun for example_task_group to 2023-06-15T16:05:37.766260+00:00, run_after=2023-06-16T16:05:37.766260+00:00
[2023-06-16T16:05:37.795+0000] {processor.py:179} INFO - Processing /home/airflow/.local/lib/python3.7/site-packages/airflow/example_dags/example_task_group.py took 0.107 seconds
