[2023-06-16T16:04:40.878+0000] {processor.py:157} INFO - Started process (PID=68) to work on /home/airflow/.local/lib/python3.7/site-packages/airflow/example_dags/example_complex.py
[2023-06-16T16:04:40.879+0000] {processor.py:826} INFO - Processing file /home/airflow/.local/lib/python3.7/site-packages/airflow/example_dags/example_complex.py for tasks to queue
[2023-06-16T16:04:40.880+0000] {logging_mixin.py:149} INFO - [2023-06-16T16:04:40.880+0000] {dagbag.py:541} INFO - Filling up the DagBag from /home/airflow/.local/lib/python3.7/site-packages/airflow/example_dags/example_complex.py
[2023-06-16T16:04:40.899+0000] {logging_mixin.py:149} INFO - [2023-06-16T16:04:40.899+0000] {taskmixin.py:211} WARNING - Dependency <Task(BashOperator): create_entry_group>, delete_entry_group already registered for DAG: example_complex
[2023-06-16T16:04:40.900+0000] {logging_mixin.py:149} INFO - [2023-06-16T16:04:40.900+0000] {taskmixin.py:211} WARNING - Dependency <Task(BashOperator): delete_entry_group>, create_entry_group already registered for DAG: example_complex
[2023-06-16T16:04:40.901+0000] {logging_mixin.py:149} INFO - [2023-06-16T16:04:40.900+0000] {taskmixin.py:211} WARNING - Dependency <Task(BashOperator): create_entry_gcs>, delete_entry already registered for DAG: example_complex
[2023-06-16T16:04:40.901+0000] {logging_mixin.py:149} INFO - [2023-06-16T16:04:40.901+0000] {taskmixin.py:211} WARNING - Dependency <Task(BashOperator): delete_entry>, create_entry_gcs already registered for DAG: example_complex
[2023-06-16T16:04:40.902+0000] {logging_mixin.py:149} INFO - [2023-06-16T16:04:40.902+0000] {taskmixin.py:211} WARNING - Dependency <Task(BashOperator): create_tag>, delete_tag already registered for DAG: example_complex
[2023-06-16T16:04:40.904+0000] {logging_mixin.py:149} INFO - [2023-06-16T16:04:40.904+0000] {taskmixin.py:211} WARNING - Dependency <Task(BashOperator): delete_tag>, create_tag already registered for DAG: example_complex
[2023-06-16T16:04:40.909+0000] {processor.py:836} INFO - DAG(s) dict_keys(['example_complex']) retrieved from /home/airflow/.local/lib/python3.7/site-packages/airflow/example_dags/example_complex.py
[2023-06-16T16:04:40.931+0000] {logging_mixin.py:149} INFO - [2023-06-16T16:04:40.931+0000] {dag.py:2726} INFO - Sync 1 DAGs
[2023-06-16T16:04:41.006+0000] {logging_mixin.py:149} INFO - [2023-06-16T16:04:41.005+0000] {dag.py:3490} INFO - Setting next_dagrun for example_complex to None, run_after=None
[2023-06-16T16:04:41.041+0000] {processor.py:179} INFO - Processing /home/airflow/.local/lib/python3.7/site-packages/airflow/example_dags/example_complex.py took 0.167 seconds
[2023-06-16T16:05:11.275+0000] {processor.py:157} INFO - Started process (PID=130) to work on /home/airflow/.local/lib/python3.7/site-packages/airflow/example_dags/example_complex.py
[2023-06-16T16:05:11.293+0000] {processor.py:826} INFO - Processing file /home/airflow/.local/lib/python3.7/site-packages/airflow/example_dags/example_complex.py for tasks to queue
[2023-06-16T16:05:11.294+0000] {logging_mixin.py:149} INFO - [2023-06-16T16:05:11.293+0000] {dagbag.py:541} INFO - Filling up the DagBag from /home/airflow/.local/lib/python3.7/site-packages/airflow/example_dags/example_complex.py
[2023-06-16T16:05:11.305+0000] {logging_mixin.py:149} INFO - [2023-06-16T16:05:11.305+0000] {taskmixin.py:211} WARNING - Dependency <Task(BashOperator): create_entry_group>, delete_entry_group already registered for DAG: example_complex
[2023-06-16T16:05:11.305+0000] {logging_mixin.py:149} INFO - [2023-06-16T16:05:11.305+0000] {taskmixin.py:211} WARNING - Dependency <Task(BashOperator): delete_entry_group>, create_entry_group already registered for DAG: example_complex
[2023-06-16T16:05:11.306+0000] {logging_mixin.py:149} INFO - [2023-06-16T16:05:11.306+0000] {taskmixin.py:211} WARNING - Dependency <Task(BashOperator): create_entry_gcs>, delete_entry already registered for DAG: example_complex
[2023-06-16T16:05:11.306+0000] {logging_mixin.py:149} INFO - [2023-06-16T16:05:11.306+0000] {taskmixin.py:211} WARNING - Dependency <Task(BashOperator): delete_entry>, create_entry_gcs already registered for DAG: example_complex
[2023-06-16T16:05:11.306+0000] {logging_mixin.py:149} INFO - [2023-06-16T16:05:11.306+0000] {taskmixin.py:211} WARNING - Dependency <Task(BashOperator): create_tag>, delete_tag already registered for DAG: example_complex
[2023-06-16T16:05:11.306+0000] {logging_mixin.py:149} INFO - [2023-06-16T16:05:11.306+0000] {taskmixin.py:211} WARNING - Dependency <Task(BashOperator): delete_tag>, create_tag already registered for DAG: example_complex
[2023-06-16T16:05:11.308+0000] {processor.py:836} INFO - DAG(s) dict_keys(['example_complex']) retrieved from /home/airflow/.local/lib/python3.7/site-packages/airflow/example_dags/example_complex.py
[2023-06-16T16:05:11.352+0000] {logging_mixin.py:149} INFO - [2023-06-16T16:05:11.352+0000] {dag.py:2726} INFO - Sync 1 DAGs
[2023-06-16T16:05:11.389+0000] {logging_mixin.py:149} INFO - [2023-06-16T16:05:11.388+0000] {dag.py:3490} INFO - Setting next_dagrun for example_complex to None, run_after=None
[2023-06-16T16:05:11.415+0000] {processor.py:179} INFO - Processing /home/airflow/.local/lib/python3.7/site-packages/airflow/example_dags/example_complex.py took 0.143 seconds
[2023-06-16T16:05:42.234+0000] {processor.py:157} INFO - Started process (PID=194) to work on /home/airflow/.local/lib/python3.7/site-packages/airflow/example_dags/example_complex.py
[2023-06-16T16:05:42.235+0000] {processor.py:826} INFO - Processing file /home/airflow/.local/lib/python3.7/site-packages/airflow/example_dags/example_complex.py for tasks to queue
[2023-06-16T16:05:42.235+0000] {logging_mixin.py:149} INFO - [2023-06-16T16:05:42.235+0000] {dagbag.py:541} INFO - Filling up the DagBag from /home/airflow/.local/lib/python3.7/site-packages/airflow/example_dags/example_complex.py
[2023-06-16T16:05:42.248+0000] {logging_mixin.py:149} INFO - [2023-06-16T16:05:42.248+0000] {taskmixin.py:211} WARNING - Dependency <Task(BashOperator): create_entry_group>, delete_entry_group already registered for DAG: example_complex
[2023-06-16T16:05:42.249+0000] {logging_mixin.py:149} INFO - [2023-06-16T16:05:42.248+0000] {taskmixin.py:211} WARNING - Dependency <Task(BashOperator): delete_entry_group>, create_entry_group already registered for DAG: example_complex
[2023-06-16T16:05:42.249+0000] {logging_mixin.py:149} INFO - [2023-06-16T16:05:42.249+0000] {taskmixin.py:211} WARNING - Dependency <Task(BashOperator): create_entry_gcs>, delete_entry already registered for DAG: example_complex
[2023-06-16T16:05:42.249+0000] {logging_mixin.py:149} INFO - [2023-06-16T16:05:42.249+0000] {taskmixin.py:211} WARNING - Dependency <Task(BashOperator): delete_entry>, create_entry_gcs already registered for DAG: example_complex
[2023-06-16T16:05:42.249+0000] {logging_mixin.py:149} INFO - [2023-06-16T16:05:42.249+0000] {taskmixin.py:211} WARNING - Dependency <Task(BashOperator): create_tag>, delete_tag already registered for DAG: example_complex
[2023-06-16T16:05:42.249+0000] {logging_mixin.py:149} INFO - [2023-06-16T16:05:42.249+0000] {taskmixin.py:211} WARNING - Dependency <Task(BashOperator): delete_tag>, create_tag already registered for DAG: example_complex
[2023-06-16T16:05:42.251+0000] {processor.py:836} INFO - DAG(s) dict_keys(['example_complex']) retrieved from /home/airflow/.local/lib/python3.7/site-packages/airflow/example_dags/example_complex.py
[2023-06-16T16:05:42.297+0000] {logging_mixin.py:149} INFO - [2023-06-16T16:05:42.296+0000] {dag.py:2726} INFO - Sync 1 DAGs
[2023-06-16T16:05:42.329+0000] {logging_mixin.py:149} INFO - [2023-06-16T16:05:42.329+0000] {dag.py:3490} INFO - Setting next_dagrun for example_complex to None, run_after=None
[2023-06-16T16:05:42.354+0000] {processor.py:179} INFO - Processing /home/airflow/.local/lib/python3.7/site-packages/airflow/example_dags/example_complex.py took 0.123 seconds
