[2023-06-16T16:04:39.897+0000] {processor.py:157} INFO - Started process (PID=61) to work on /home/airflow/.local/lib/python3.7/site-packages/airflow/example_dags/example_dynamic_task_mapping.py
[2023-06-16T16:04:39.898+0000] {processor.py:826} INFO - Processing file /home/airflow/.local/lib/python3.7/site-packages/airflow/example_dags/example_dynamic_task_mapping.py for tasks to queue
[2023-06-16T16:04:39.902+0000] {logging_mixin.py:149} INFO - [2023-06-16T16:04:39.899+0000] {dagbag.py:541} INFO - Filling up the DagBag from /home/airflow/.local/lib/python3.7/site-packages/airflow/example_dags/example_dynamic_task_mapping.py
[2023-06-16T16:04:39.914+0000] {processor.py:836} INFO - DAG(s) dict_keys(['example_dynamic_task_mapping']) retrieved from /home/airflow/.local/lib/python3.7/site-packages/airflow/example_dags/example_dynamic_task_mapping.py
[2023-06-16T16:04:39.936+0000] {logging_mixin.py:149} INFO - [2023-06-16T16:04:39.936+0000] {dag.py:2726} INFO - Sync 1 DAGs
[2023-06-16T16:04:40.005+0000] {logging_mixin.py:149} INFO - [2023-06-16T16:04:40.004+0000] {dag.py:3490} INFO - Setting next_dagrun for example_dynamic_task_mapping to 2022-03-04T00:00:00+00:00, run_after=2022-03-05T00:00:00+00:00
[2023-06-16T16:04:40.086+0000] {processor.py:179} INFO - Processing /home/airflow/.local/lib/python3.7/site-packages/airflow/example_dags/example_dynamic_task_mapping.py took 0.199 seconds
[2023-06-16T16:05:10.727+0000] {processor.py:157} INFO - Started process (PID=122) to work on /home/airflow/.local/lib/python3.7/site-packages/airflow/example_dags/example_dynamic_task_mapping.py
[2023-06-16T16:05:10.730+0000] {processor.py:826} INFO - Processing file /home/airflow/.local/lib/python3.7/site-packages/airflow/example_dags/example_dynamic_task_mapping.py for tasks to queue
[2023-06-16T16:05:10.731+0000] {logging_mixin.py:149} INFO - [2023-06-16T16:05:10.731+0000] {dagbag.py:541} INFO - Filling up the DagBag from /home/airflow/.local/lib/python3.7/site-packages/airflow/example_dags/example_dynamic_task_mapping.py
[2023-06-16T16:05:10.739+0000] {processor.py:836} INFO - DAG(s) dict_keys(['example_dynamic_task_mapping']) retrieved from /home/airflow/.local/lib/python3.7/site-packages/airflow/example_dags/example_dynamic_task_mapping.py
[2023-06-16T16:05:10.770+0000] {logging_mixin.py:149} INFO - [2023-06-16T16:05:10.770+0000] {dag.py:2726} INFO - Sync 1 DAGs
[2023-06-16T16:05:10.806+0000] {logging_mixin.py:149} INFO - [2023-06-16T16:05:10.806+0000] {dag.py:3490} INFO - Setting next_dagrun for example_dynamic_task_mapping to 2022-03-04T00:00:00+00:00, run_after=2022-03-05T00:00:00+00:00
[2023-06-16T16:05:10.832+0000] {processor.py:179} INFO - Processing /home/airflow/.local/lib/python3.7/site-packages/airflow/example_dags/example_dynamic_task_mapping.py took 0.110 seconds
[2023-06-16T16:05:41.739+0000] {processor.py:157} INFO - Started process (PID=187) to work on /home/airflow/.local/lib/python3.7/site-packages/airflow/example_dags/example_dynamic_task_mapping.py
[2023-06-16T16:05:41.740+0000] {processor.py:826} INFO - Processing file /home/airflow/.local/lib/python3.7/site-packages/airflow/example_dags/example_dynamic_task_mapping.py for tasks to queue
[2023-06-16T16:05:41.740+0000] {logging_mixin.py:149} INFO - [2023-06-16T16:05:41.740+0000] {dagbag.py:541} INFO - Filling up the DagBag from /home/airflow/.local/lib/python3.7/site-packages/airflow/example_dags/example_dynamic_task_mapping.py
[2023-06-16T16:05:41.747+0000] {processor.py:836} INFO - DAG(s) dict_keys(['example_dynamic_task_mapping']) retrieved from /home/airflow/.local/lib/python3.7/site-packages/airflow/example_dags/example_dynamic_task_mapping.py
[2023-06-16T16:05:41.777+0000] {logging_mixin.py:149} INFO - [2023-06-16T16:05:41.777+0000] {dag.py:2726} INFO - Sync 1 DAGs
[2023-06-16T16:05:41.815+0000] {logging_mixin.py:149} INFO - [2023-06-16T16:05:41.815+0000] {dag.py:3490} INFO - Setting next_dagrun for example_dynamic_task_mapping to 2022-03-04T00:00:00+00:00, run_after=2022-03-05T00:00:00+00:00
[2023-06-16T16:05:41.843+0000] {processor.py:179} INFO - Processing /home/airflow/.local/lib/python3.7/site-packages/airflow/example_dags/example_dynamic_task_mapping.py took 0.108 seconds
