[2023-06-16T16:04:41.345+0000] {processor.py:157} INFO - Started process (PID=73) to work on /home/airflow/.local/lib/python3.7/site-packages/airflow/example_dags/tutorial.py
[2023-06-16T16:04:41.346+0000] {processor.py:826} INFO - Processing file /home/airflow/.local/lib/python3.7/site-packages/airflow/example_dags/tutorial.py for tasks to queue
[2023-06-16T16:04:41.347+0000] {logging_mixin.py:149} INFO - [2023-06-16T16:04:41.346+0000] {dagbag.py:541} INFO - Filling up the DagBag from /home/airflow/.local/lib/python3.7/site-packages/airflow/example_dags/tutorial.py
[2023-06-16T16:04:41.364+0000] {processor.py:836} INFO - DAG(s) dict_keys(['tutorial']) retrieved from /home/airflow/.local/lib/python3.7/site-packages/airflow/example_dags/tutorial.py
[2023-06-16T16:04:41.393+0000] {logging_mixin.py:149} INFO - [2023-06-16T16:04:41.393+0000] {dag.py:2726} INFO - Sync 1 DAGs
[2023-06-16T16:04:41.489+0000] {logging_mixin.py:149} INFO - [2023-06-16T16:04:41.489+0000] {dag.py:3490} INFO - Setting next_dagrun for tutorial to 2023-06-15T16:04:41.488933+00:00, run_after=2023-06-16T16:04:41.488933+00:00
[2023-06-16T16:04:41.538+0000] {processor.py:179} INFO - Processing /home/airflow/.local/lib/python3.7/site-packages/airflow/example_dags/tutorial.py took 0.203 seconds
[2023-06-16T16:05:11.568+0000] {processor.py:157} INFO - Started process (PID=133) to work on /home/airflow/.local/lib/python3.7/site-packages/airflow/example_dags/tutorial.py
[2023-06-16T16:05:11.569+0000] {processor.py:826} INFO - Processing file /home/airflow/.local/lib/python3.7/site-packages/airflow/example_dags/tutorial.py for tasks to queue
[2023-06-16T16:05:11.570+0000] {logging_mixin.py:149} INFO - [2023-06-16T16:05:11.570+0000] {dagbag.py:541} INFO - Filling up the DagBag from /home/airflow/.local/lib/python3.7/site-packages/airflow/example_dags/tutorial.py
[2023-06-16T16:05:11.579+0000] {processor.py:836} INFO - DAG(s) dict_keys(['tutorial']) retrieved from /home/airflow/.local/lib/python3.7/site-packages/airflow/example_dags/tutorial.py
[2023-06-16T16:05:11.610+0000] {logging_mixin.py:149} INFO - [2023-06-16T16:05:11.610+0000] {dag.py:2726} INFO - Sync 1 DAGs
[2023-06-16T16:05:11.664+0000] {logging_mixin.py:149} INFO - [2023-06-16T16:05:11.663+0000] {dag.py:3490} INFO - Setting next_dagrun for tutorial to 2023-06-15T16:05:11.663327+00:00, run_after=2023-06-16T16:05:11.663327+00:00
[2023-06-16T16:05:11.701+0000] {processor.py:179} INFO - Processing /home/airflow/.local/lib/python3.7/site-packages/airflow/example_dags/tutorial.py took 0.136 seconds
[2023-06-16T16:05:42.555+0000] {processor.py:157} INFO - Started process (PID=198) to work on /home/airflow/.local/lib/python3.7/site-packages/airflow/example_dags/tutorial.py
[2023-06-16T16:05:42.556+0000] {processor.py:826} INFO - Processing file /home/airflow/.local/lib/python3.7/site-packages/airflow/example_dags/tutorial.py for tasks to queue
[2023-06-16T16:05:42.556+0000] {logging_mixin.py:149} INFO - [2023-06-16T16:05:42.556+0000] {dagbag.py:541} INFO - Filling up the DagBag from /home/airflow/.local/lib/python3.7/site-packages/airflow/example_dags/tutorial.py
[2023-06-16T16:05:42.564+0000] {processor.py:836} INFO - DAG(s) dict_keys(['tutorial']) retrieved from /home/airflow/.local/lib/python3.7/site-packages/airflow/example_dags/tutorial.py
[2023-06-16T16:05:42.595+0000] {logging_mixin.py:149} INFO - [2023-06-16T16:05:42.595+0000] {dag.py:2726} INFO - Sync 1 DAGs
[2023-06-16T16:05:42.633+0000] {logging_mixin.py:149} INFO - [2023-06-16T16:05:42.632+0000] {dag.py:3490} INFO - Setting next_dagrun for tutorial to 2023-06-15T16:05:42.631775+00:00, run_after=2023-06-16T16:05:42.631775+00:00
[2023-06-16T16:05:42.661+0000] {processor.py:179} INFO - Processing /home/airflow/.local/lib/python3.7/site-packages/airflow/example_dags/tutorial.py took 0.111 seconds
