[2023-06-16T16:04:36.514+0000] {processor.py:157} INFO - Started process (PID=37) to work on /home/airflow/.local/lib/python3.7/site-packages/airflow/example_dags/tutorial_dag.py
[2023-06-16T16:04:36.516+0000] {processor.py:826} INFO - Processing file /home/airflow/.local/lib/python3.7/site-packages/airflow/example_dags/tutorial_dag.py for tasks to queue
[2023-06-16T16:04:36.518+0000] {logging_mixin.py:149} INFO - [2023-06-16T16:04:36.517+0000] {dagbag.py:541} INFO - Filling up the DagBag from /home/airflow/.local/lib/python3.7/site-packages/airflow/example_dags/tutorial_dag.py
[2023-06-16T16:04:36.525+0000] {processor.py:836} INFO - DAG(s) dict_keys(['tutorial_dag']) retrieved from /home/airflow/.local/lib/python3.7/site-packages/airflow/example_dags/tutorial_dag.py
[2023-06-16T16:04:36.556+0000] {logging_mixin.py:149} INFO - [2023-06-16T16:04:36.556+0000] {dag.py:2726} INFO - Sync 1 DAGs
[2023-06-16T16:04:36.607+0000] {logging_mixin.py:149} INFO - [2023-06-16T16:04:36.607+0000] {dag.py:3490} INFO - Setting next_dagrun for tutorial_dag to None, run_after=None
[2023-06-16T16:04:36.643+0000] {processor.py:179} INFO - Processing /home/airflow/.local/lib/python3.7/site-packages/airflow/example_dags/tutorial_dag.py took 0.134 seconds
[2023-06-16T16:05:06.754+0000] {processor.py:157} INFO - Started process (PID=98) to work on /home/airflow/.local/lib/python3.7/site-packages/airflow/example_dags/tutorial_dag.py
[2023-06-16T16:05:06.754+0000] {processor.py:826} INFO - Processing file /home/airflow/.local/lib/python3.7/site-packages/airflow/example_dags/tutorial_dag.py for tasks to queue
[2023-06-16T16:05:06.755+0000] {logging_mixin.py:149} INFO - [2023-06-16T16:05:06.755+0000] {dagbag.py:541} INFO - Filling up the DagBag from /home/airflow/.local/lib/python3.7/site-packages/airflow/example_dags/tutorial_dag.py
[2023-06-16T16:05:06.759+0000] {processor.py:836} INFO - DAG(s) dict_keys(['tutorial_dag']) retrieved from /home/airflow/.local/lib/python3.7/site-packages/airflow/example_dags/tutorial_dag.py
[2023-06-16T16:05:06.790+0000] {logging_mixin.py:149} INFO - [2023-06-16T16:05:06.790+0000] {dag.py:2726} INFO - Sync 1 DAGs
[2023-06-16T16:05:06.823+0000] {logging_mixin.py:149} INFO - [2023-06-16T16:05:06.823+0000] {dag.py:3490} INFO - Setting next_dagrun for tutorial_dag to None, run_after=None
[2023-06-16T16:05:06.842+0000] {processor.py:179} INFO - Processing /home/airflow/.local/lib/python3.7/site-packages/airflow/example_dags/tutorial_dag.py took 0.092 seconds
[2023-06-16T16:05:37.760+0000] {processor.py:157} INFO - Started process (PID=163) to work on /home/airflow/.local/lib/python3.7/site-packages/airflow/example_dags/tutorial_dag.py
[2023-06-16T16:05:37.762+0000] {processor.py:826} INFO - Processing file /home/airflow/.local/lib/python3.7/site-packages/airflow/example_dags/tutorial_dag.py for tasks to queue
[2023-06-16T16:05:37.763+0000] {logging_mixin.py:149} INFO - [2023-06-16T16:05:37.762+0000] {dagbag.py:541} INFO - Filling up the DagBag from /home/airflow/.local/lib/python3.7/site-packages/airflow/example_dags/tutorial_dag.py
[2023-06-16T16:05:37.768+0000] {processor.py:836} INFO - DAG(s) dict_keys(['tutorial_dag']) retrieved from /home/airflow/.local/lib/python3.7/site-packages/airflow/example_dags/tutorial_dag.py
[2023-06-16T16:05:37.799+0000] {logging_mixin.py:149} INFO - [2023-06-16T16:05:37.799+0000] {dag.py:2726} INFO - Sync 1 DAGs
[2023-06-16T16:05:37.833+0000] {logging_mixin.py:149} INFO - [2023-06-16T16:05:37.833+0000] {dag.py:3490} INFO - Setting next_dagrun for tutorial_dag to None, run_after=None
[2023-06-16T16:05:37.857+0000] {processor.py:179} INFO - Processing /home/airflow/.local/lib/python3.7/site-packages/airflow/example_dags/tutorial_dag.py took 0.100 seconds
