[2023-06-16T20:34:56.330+0000] {processor.py:157} INFO - Started process (PID=31) to work on /opt/airflow/dags/get_token.py
[2023-06-16T20:34:56.331+0000] {processor.py:826} INFO - Processing file /opt/airflow/dags/get_token.py for tasks to queue
[2023-06-16T20:34:56.332+0000] {logging_mixin.py:149} INFO - [2023-06-16T20:34:56.332+0000] {dagbag.py:541} INFO - Filling up the DagBag from /opt/airflow/dags/get_token.py
[2023-06-16T20:34:56.342+0000] {logging_mixin.py:149} INFO - [2023-06-16T20:34:56.341+0000] {dagbag.py:350} ERROR - Failed to import: /opt/airflow/dags/get_token.py
Traceback (most recent call last):
  File "/home/airflow/.local/lib/python3.7/site-packages/airflow/models/dagbag.py", line 346, in parse
    loader.exec_module(new_module)
  File "<frozen importlib._bootstrap_external>", line 728, in exec_module
  File "<frozen importlib._bootstrap>", line 219, in _call_with_frames_removed
  File "/opt/airflow/dags/get_token.py", line 6, in <module>
    from airflow.secrets import get_secret
ImportError: cannot import name 'get_secret' from 'airflow.secrets' (/home/airflow/.local/lib/python3.7/site-packages/airflow/secrets/__init__.py)
[2023-06-16T20:34:56.342+0000] {processor.py:838} WARNING - No viable dags retrieved from /opt/airflow/dags/get_token.py
[2023-06-16T20:34:56.363+0000] {processor.py:179} INFO - Processing /opt/airflow/dags/get_token.py took 0.036 seconds
[2023-06-16T20:35:26.563+0000] {processor.py:157} INFO - Started process (PID=40) to work on /opt/airflow/dags/get_token.py
[2023-06-16T20:35:26.564+0000] {processor.py:826} INFO - Processing file /opt/airflow/dags/get_token.py for tasks to queue
[2023-06-16T20:35:26.565+0000] {logging_mixin.py:149} INFO - [2023-06-16T20:35:26.565+0000] {dagbag.py:541} INFO - Filling up the DagBag from /opt/airflow/dags/get_token.py
[2023-06-16T20:35:26.568+0000] {logging_mixin.py:149} INFO - [2023-06-16T20:35:26.567+0000] {dagbag.py:350} ERROR - Failed to import: /opt/airflow/dags/get_token.py
Traceback (most recent call last):
  File "/home/airflow/.local/lib/python3.7/site-packages/airflow/models/dagbag.py", line 346, in parse
    loader.exec_module(new_module)
  File "<frozen importlib._bootstrap_external>", line 728, in exec_module
  File "<frozen importlib._bootstrap>", line 219, in _call_with_frames_removed
  File "/opt/airflow/dags/get_token.py", line 6, in <module>
    from airflow.secrets import get_secret
ImportError: cannot import name 'get_secret' from 'airflow.secrets' (/home/airflow/.local/lib/python3.7/site-packages/airflow/secrets/__init__.py)
[2023-06-16T20:35:26.568+0000] {processor.py:838} WARNING - No viable dags retrieved from /opt/airflow/dags/get_token.py
[2023-06-16T20:35:26.587+0000] {processor.py:179} INFO - Processing /opt/airflow/dags/get_token.py took 0.027 seconds
[2023-06-16T20:35:56.796+0000] {processor.py:157} INFO - Started process (PID=50) to work on /opt/airflow/dags/get_token.py
[2023-06-16T20:35:56.797+0000] {processor.py:826} INFO - Processing file /opt/airflow/dags/get_token.py for tasks to queue
[2023-06-16T20:35:56.798+0000] {logging_mixin.py:149} INFO - [2023-06-16T20:35:56.798+0000] {dagbag.py:541} INFO - Filling up the DagBag from /opt/airflow/dags/get_token.py
[2023-06-16T20:35:56.801+0000] {logging_mixin.py:149} INFO - [2023-06-16T20:35:56.800+0000] {dagbag.py:350} ERROR - Failed to import: /opt/airflow/dags/get_token.py
Traceback (most recent call last):
  File "/home/airflow/.local/lib/python3.7/site-packages/airflow/models/dagbag.py", line 346, in parse
    loader.exec_module(new_module)
  File "<frozen importlib._bootstrap_external>", line 728, in exec_module
  File "<frozen importlib._bootstrap>", line 219, in _call_with_frames_removed
  File "/opt/airflow/dags/get_token.py", line 6, in <module>
    from airflow.secrets import get_secret
ImportError: cannot import name 'get_secret' from 'airflow.secrets' (/home/airflow/.local/lib/python3.7/site-packages/airflow/secrets/__init__.py)
[2023-06-16T20:35:56.802+0000] {processor.py:838} WARNING - No viable dags retrieved from /opt/airflow/dags/get_token.py
[2023-06-16T20:35:56.821+0000] {processor.py:179} INFO - Processing /opt/airflow/dags/get_token.py took 0.029 seconds
[2023-06-16T20:36:26.995+0000] {processor.py:157} INFO - Started process (PID=58) to work on /opt/airflow/dags/get_token.py
[2023-06-16T20:36:26.996+0000] {processor.py:826} INFO - Processing file /opt/airflow/dags/get_token.py for tasks to queue
[2023-06-16T20:36:26.997+0000] {logging_mixin.py:149} INFO - [2023-06-16T20:36:26.996+0000] {dagbag.py:541} INFO - Filling up the DagBag from /opt/airflow/dags/get_token.py
[2023-06-16T20:36:26.999+0000] {logging_mixin.py:149} INFO - [2023-06-16T20:36:26.998+0000] {dagbag.py:350} ERROR - Failed to import: /opt/airflow/dags/get_token.py
Traceback (most recent call last):
  File "/home/airflow/.local/lib/python3.7/site-packages/airflow/models/dagbag.py", line 346, in parse
    loader.exec_module(new_module)
  File "<frozen importlib._bootstrap_external>", line 728, in exec_module
  File "<frozen importlib._bootstrap>", line 219, in _call_with_frames_removed
  File "/opt/airflow/dags/get_token.py", line 6, in <module>
    from airflow.secrets import get_secret
ImportError: cannot import name 'get_secret' from 'airflow.secrets' (/home/airflow/.local/lib/python3.7/site-packages/airflow/secrets/__init__.py)
[2023-06-16T20:36:26.999+0000] {processor.py:838} WARNING - No viable dags retrieved from /opt/airflow/dags/get_token.py
[2023-06-16T20:36:27.017+0000] {processor.py:179} INFO - Processing /opt/airflow/dags/get_token.py took 0.025 seconds
[2023-06-16T20:36:57.201+0000] {processor.py:157} INFO - Started process (PID=67) to work on /opt/airflow/dags/get_token.py
[2023-06-16T20:36:57.201+0000] {processor.py:826} INFO - Processing file /opt/airflow/dags/get_token.py for tasks to queue
[2023-06-16T20:36:57.202+0000] {logging_mixin.py:149} INFO - [2023-06-16T20:36:57.202+0000] {dagbag.py:541} INFO - Filling up the DagBag from /opt/airflow/dags/get_token.py
[2023-06-16T20:36:57.205+0000] {logging_mixin.py:149} INFO - [2023-06-16T20:36:57.204+0000] {dagbag.py:350} ERROR - Failed to import: /opt/airflow/dags/get_token.py
Traceback (most recent call last):
  File "/home/airflow/.local/lib/python3.7/site-packages/airflow/models/dagbag.py", line 346, in parse
    loader.exec_module(new_module)
  File "<frozen importlib._bootstrap_external>", line 728, in exec_module
  File "<frozen importlib._bootstrap>", line 219, in _call_with_frames_removed
  File "/opt/airflow/dags/get_token.py", line 6, in <module>
    from airflow.secrets import get_secret
ImportError: cannot import name 'get_secret' from 'airflow.secrets' (/home/airflow/.local/lib/python3.7/site-packages/airflow/secrets/__init__.py)
[2023-06-16T20:36:57.205+0000] {processor.py:838} WARNING - No viable dags retrieved from /opt/airflow/dags/get_token.py
[2023-06-16T20:36:57.224+0000] {processor.py:179} INFO - Processing /opt/airflow/dags/get_token.py took 0.026 seconds
[2023-06-16T20:37:22.443+0000] {processor.py:157} INFO - Started process (PID=75) to work on /opt/airflow/dags/get_token.py
[2023-06-16T20:37:22.445+0000] {processor.py:826} INFO - Processing file /opt/airflow/dags/get_token.py for tasks to queue
[2023-06-16T20:37:22.447+0000] {logging_mixin.py:149} INFO - [2023-06-16T20:37:22.447+0000] {dagbag.py:541} INFO - Filling up the DagBag from /opt/airflow/dags/get_token.py
[2023-06-16T20:37:22.464+0000] {processor.py:836} INFO - DAG(s) dict_keys(['spotify_dag']) retrieved from /opt/airflow/dags/get_token.py
[2023-06-16T20:37:22.704+0000] {logging_mixin.py:149} INFO - [2023-06-16T20:37:22.704+0000] {manager.py:504} INFO - Created Permission View: can read on DAG:spotify_dag
[2023-06-16T20:37:22.713+0000] {logging_mixin.py:149} INFO - [2023-06-16T20:37:22.713+0000] {manager.py:504} INFO - Created Permission View: can edit on DAG:spotify_dag
[2023-06-16T20:37:22.723+0000] {logging_mixin.py:149} INFO - [2023-06-16T20:37:22.723+0000] {manager.py:504} INFO - Created Permission View: can delete on DAG:spotify_dag
[2023-06-16T20:37:22.724+0000] {logging_mixin.py:149} INFO - [2023-06-16T20:37:22.724+0000] {dag.py:2726} INFO - Sync 1 DAGs
[2023-06-16T20:37:22.848+0000] {logging_mixin.py:149} INFO - [2023-06-16T20:37:22.847+0000] {dag.py:2747} INFO - Creating ORM DAG for spotify_dag
[2023-06-16T20:37:22.858+0000] {logging_mixin.py:149} INFO - [2023-06-16T20:37:22.858+0000] {dag.py:3490} INFO - Setting next_dagrun for spotify_dag to 2023-06-16T00:00:00+00:00, run_after=2023-06-16T00:00:00+00:00
[2023-06-16T20:37:22.875+0000] {processor.py:179} INFO - Processing /opt/airflow/dags/get_token.py took 0.443 seconds
[2023-06-16T20:37:53.665+0000] {processor.py:157} INFO - Started process (PID=85) to work on /opt/airflow/dags/get_token.py
[2023-06-16T20:37:53.670+0000] {processor.py:826} INFO - Processing file /opt/airflow/dags/get_token.py for tasks to queue
[2023-06-16T20:37:53.671+0000] {logging_mixin.py:149} INFO - [2023-06-16T20:37:53.671+0000] {dagbag.py:541} INFO - Filling up the DagBag from /opt/airflow/dags/get_token.py
[2023-06-16T20:37:53.677+0000] {processor.py:836} INFO - DAG(s) dict_keys(['spotify_dag']) retrieved from /opt/airflow/dags/get_token.py
[2023-06-16T20:37:53.706+0000] {logging_mixin.py:149} INFO - [2023-06-16T20:37:53.706+0000] {dag.py:2726} INFO - Sync 1 DAGs
[2023-06-16T20:37:53.729+0000] {logging_mixin.py:149} INFO - [2023-06-16T20:37:53.729+0000] {dag.py:3490} INFO - Setting next_dagrun for spotify_dag to 2023-06-16T00:00:00+00:00, run_after=2023-06-16T00:00:00+00:00
[2023-06-16T20:37:53.743+0000] {processor.py:179} INFO - Processing /opt/airflow/dags/get_token.py took 0.081 seconds
[2023-06-16T20:38:23.981+0000] {processor.py:157} INFO - Started process (PID=104) to work on /opt/airflow/dags/get_token.py
[2023-06-16T20:38:23.981+0000] {processor.py:826} INFO - Processing file /opt/airflow/dags/get_token.py for tasks to queue
[2023-06-16T20:38:23.982+0000] {logging_mixin.py:149} INFO - [2023-06-16T20:38:23.982+0000] {dagbag.py:541} INFO - Filling up the DagBag from /opt/airflow/dags/get_token.py
[2023-06-16T20:38:23.988+0000] {processor.py:836} INFO - DAG(s) dict_keys(['spotify_dag']) retrieved from /opt/airflow/dags/get_token.py
[2023-06-16T20:38:24.060+0000] {logging_mixin.py:149} INFO - [2023-06-16T20:38:24.060+0000] {dag.py:2726} INFO - Sync 1 DAGs
[2023-06-16T20:38:24.089+0000] {logging_mixin.py:149} INFO - [2023-06-16T20:38:24.089+0000] {dag.py:3490} INFO - Setting next_dagrun for spotify_dag to 2023-06-16T00:00:00+00:00, run_after=2023-06-16T00:00:00+00:00
[2023-06-16T20:38:24.112+0000] {processor.py:179} INFO - Processing /opt/airflow/dags/get_token.py took 0.134 seconds
[2023-06-16T20:38:54.357+0000] {processor.py:157} INFO - Started process (PID=114) to work on /opt/airflow/dags/get_token.py
[2023-06-16T20:38:54.364+0000] {processor.py:826} INFO - Processing file /opt/airflow/dags/get_token.py for tasks to queue
[2023-06-16T20:38:54.367+0000] {logging_mixin.py:149} INFO - [2023-06-16T20:38:54.366+0000] {dagbag.py:541} INFO - Filling up the DagBag from /opt/airflow/dags/get_token.py
[2023-06-16T20:38:54.387+0000] {processor.py:836} INFO - DAG(s) dict_keys(['spotify_dag']) retrieved from /opt/airflow/dags/get_token.py
[2023-06-16T20:38:54.418+0000] {logging_mixin.py:149} INFO - [2023-06-16T20:38:54.417+0000] {dag.py:2726} INFO - Sync 1 DAGs
[2023-06-16T20:38:54.447+0000] {logging_mixin.py:149} INFO - [2023-06-16T20:38:54.447+0000] {dag.py:3490} INFO - Setting next_dagrun for spotify_dag to 2023-06-16T00:00:00+00:00, run_after=2023-06-16T00:00:00+00:00
[2023-06-16T20:38:54.467+0000] {processor.py:179} INFO - Processing /opt/airflow/dags/get_token.py took 0.119 seconds
[2023-06-16T20:39:10.609+0000] {processor.py:157} INFO - Started process (PID=124) to work on /opt/airflow/dags/get_token.py
[2023-06-16T20:39:10.612+0000] {processor.py:826} INFO - Processing file /opt/airflow/dags/get_token.py for tasks to queue
[2023-06-16T20:39:10.614+0000] {logging_mixin.py:149} INFO - [2023-06-16T20:39:10.614+0000] {dagbag.py:541} INFO - Filling up the DagBag from /opt/airflow/dags/get_token.py
[2023-06-16T20:39:10.633+0000] {processor.py:836} INFO - DAG(s) dict_keys(['get_token']) retrieved from /opt/airflow/dags/get_token.py
[2023-06-16T20:39:10.818+0000] {logging_mixin.py:149} INFO - [2023-06-16T20:39:10.818+0000] {manager.py:504} INFO - Created Permission View: can read on DAG:get_token
[2023-06-16T20:39:10.827+0000] {logging_mixin.py:149} INFO - [2023-06-16T20:39:10.827+0000] {manager.py:504} INFO - Created Permission View: can edit on DAG:get_token
[2023-06-16T20:39:10.833+0000] {logging_mixin.py:149} INFO - [2023-06-16T20:39:10.833+0000] {manager.py:504} INFO - Created Permission View: can delete on DAG:get_token
[2023-06-16T20:39:10.833+0000] {logging_mixin.py:149} INFO - [2023-06-16T20:39:10.833+0000] {dag.py:2726} INFO - Sync 1 DAGs
[2023-06-16T20:39:10.846+0000] {logging_mixin.py:149} INFO - [2023-06-16T20:39:10.846+0000] {dag.py:2747} INFO - Creating ORM DAG for get_token
[2023-06-16T20:39:10.855+0000] {logging_mixin.py:149} INFO - [2023-06-16T20:39:10.855+0000] {dag.py:3490} INFO - Setting next_dagrun for get_token to 2023-06-16T00:00:00+00:00, run_after=2023-06-16T00:00:00+00:00
[2023-06-16T20:39:10.871+0000] {processor.py:179} INFO - Processing /opt/airflow/dags/get_token.py took 0.272 seconds
[2023-06-16T20:39:41.052+0000] {processor.py:157} INFO - Started process (PID=142) to work on /opt/airflow/dags/get_token.py
[2023-06-16T20:39:41.053+0000] {processor.py:826} INFO - Processing file /opt/airflow/dags/get_token.py for tasks to queue
[2023-06-16T20:39:41.053+0000] {logging_mixin.py:149} INFO - [2023-06-16T20:39:41.053+0000] {dagbag.py:541} INFO - Filling up the DagBag from /opt/airflow/dags/get_token.py
[2023-06-16T20:39:41.060+0000] {processor.py:836} INFO - DAG(s) dict_keys(['get_token']) retrieved from /opt/airflow/dags/get_token.py
[2023-06-16T20:39:41.084+0000] {logging_mixin.py:149} INFO - [2023-06-16T20:39:41.084+0000] {dag.py:2726} INFO - Sync 1 DAGs
[2023-06-16T20:39:41.107+0000] {logging_mixin.py:149} INFO - [2023-06-16T20:39:41.107+0000] {dag.py:3490} INFO - Setting next_dagrun for get_token to 2023-06-16T00:00:00+00:00, run_after=2023-06-16T00:00:00+00:00
[2023-06-16T20:39:41.203+0000] {processor.py:179} INFO - Processing /opt/airflow/dags/get_token.py took 0.153 seconds
[2023-06-16T20:40:11.410+0000] {processor.py:157} INFO - Started process (PID=160) to work on /opt/airflow/dags/get_token.py
[2023-06-16T20:40:11.415+0000] {processor.py:826} INFO - Processing file /opt/airflow/dags/get_token.py for tasks to queue
[2023-06-16T20:40:11.416+0000] {logging_mixin.py:149} INFO - [2023-06-16T20:40:11.416+0000] {dagbag.py:541} INFO - Filling up the DagBag from /opt/airflow/dags/get_token.py
[2023-06-16T20:40:11.423+0000] {processor.py:836} INFO - DAG(s) dict_keys(['get_token']) retrieved from /opt/airflow/dags/get_token.py
[2023-06-16T20:40:11.447+0000] {logging_mixin.py:149} INFO - [2023-06-16T20:40:11.447+0000] {dag.py:2726} INFO - Sync 1 DAGs
[2023-06-16T20:40:11.557+0000] {logging_mixin.py:149} INFO - [2023-06-16T20:40:11.557+0000] {dag.py:3490} INFO - Setting next_dagrun for get_token to None, run_after=None
[2023-06-16T20:40:11.572+0000] {processor.py:179} INFO - Processing /opt/airflow/dags/get_token.py took 0.165 seconds
[2023-06-16T20:40:41.793+0000] {processor.py:157} INFO - Started process (PID=178) to work on /opt/airflow/dags/get_token.py
[2023-06-16T20:40:41.798+0000] {processor.py:826} INFO - Processing file /opt/airflow/dags/get_token.py for tasks to queue
[2023-06-16T20:40:41.799+0000] {logging_mixin.py:149} INFO - [2023-06-16T20:40:41.799+0000] {dagbag.py:541} INFO - Filling up the DagBag from /opt/airflow/dags/get_token.py
[2023-06-16T20:40:41.806+0000] {processor.py:836} INFO - DAG(s) dict_keys(['get_token']) retrieved from /opt/airflow/dags/get_token.py
[2023-06-16T20:40:41.918+0000] {logging_mixin.py:149} INFO - [2023-06-16T20:40:41.918+0000] {dag.py:2726} INFO - Sync 1 DAGs
[2023-06-16T20:40:41.941+0000] {logging_mixin.py:149} INFO - [2023-06-16T20:40:41.941+0000] {dag.py:3490} INFO - Setting next_dagrun for get_token to None, run_after=None
[2023-06-16T20:40:41.955+0000] {processor.py:179} INFO - Processing /opt/airflow/dags/get_token.py took 0.166 seconds
[2023-06-16T20:41:12.198+0000] {processor.py:157} INFO - Started process (PID=195) to work on /opt/airflow/dags/get_token.py
[2023-06-16T20:41:12.204+0000] {processor.py:826} INFO - Processing file /opt/airflow/dags/get_token.py for tasks to queue
[2023-06-16T20:41:12.206+0000] {logging_mixin.py:149} INFO - [2023-06-16T20:41:12.206+0000] {dagbag.py:541} INFO - Filling up the DagBag from /opt/airflow/dags/get_token.py
[2023-06-16T20:41:12.222+0000] {processor.py:836} INFO - DAG(s) dict_keys(['get_token']) retrieved from /opt/airflow/dags/get_token.py
[2023-06-16T20:41:12.326+0000] {logging_mixin.py:149} INFO - [2023-06-16T20:41:12.325+0000] {dag.py:2726} INFO - Sync 1 DAGs
[2023-06-16T20:41:12.346+0000] {logging_mixin.py:149} INFO - [2023-06-16T20:41:12.345+0000] {dag.py:3490} INFO - Setting next_dagrun for get_token to None, run_after=None
[2023-06-16T20:41:12.358+0000] {processor.py:179} INFO - Processing /opt/airflow/dags/get_token.py took 0.172 seconds
[2023-06-16T20:41:42.592+0000] {processor.py:157} INFO - Started process (PID=213) to work on /opt/airflow/dags/get_token.py
[2023-06-16T20:41:42.595+0000] {processor.py:826} INFO - Processing file /opt/airflow/dags/get_token.py for tasks to queue
[2023-06-16T20:41:42.597+0000] {logging_mixin.py:149} INFO - [2023-06-16T20:41:42.597+0000] {dagbag.py:541} INFO - Filling up the DagBag from /opt/airflow/dags/get_token.py
[2023-06-16T20:41:42.614+0000] {processor.py:836} INFO - DAG(s) dict_keys(['get_token']) retrieved from /opt/airflow/dags/get_token.py
[2023-06-16T20:41:42.642+0000] {logging_mixin.py:149} INFO - [2023-06-16T20:41:42.642+0000] {dag.py:2726} INFO - Sync 1 DAGs
[2023-06-16T20:41:42.664+0000] {logging_mixin.py:149} INFO - [2023-06-16T20:41:42.664+0000] {dag.py:3490} INFO - Setting next_dagrun for get_token to None, run_after=None
[2023-06-16T20:41:42.679+0000] {processor.py:179} INFO - Processing /opt/airflow/dags/get_token.py took 0.097 seconds
[2023-06-16T20:42:12.856+0000] {processor.py:157} INFO - Started process (PID=229) to work on /opt/airflow/dags/get_token.py
[2023-06-16T20:42:12.857+0000] {processor.py:826} INFO - Processing file /opt/airflow/dags/get_token.py for tasks to queue
[2023-06-16T20:42:12.858+0000] {logging_mixin.py:149} INFO - [2023-06-16T20:42:12.858+0000] {dagbag.py:541} INFO - Filling up the DagBag from /opt/airflow/dags/get_token.py
[2023-06-16T20:42:12.870+0000] {processor.py:836} INFO - DAG(s) dict_keys(['get_token']) retrieved from /opt/airflow/dags/get_token.py
[2023-06-16T20:42:12.914+0000] {logging_mixin.py:149} INFO - [2023-06-16T20:42:12.914+0000] {dag.py:2726} INFO - Sync 1 DAGs
[2023-06-16T20:42:12.955+0000] {logging_mixin.py:149} INFO - [2023-06-16T20:42:12.955+0000] {dag.py:3490} INFO - Setting next_dagrun for get_token to None, run_after=None
[2023-06-16T20:42:12.983+0000] {processor.py:179} INFO - Processing /opt/airflow/dags/get_token.py took 0.132 seconds
[2023-06-16T20:42:33.958+0000] {processor.py:157} INFO - Started process (PID=236) to work on /opt/airflow/dags/get_token.py
[2023-06-16T20:42:33.959+0000] {processor.py:826} INFO - Processing file /opt/airflow/dags/get_token.py for tasks to queue
[2023-06-16T20:42:33.959+0000] {logging_mixin.py:149} INFO - [2023-06-16T20:42:33.959+0000] {dagbag.py:541} INFO - Filling up the DagBag from /opt/airflow/dags/get_token.py
[2023-06-16T20:42:33.966+0000] {processor.py:836} INFO - DAG(s) dict_keys(['get_token']) retrieved from /opt/airflow/dags/get_token.py
[2023-06-16T20:42:34.033+0000] {logging_mixin.py:149} INFO - [2023-06-16T20:42:34.032+0000] {dag.py:2726} INFO - Sync 1 DAGs
[2023-06-16T20:42:34.067+0000] {logging_mixin.py:149} INFO - [2023-06-16T20:42:34.067+0000] {dag.py:3490} INFO - Setting next_dagrun for get_token to 2023-06-16T00:00:00+00:00, run_after=2023-06-16T01:30:00+00:00
[2023-06-16T20:42:34.094+0000] {processor.py:179} INFO - Processing /opt/airflow/dags/get_token.py took 0.139 seconds
[2023-06-16T20:43:04.302+0000] {processor.py:157} INFO - Started process (PID=273) to work on /opt/airflow/dags/get_token.py
[2023-06-16T20:43:04.308+0000] {processor.py:826} INFO - Processing file /opt/airflow/dags/get_token.py for tasks to queue
[2023-06-16T20:43:04.309+0000] {logging_mixin.py:149} INFO - [2023-06-16T20:43:04.309+0000] {dagbag.py:541} INFO - Filling up the DagBag from /opt/airflow/dags/get_token.py
[2023-06-16T20:43:04.320+0000] {processor.py:836} INFO - DAG(s) dict_keys(['get_token']) retrieved from /opt/airflow/dags/get_token.py
[2023-06-16T20:43:04.348+0000] {logging_mixin.py:149} INFO - [2023-06-16T20:43:04.347+0000] {dag.py:2726} INFO - Sync 1 DAGs
[2023-06-16T20:43:04.377+0000] {logging_mixin.py:149} INFO - [2023-06-16T20:43:04.377+0000] {dag.py:3490} INFO - Setting next_dagrun for get_token to 2023-06-16T19:30:00+00:00, run_after=2023-06-16T21:00:00+00:00
[2023-06-16T20:43:04.394+0000] {processor.py:179} INFO - Processing /opt/airflow/dags/get_token.py took 0.100 seconds
[2023-06-16T20:43:34.546+0000] {processor.py:157} INFO - Started process (PID=281) to work on /opt/airflow/dags/get_token.py
[2023-06-16T20:43:34.548+0000] {processor.py:826} INFO - Processing file /opt/airflow/dags/get_token.py for tasks to queue
[2023-06-16T20:43:34.549+0000] {logging_mixin.py:149} INFO - [2023-06-16T20:43:34.549+0000] {dagbag.py:541} INFO - Filling up the DagBag from /opt/airflow/dags/get_token.py
[2023-06-16T20:43:34.564+0000] {processor.py:836} INFO - DAG(s) dict_keys(['get_token']) retrieved from /opt/airflow/dags/get_token.py
[2023-06-16T20:43:34.594+0000] {logging_mixin.py:149} INFO - [2023-06-16T20:43:34.594+0000] {dag.py:2726} INFO - Sync 1 DAGs
[2023-06-16T20:43:34.620+0000] {logging_mixin.py:149} INFO - [2023-06-16T20:43:34.620+0000] {dag.py:3490} INFO - Setting next_dagrun for get_token to 2023-06-16T19:30:00+00:00, run_after=2023-06-16T21:00:00+00:00
[2023-06-16T20:43:34.640+0000] {processor.py:179} INFO - Processing /opt/airflow/dags/get_token.py took 0.101 seconds
[2023-06-16T20:44:04.766+0000] {processor.py:157} INFO - Started process (PID=289) to work on /opt/airflow/dags/get_token.py
[2023-06-16T20:44:04.767+0000] {processor.py:826} INFO - Processing file /opt/airflow/dags/get_token.py for tasks to queue
[2023-06-16T20:44:04.767+0000] {logging_mixin.py:149} INFO - [2023-06-16T20:44:04.767+0000] {dagbag.py:541} INFO - Filling up the DagBag from /opt/airflow/dags/get_token.py
[2023-06-16T20:44:04.776+0000] {processor.py:836} INFO - DAG(s) dict_keys(['get_token']) retrieved from /opt/airflow/dags/get_token.py
[2023-06-16T20:44:04.812+0000] {logging_mixin.py:149} INFO - [2023-06-16T20:44:04.812+0000] {dag.py:2726} INFO - Sync 1 DAGs
[2023-06-16T20:44:04.845+0000] {logging_mixin.py:149} INFO - [2023-06-16T20:44:04.845+0000] {dag.py:3490} INFO - Setting next_dagrun for get_token to 2023-06-16T19:30:00+00:00, run_after=2023-06-16T21:00:00+00:00
[2023-06-16T20:44:04.866+0000] {processor.py:179} INFO - Processing /opt/airflow/dags/get_token.py took 0.104 seconds
[2023-06-16T20:44:34.984+0000] {processor.py:157} INFO - Started process (PID=297) to work on /opt/airflow/dags/get_token.py
[2023-06-16T20:44:34.985+0000] {processor.py:826} INFO - Processing file /opt/airflow/dags/get_token.py for tasks to queue
[2023-06-16T20:44:34.987+0000] {logging_mixin.py:149} INFO - [2023-06-16T20:44:34.986+0000] {dagbag.py:541} INFO - Filling up the DagBag from /opt/airflow/dags/get_token.py
[2023-06-16T20:44:34.998+0000] {processor.py:836} INFO - DAG(s) dict_keys(['get_token']) retrieved from /opt/airflow/dags/get_token.py
[2023-06-16T20:44:35.023+0000] {logging_mixin.py:149} INFO - [2023-06-16T20:44:35.023+0000] {dag.py:2726} INFO - Sync 1 DAGs
[2023-06-16T20:44:35.046+0000] {logging_mixin.py:149} INFO - [2023-06-16T20:44:35.046+0000] {dag.py:3490} INFO - Setting next_dagrun for get_token to 2023-06-16T19:30:00+00:00, run_after=2023-06-16T21:00:00+00:00
[2023-06-16T20:44:35.060+0000] {processor.py:179} INFO - Processing /opt/airflow/dags/get_token.py took 0.087 seconds
[2023-06-16T20:45:05.274+0000] {processor.py:157} INFO - Started process (PID=315) to work on /opt/airflow/dags/get_token.py
[2023-06-16T20:45:05.280+0000] {processor.py:826} INFO - Processing file /opt/airflow/dags/get_token.py for tasks to queue
[2023-06-16T20:45:05.281+0000] {logging_mixin.py:149} INFO - [2023-06-16T20:45:05.281+0000] {dagbag.py:541} INFO - Filling up the DagBag from /opt/airflow/dags/get_token.py
[2023-06-16T20:45:05.294+0000] {processor.py:836} INFO - DAG(s) dict_keys(['get_token']) retrieved from /opt/airflow/dags/get_token.py
[2023-06-16T20:45:05.321+0000] {logging_mixin.py:149} INFO - [2023-06-16T20:45:05.321+0000] {dag.py:2726} INFO - Sync 1 DAGs
[2023-06-16T20:45:05.348+0000] {logging_mixin.py:149} INFO - [2023-06-16T20:45:05.348+0000] {dag.py:3490} INFO - Setting next_dagrun for get_token to 2023-06-16T19:30:00+00:00, run_after=2023-06-16T21:00:00+00:00
[2023-06-16T20:45:05.365+0000] {processor.py:179} INFO - Processing /opt/airflow/dags/get_token.py took 0.098 seconds
[2023-06-16T20:45:35.604+0000] {processor.py:157} INFO - Started process (PID=325) to work on /opt/airflow/dags/get_token.py
[2023-06-16T20:45:35.610+0000] {processor.py:826} INFO - Processing file /opt/airflow/dags/get_token.py for tasks to queue
[2023-06-16T20:45:35.612+0000] {logging_mixin.py:149} INFO - [2023-06-16T20:45:35.611+0000] {dagbag.py:541} INFO - Filling up the DagBag from /opt/airflow/dags/get_token.py
[2023-06-16T20:45:35.623+0000] {processor.py:836} INFO - DAG(s) dict_keys(['get_token']) retrieved from /opt/airflow/dags/get_token.py
[2023-06-16T20:45:35.649+0000] {logging_mixin.py:149} INFO - [2023-06-16T20:45:35.649+0000] {dag.py:2726} INFO - Sync 1 DAGs
[2023-06-16T20:45:35.672+0000] {logging_mixin.py:149} INFO - [2023-06-16T20:45:35.672+0000] {dag.py:3490} INFO - Setting next_dagrun for get_token to 2023-06-16T19:30:00+00:00, run_after=2023-06-16T21:00:00+00:00
[2023-06-16T20:45:35.686+0000] {processor.py:179} INFO - Processing /opt/airflow/dags/get_token.py took 0.094 seconds
[2023-06-16T20:46:05.861+0000] {processor.py:157} INFO - Started process (PID=335) to work on /opt/airflow/dags/get_token.py
[2023-06-16T20:46:05.862+0000] {processor.py:826} INFO - Processing file /opt/airflow/dags/get_token.py for tasks to queue
[2023-06-16T20:46:05.864+0000] {logging_mixin.py:149} INFO - [2023-06-16T20:46:05.863+0000] {dagbag.py:541} INFO - Filling up the DagBag from /opt/airflow/dags/get_token.py
[2023-06-16T20:46:05.876+0000] {processor.py:836} INFO - DAG(s) dict_keys(['get_token']) retrieved from /opt/airflow/dags/get_token.py
[2023-06-16T20:46:05.914+0000] {logging_mixin.py:149} INFO - [2023-06-16T20:46:05.914+0000] {dag.py:2726} INFO - Sync 1 DAGs
[2023-06-16T20:46:05.947+0000] {logging_mixin.py:149} INFO - [2023-06-16T20:46:05.947+0000] {dag.py:3490} INFO - Setting next_dagrun for get_token to 2023-06-16T19:30:00+00:00, run_after=2023-06-16T21:00:00+00:00
[2023-06-16T20:46:05.971+0000] {processor.py:179} INFO - Processing /opt/airflow/dags/get_token.py took 0.116 seconds
[2023-06-16T20:46:36.072+0000] {processor.py:157} INFO - Started process (PID=344) to work on /opt/airflow/dags/get_token.py
[2023-06-16T20:46:36.073+0000] {processor.py:826} INFO - Processing file /opt/airflow/dags/get_token.py for tasks to queue
[2023-06-16T20:46:36.074+0000] {logging_mixin.py:149} INFO - [2023-06-16T20:46:36.074+0000] {dagbag.py:541} INFO - Filling up the DagBag from /opt/airflow/dags/get_token.py
[2023-06-16T20:46:36.084+0000] {processor.py:836} INFO - DAG(s) dict_keys(['get_token']) retrieved from /opt/airflow/dags/get_token.py
[2023-06-16T20:46:36.114+0000] {logging_mixin.py:149} INFO - [2023-06-16T20:46:36.114+0000] {dag.py:2726} INFO - Sync 1 DAGs
[2023-06-16T20:46:36.141+0000] {logging_mixin.py:149} INFO - [2023-06-16T20:46:36.141+0000] {dag.py:3490} INFO - Setting next_dagrun for get_token to 2023-06-16T19:30:00+00:00, run_after=2023-06-16T21:00:00+00:00
[2023-06-16T20:46:36.162+0000] {processor.py:179} INFO - Processing /opt/airflow/dags/get_token.py took 0.094 seconds
[2023-06-16T20:47:06.362+0000] {processor.py:157} INFO - Started process (PID=354) to work on /opt/airflow/dags/get_token.py
[2023-06-16T20:47:06.364+0000] {processor.py:826} INFO - Processing file /opt/airflow/dags/get_token.py for tasks to queue
[2023-06-16T20:47:06.364+0000] {logging_mixin.py:149} INFO - [2023-06-16T20:47:06.364+0000] {dagbag.py:541} INFO - Filling up the DagBag from /opt/airflow/dags/get_token.py
[2023-06-16T20:47:06.377+0000] {processor.py:836} INFO - DAG(s) dict_keys(['get_token']) retrieved from /opt/airflow/dags/get_token.py
[2023-06-16T20:47:06.418+0000] {logging_mixin.py:149} INFO - [2023-06-16T20:47:06.417+0000] {dag.py:2726} INFO - Sync 1 DAGs
[2023-06-16T20:47:06.450+0000] {logging_mixin.py:149} INFO - [2023-06-16T20:47:06.450+0000] {dag.py:3490} INFO - Setting next_dagrun for get_token to 2023-06-16T19:30:00+00:00, run_after=2023-06-16T21:00:00+00:00
[2023-06-16T20:47:06.473+0000] {processor.py:179} INFO - Processing /opt/airflow/dags/get_token.py took 0.115 seconds
[2023-06-16T20:47:36.623+0000] {processor.py:157} INFO - Started process (PID=363) to work on /opt/airflow/dags/get_token.py
[2023-06-16T20:47:36.624+0000] {processor.py:826} INFO - Processing file /opt/airflow/dags/get_token.py for tasks to queue
[2023-06-16T20:47:36.626+0000] {logging_mixin.py:149} INFO - [2023-06-16T20:47:36.625+0000] {dagbag.py:541} INFO - Filling up the DagBag from /opt/airflow/dags/get_token.py
[2023-06-16T20:47:36.636+0000] {processor.py:836} INFO - DAG(s) dict_keys(['get_token']) retrieved from /opt/airflow/dags/get_token.py
[2023-06-16T20:47:36.665+0000] {logging_mixin.py:149} INFO - [2023-06-16T20:47:36.665+0000] {dag.py:2726} INFO - Sync 1 DAGs
[2023-06-16T20:47:36.686+0000] {logging_mixin.py:149} INFO - [2023-06-16T20:47:36.686+0000] {dag.py:3490} INFO - Setting next_dagrun for get_token to 2023-06-16T19:30:00+00:00, run_after=2023-06-16T21:00:00+00:00
[2023-06-16T20:47:36.701+0000] {processor.py:179} INFO - Processing /opt/airflow/dags/get_token.py took 0.086 seconds
[2023-06-16T20:48:06.847+0000] {processor.py:157} INFO - Started process (PID=373) to work on /opt/airflow/dags/get_token.py
[2023-06-16T20:48:06.848+0000] {processor.py:826} INFO - Processing file /opt/airflow/dags/get_token.py for tasks to queue
[2023-06-16T20:48:06.848+0000] {logging_mixin.py:149} INFO - [2023-06-16T20:48:06.848+0000] {dagbag.py:541} INFO - Filling up the DagBag from /opt/airflow/dags/get_token.py
[2023-06-16T20:48:06.856+0000] {processor.py:836} INFO - DAG(s) dict_keys(['get_token']) retrieved from /opt/airflow/dags/get_token.py
[2023-06-16T20:48:06.883+0000] {logging_mixin.py:149} INFO - [2023-06-16T20:48:06.883+0000] {dag.py:2726} INFO - Sync 1 DAGs
[2023-06-16T20:48:06.905+0000] {logging_mixin.py:149} INFO - [2023-06-16T20:48:06.905+0000] {dag.py:3490} INFO - Setting next_dagrun for get_token to 2023-06-16T19:30:00+00:00, run_after=2023-06-16T21:00:00+00:00
[2023-06-16T20:48:06.919+0000] {processor.py:179} INFO - Processing /opt/airflow/dags/get_token.py took 0.076 seconds
[2023-06-16T20:48:37.120+0000] {processor.py:157} INFO - Started process (PID=382) to work on /opt/airflow/dags/get_token.py
[2023-06-16T20:48:37.122+0000] {processor.py:826} INFO - Processing file /opt/airflow/dags/get_token.py for tasks to queue
[2023-06-16T20:48:37.123+0000] {logging_mixin.py:149} INFO - [2023-06-16T20:48:37.123+0000] {dagbag.py:541} INFO - Filling up the DagBag from /opt/airflow/dags/get_token.py
[2023-06-16T20:48:37.134+0000] {processor.py:836} INFO - DAG(s) dict_keys(['get_token']) retrieved from /opt/airflow/dags/get_token.py
[2023-06-16T20:48:37.160+0000] {logging_mixin.py:149} INFO - [2023-06-16T20:48:37.160+0000] {dag.py:2726} INFO - Sync 1 DAGs
[2023-06-16T20:48:37.185+0000] {logging_mixin.py:149} INFO - [2023-06-16T20:48:37.185+0000] {dag.py:3490} INFO - Setting next_dagrun for get_token to 2023-06-16T19:30:00+00:00, run_after=2023-06-16T21:00:00+00:00
[2023-06-16T20:48:37.201+0000] {processor.py:179} INFO - Processing /opt/airflow/dags/get_token.py took 0.087 seconds
[2023-06-16T20:49:07.391+0000] {processor.py:157} INFO - Started process (PID=392) to work on /opt/airflow/dags/get_token.py
[2023-06-16T20:49:07.392+0000] {processor.py:826} INFO - Processing file /opt/airflow/dags/get_token.py for tasks to queue
[2023-06-16T20:49:07.393+0000] {logging_mixin.py:149} INFO - [2023-06-16T20:49:07.393+0000] {dagbag.py:541} INFO - Filling up the DagBag from /opt/airflow/dags/get_token.py
[2023-06-16T20:49:07.403+0000] {processor.py:836} INFO - DAG(s) dict_keys(['get_token']) retrieved from /opt/airflow/dags/get_token.py
[2023-06-16T20:49:07.428+0000] {logging_mixin.py:149} INFO - [2023-06-16T20:49:07.428+0000] {dag.py:2726} INFO - Sync 1 DAGs
[2023-06-16T20:49:07.449+0000] {logging_mixin.py:149} INFO - [2023-06-16T20:49:07.449+0000] {dag.py:3490} INFO - Setting next_dagrun for get_token to 2023-06-16T19:30:00+00:00, run_after=2023-06-16T21:00:00+00:00
[2023-06-16T20:49:07.466+0000] {processor.py:179} INFO - Processing /opt/airflow/dags/get_token.py took 0.080 seconds
[2023-06-16T20:49:37.625+0000] {processor.py:157} INFO - Started process (PID=403) to work on /opt/airflow/dags/get_token.py
[2023-06-16T20:49:37.631+0000] {processor.py:826} INFO - Processing file /opt/airflow/dags/get_token.py for tasks to queue
[2023-06-16T20:49:37.632+0000] {logging_mixin.py:149} INFO - [2023-06-16T20:49:37.632+0000] {dagbag.py:541} INFO - Filling up the DagBag from /opt/airflow/dags/get_token.py
[2023-06-16T20:49:37.643+0000] {processor.py:836} INFO - DAG(s) dict_keys(['get_token']) retrieved from /opt/airflow/dags/get_token.py
[2023-06-16T20:49:37.670+0000] {logging_mixin.py:149} INFO - [2023-06-16T20:49:37.670+0000] {dag.py:2726} INFO - Sync 1 DAGs
[2023-06-16T20:49:37.693+0000] {logging_mixin.py:149} INFO - [2023-06-16T20:49:37.693+0000] {dag.py:3490} INFO - Setting next_dagrun for get_token to 2023-06-16T19:30:00+00:00, run_after=2023-06-16T21:00:00+00:00
[2023-06-16T20:49:37.707+0000] {processor.py:179} INFO - Processing /opt/airflow/dags/get_token.py took 0.092 seconds
[2023-06-16T20:50:07.957+0000] {processor.py:157} INFO - Started process (PID=414) to work on /opt/airflow/dags/get_token.py
[2023-06-16T20:50:07.958+0000] {processor.py:826} INFO - Processing file /opt/airflow/dags/get_token.py for tasks to queue
[2023-06-16T20:50:07.959+0000] {logging_mixin.py:149} INFO - [2023-06-16T20:50:07.959+0000] {dagbag.py:541} INFO - Filling up the DagBag from /opt/airflow/dags/get_token.py
[2023-06-16T20:50:07.969+0000] {processor.py:836} INFO - DAG(s) dict_keys(['get_token']) retrieved from /opt/airflow/dags/get_token.py
[2023-06-16T20:50:07.995+0000] {logging_mixin.py:149} INFO - [2023-06-16T20:50:07.995+0000] {dag.py:2726} INFO - Sync 1 DAGs
[2023-06-16T20:50:08.032+0000] {logging_mixin.py:149} INFO - [2023-06-16T20:50:08.032+0000] {dag.py:3490} INFO - Setting next_dagrun for get_token to 2023-06-16T19:30:00+00:00, run_after=2023-06-16T21:00:00+00:00
[2023-06-16T20:50:08.063+0000] {processor.py:179} INFO - Processing /opt/airflow/dags/get_token.py took 0.112 seconds
[2023-06-16T20:50:38.286+0000] {processor.py:157} INFO - Started process (PID=434) to work on /opt/airflow/dags/get_token.py
[2023-06-16T20:50:38.287+0000] {processor.py:826} INFO - Processing file /opt/airflow/dags/get_token.py for tasks to queue
[2023-06-16T20:50:38.288+0000] {logging_mixin.py:149} INFO - [2023-06-16T20:50:38.288+0000] {dagbag.py:541} INFO - Filling up the DagBag from /opt/airflow/dags/get_token.py
[2023-06-16T20:50:38.295+0000] {processor.py:836} INFO - DAG(s) dict_keys(['get_token']) retrieved from /opt/airflow/dags/get_token.py
[2023-06-16T20:50:38.324+0000] {logging_mixin.py:149} INFO - [2023-06-16T20:50:38.324+0000] {dag.py:2726} INFO - Sync 1 DAGs
[2023-06-16T20:50:38.352+0000] {logging_mixin.py:149} INFO - [2023-06-16T20:50:38.352+0000] {dag.py:3490} INFO - Setting next_dagrun for get_token to 2023-06-16T19:30:00+00:00, run_after=2023-06-16T21:00:00+00:00
[2023-06-16T20:50:38.369+0000] {processor.py:179} INFO - Processing /opt/airflow/dags/get_token.py took 0.086 seconds
[2023-06-16T20:51:08.489+0000] {processor.py:157} INFO - Started process (PID=443) to work on /opt/airflow/dags/get_token.py
[2023-06-16T20:51:08.490+0000] {processor.py:826} INFO - Processing file /opt/airflow/dags/get_token.py for tasks to queue
[2023-06-16T20:51:08.491+0000] {logging_mixin.py:149} INFO - [2023-06-16T20:51:08.491+0000] {dagbag.py:541} INFO - Filling up the DagBag from /opt/airflow/dags/get_token.py
[2023-06-16T20:51:08.500+0000] {processor.py:836} INFO - DAG(s) dict_keys(['get_token']) retrieved from /opt/airflow/dags/get_token.py
[2023-06-16T20:51:08.564+0000] {logging_mixin.py:149} INFO - [2023-06-16T20:51:08.563+0000] {dag.py:2726} INFO - Sync 1 DAGs
[2023-06-16T20:51:08.630+0000] {logging_mixin.py:149} INFO - [2023-06-16T20:51:08.630+0000] {dag.py:3490} INFO - Setting next_dagrun for get_token to 2023-06-16T19:30:00+00:00, run_after=2023-06-16T21:00:00+00:00
[2023-06-16T20:51:08.655+0000] {processor.py:179} INFO - Processing /opt/airflow/dags/get_token.py took 0.171 seconds
[2023-06-16T20:51:38.926+0000] {processor.py:157} INFO - Started process (PID=460) to work on /opt/airflow/dags/get_token.py
[2023-06-16T20:51:38.929+0000] {processor.py:826} INFO - Processing file /opt/airflow/dags/get_token.py for tasks to queue
[2023-06-16T20:51:38.933+0000] {logging_mixin.py:149} INFO - [2023-06-16T20:51:38.932+0000] {dagbag.py:541} INFO - Filling up the DagBag from /opt/airflow/dags/get_token.py
[2023-06-16T20:51:38.953+0000] {processor.py:836} INFO - DAG(s) dict_keys(['get_token']) retrieved from /opt/airflow/dags/get_token.py
[2023-06-16T20:51:39.003+0000] {logging_mixin.py:149} INFO - [2023-06-16T20:51:39.003+0000] {dag.py:2726} INFO - Sync 1 DAGs
[2023-06-16T20:51:39.039+0000] {logging_mixin.py:149} INFO - [2023-06-16T20:51:39.039+0000] {dag.py:3490} INFO - Setting next_dagrun for get_token to 2023-06-16T19:30:00+00:00, run_after=2023-06-16T21:00:00+00:00
[2023-06-16T20:51:39.057+0000] {processor.py:179} INFO - Processing /opt/airflow/dags/get_token.py took 0.148 seconds
[2023-06-16T20:52:09.211+0000] {processor.py:157} INFO - Started process (PID=478) to work on /opt/airflow/dags/get_token.py
[2023-06-16T20:52:09.211+0000] {processor.py:826} INFO - Processing file /opt/airflow/dags/get_token.py for tasks to queue
[2023-06-16T20:52:09.212+0000] {logging_mixin.py:149} INFO - [2023-06-16T20:52:09.212+0000] {dagbag.py:541} INFO - Filling up the DagBag from /opt/airflow/dags/get_token.py
[2023-06-16T20:52:09.219+0000] {processor.py:836} INFO - DAG(s) dict_keys(['get_token']) retrieved from /opt/airflow/dags/get_token.py
[2023-06-16T20:52:09.245+0000] {logging_mixin.py:149} INFO - [2023-06-16T20:52:09.245+0000] {dag.py:2726} INFO - Sync 1 DAGs
[2023-06-16T20:52:09.271+0000] {logging_mixin.py:149} INFO - [2023-06-16T20:52:09.271+0000] {dag.py:3490} INFO - Setting next_dagrun for get_token to 2023-06-16T19:30:00+00:00, run_after=2023-06-16T21:00:00+00:00
[2023-06-16T20:52:09.288+0000] {processor.py:179} INFO - Processing /opt/airflow/dags/get_token.py took 0.080 seconds
[2023-06-16T20:52:39.468+0000] {processor.py:157} INFO - Started process (PID=497) to work on /opt/airflow/dags/get_token.py
[2023-06-16T20:52:39.469+0000] {processor.py:826} INFO - Processing file /opt/airflow/dags/get_token.py for tasks to queue
[2023-06-16T20:52:39.470+0000] {logging_mixin.py:149} INFO - [2023-06-16T20:52:39.469+0000] {dagbag.py:541} INFO - Filling up the DagBag from /opt/airflow/dags/get_token.py
[2023-06-16T20:52:39.477+0000] {processor.py:836} INFO - DAG(s) dict_keys(['get_token']) retrieved from /opt/airflow/dags/get_token.py
[2023-06-16T20:52:39.505+0000] {logging_mixin.py:149} INFO - [2023-06-16T20:52:39.505+0000] {dag.py:2726} INFO - Sync 1 DAGs
[2023-06-16T20:52:39.530+0000] {logging_mixin.py:149} INFO - [2023-06-16T20:52:39.529+0000] {dag.py:3490} INFO - Setting next_dagrun for get_token to 2023-06-16T19:30:00+00:00, run_after=2023-06-16T21:00:00+00:00
[2023-06-16T20:52:39.549+0000] {processor.py:179} INFO - Processing /opt/airflow/dags/get_token.py took 0.086 seconds
[2023-06-16T20:53:09.794+0000] {processor.py:157} INFO - Started process (PID=514) to work on /opt/airflow/dags/get_token.py
[2023-06-16T20:53:09.802+0000] {processor.py:826} INFO - Processing file /opt/airflow/dags/get_token.py for tasks to queue
[2023-06-16T20:53:09.804+0000] {logging_mixin.py:149} INFO - [2023-06-16T20:53:09.803+0000] {dagbag.py:541} INFO - Filling up the DagBag from /opt/airflow/dags/get_token.py
[2023-06-16T20:53:09.818+0000] {processor.py:836} INFO - DAG(s) dict_keys(['get_token']) retrieved from /opt/airflow/dags/get_token.py
[2023-06-16T20:53:09.847+0000] {logging_mixin.py:149} INFO - [2023-06-16T20:53:09.847+0000] {dag.py:2726} INFO - Sync 1 DAGs
[2023-06-16T20:53:09.870+0000] {logging_mixin.py:149} INFO - [2023-06-16T20:53:09.869+0000] {dag.py:3490} INFO - Setting next_dagrun for get_token to 2023-06-16T19:30:00+00:00, run_after=2023-06-16T21:00:00+00:00
[2023-06-16T20:53:09.885+0000] {processor.py:179} INFO - Processing /opt/airflow/dags/get_token.py took 0.103 seconds
[2023-06-16T20:53:40.081+0000] {processor.py:157} INFO - Started process (PID=532) to work on /opt/airflow/dags/get_token.py
[2023-06-16T20:53:40.087+0000] {processor.py:826} INFO - Processing file /opt/airflow/dags/get_token.py for tasks to queue
[2023-06-16T20:53:40.088+0000] {logging_mixin.py:149} INFO - [2023-06-16T20:53:40.088+0000] {dagbag.py:541} INFO - Filling up the DagBag from /opt/airflow/dags/get_token.py
[2023-06-16T20:53:40.102+0000] {processor.py:836} INFO - DAG(s) dict_keys(['get_token']) retrieved from /opt/airflow/dags/get_token.py
[2023-06-16T20:53:40.132+0000] {logging_mixin.py:149} INFO - [2023-06-16T20:53:40.132+0000] {dag.py:2726} INFO - Sync 1 DAGs
[2023-06-16T20:53:40.162+0000] {logging_mixin.py:149} INFO - [2023-06-16T20:53:40.162+0000] {dag.py:3490} INFO - Setting next_dagrun for get_token to 2023-06-16T19:30:00+00:00, run_after=2023-06-16T21:00:00+00:00
[2023-06-16T20:53:40.179+0000] {processor.py:179} INFO - Processing /opt/airflow/dags/get_token.py took 0.102 seconds
[2023-06-16T20:54:10.404+0000] {processor.py:157} INFO - Started process (PID=553) to work on /opt/airflow/dags/get_token.py
[2023-06-16T20:54:10.405+0000] {processor.py:826} INFO - Processing file /opt/airflow/dags/get_token.py for tasks to queue
[2023-06-16T20:54:10.407+0000] {logging_mixin.py:149} INFO - [2023-06-16T20:54:10.406+0000] {dagbag.py:541} INFO - Filling up the DagBag from /opt/airflow/dags/get_token.py
[2023-06-16T20:54:10.419+0000] {processor.py:836} INFO - DAG(s) dict_keys(['get_token']) retrieved from /opt/airflow/dags/get_token.py
[2023-06-16T20:54:10.447+0000] {logging_mixin.py:149} INFO - [2023-06-16T20:54:10.447+0000] {dag.py:2726} INFO - Sync 1 DAGs
[2023-06-16T20:54:10.472+0000] {logging_mixin.py:149} INFO - [2023-06-16T20:54:10.472+0000] {dag.py:3490} INFO - Setting next_dagrun for get_token to 2023-06-16T19:30:00+00:00, run_after=2023-06-16T21:00:00+00:00
[2023-06-16T20:54:10.489+0000] {processor.py:179} INFO - Processing /opt/airflow/dags/get_token.py took 0.091 seconds
[2023-06-16T20:54:40.688+0000] {processor.py:157} INFO - Started process (PID=570) to work on /opt/airflow/dags/get_token.py
[2023-06-16T20:54:40.689+0000] {processor.py:826} INFO - Processing file /opt/airflow/dags/get_token.py for tasks to queue
[2023-06-16T20:54:40.689+0000] {logging_mixin.py:149} INFO - [2023-06-16T20:54:40.689+0000] {dagbag.py:541} INFO - Filling up the DagBag from /opt/airflow/dags/get_token.py
[2023-06-16T20:54:40.697+0000] {processor.py:836} INFO - DAG(s) dict_keys(['get_token']) retrieved from /opt/airflow/dags/get_token.py
[2023-06-16T20:54:40.741+0000] {logging_mixin.py:149} INFO - [2023-06-16T20:54:40.741+0000] {dag.py:2726} INFO - Sync 1 DAGs
[2023-06-16T20:54:40.771+0000] {logging_mixin.py:149} INFO - [2023-06-16T20:54:40.771+0000] {dag.py:3490} INFO - Setting next_dagrun for get_token to 2023-06-16T19:30:00+00:00, run_after=2023-06-16T21:00:00+00:00
[2023-06-16T20:54:40.791+0000] {processor.py:179} INFO - Processing /opt/airflow/dags/get_token.py took 0.106 seconds
[2023-06-16T20:55:10.957+0000] {processor.py:157} INFO - Started process (PID=587) to work on /opt/airflow/dags/get_token.py
[2023-06-16T20:55:10.958+0000] {processor.py:826} INFO - Processing file /opt/airflow/dags/get_token.py for tasks to queue
[2023-06-16T20:55:10.959+0000] {logging_mixin.py:149} INFO - [2023-06-16T20:55:10.959+0000] {dagbag.py:541} INFO - Filling up the DagBag from /opt/airflow/dags/get_token.py
[2023-06-16T20:55:10.968+0000] {processor.py:836} INFO - DAG(s) dict_keys(['get_token']) retrieved from /opt/airflow/dags/get_token.py
[2023-06-16T20:55:10.995+0000] {logging_mixin.py:149} INFO - [2023-06-16T20:55:10.995+0000] {dag.py:2726} INFO - Sync 1 DAGs
[2023-06-16T20:55:11.025+0000] {logging_mixin.py:149} INFO - [2023-06-16T20:55:11.025+0000] {dag.py:3490} INFO - Setting next_dagrun for get_token to 2023-06-16T19:30:00+00:00, run_after=2023-06-16T21:00:00+00:00
[2023-06-16T20:55:11.041+0000] {processor.py:179} INFO - Processing /opt/airflow/dags/get_token.py took 0.088 seconds
[2023-06-16T20:55:41.231+0000] {processor.py:157} INFO - Started process (PID=603) to work on /opt/airflow/dags/get_token.py
[2023-06-16T20:55:41.232+0000] {processor.py:826} INFO - Processing file /opt/airflow/dags/get_token.py for tasks to queue
[2023-06-16T20:55:41.233+0000] {logging_mixin.py:149} INFO - [2023-06-16T20:55:41.233+0000] {dagbag.py:541} INFO - Filling up the DagBag from /opt/airflow/dags/get_token.py
[2023-06-16T20:55:41.241+0000] {processor.py:836} INFO - DAG(s) dict_keys(['get_token']) retrieved from /opt/airflow/dags/get_token.py
[2023-06-16T20:55:41.269+0000] {logging_mixin.py:149} INFO - [2023-06-16T20:55:41.268+0000] {dag.py:2726} INFO - Sync 1 DAGs
[2023-06-16T20:55:41.292+0000] {logging_mixin.py:149} INFO - [2023-06-16T20:55:41.292+0000] {dag.py:3490} INFO - Setting next_dagrun for get_token to 2023-06-16T19:30:00+00:00, run_after=2023-06-16T21:00:00+00:00
[2023-06-16T20:55:41.306+0000] {processor.py:179} INFO - Processing /opt/airflow/dags/get_token.py took 0.079 seconds
[2023-06-16T20:56:11.519+0000] {processor.py:157} INFO - Started process (PID=623) to work on /opt/airflow/dags/get_token.py
[2023-06-16T20:56:11.525+0000] {processor.py:826} INFO - Processing file /opt/airflow/dags/get_token.py for tasks to queue
[2023-06-16T20:56:11.527+0000] {logging_mixin.py:149} INFO - [2023-06-16T20:56:11.527+0000] {dagbag.py:541} INFO - Filling up the DagBag from /opt/airflow/dags/get_token.py
[2023-06-16T20:56:11.542+0000] {processor.py:836} INFO - DAG(s) dict_keys(['get_token']) retrieved from /opt/airflow/dags/get_token.py
[2023-06-16T20:56:11.571+0000] {logging_mixin.py:149} INFO - [2023-06-16T20:56:11.571+0000] {dag.py:2726} INFO - Sync 1 DAGs
[2023-06-16T20:56:11.595+0000] {logging_mixin.py:149} INFO - [2023-06-16T20:56:11.595+0000] {dag.py:3490} INFO - Setting next_dagrun for get_token to 2023-06-16T19:30:00+00:00, run_after=2023-06-16T21:00:00+00:00
[2023-06-16T20:56:11.613+0000] {processor.py:179} INFO - Processing /opt/airflow/dags/get_token.py took 0.103 seconds
[2023-06-16T20:56:41.846+0000] {processor.py:157} INFO - Started process (PID=641) to work on /opt/airflow/dags/get_token.py
[2023-06-16T20:56:41.847+0000] {processor.py:826} INFO - Processing file /opt/airflow/dags/get_token.py for tasks to queue
[2023-06-16T20:56:41.849+0000] {logging_mixin.py:149} INFO - [2023-06-16T20:56:41.848+0000] {dagbag.py:541} INFO - Filling up the DagBag from /opt/airflow/dags/get_token.py
[2023-06-16T20:56:41.861+0000] {processor.py:836} INFO - DAG(s) dict_keys(['get_token']) retrieved from /opt/airflow/dags/get_token.py
[2023-06-16T20:56:41.892+0000] {logging_mixin.py:149} INFO - [2023-06-16T20:56:41.892+0000] {dag.py:2726} INFO - Sync 1 DAGs
[2023-06-16T20:56:41.916+0000] {logging_mixin.py:149} INFO - [2023-06-16T20:56:41.916+0000] {dag.py:3490} INFO - Setting next_dagrun for get_token to 2023-06-16T19:30:00+00:00, run_after=2023-06-16T21:00:00+00:00
[2023-06-16T20:56:41.931+0000] {processor.py:179} INFO - Processing /opt/airflow/dags/get_token.py took 0.094 seconds
